#checksum 0x191d
ffff880168bb6500 1641564360 S Ci:5:005:0 s 80 06 b600 0001 0008 8 <
ffff880168bb6500 1641565668 C Ci:5:005:0 0 8 = 30ffff00 00000102
ffff880168bb6500 1641567347 S Ci:5:005:0 s 80 06 b600 0002 0008 8 <
ffff880168bb6500 1641567663 C Ci:5:005:0 0 8 = 0032a463 1f011000
ffff880168bb6500 1641569346 S Ci:5:005:0 s 80 06 b600 0003 0008 8 <
ffff880168bb6500 1641569663 C Ci:5:005:0 0 8 = 0000991a 00350000
ffff880168bb6500 1641942351 S Ci:5:005:0 s 80 06 b600 0001 0008 8 <
ffff880168bb6500 1641943681 C Ci:5:005:0 0 8 = 30ffff00 00000102
ffff880168bb6500 1641945347 S Ci:5:005:0 s 80 06 b600 0002 0008 8 <
ffff880168bb6500 1641945676 C Ci:5:005:0 0 8 = 0032a463 1f011000
ffff880168bb6500 1641947345 S Ci:5:005:0 s 80 06 b600 0003 0008 8 <
ffff880168bb6500 1641947675 C Ci:5:005:0 0 8 = 0000991a 00350000
ffff880168bb6500 1641949347 S Ci:5:005:0 s 80 06 bf01 0001 0001 1 <
ffff880168bb6500 1641949675 C Ci:5:005:0 0 1 = fb
ffff880168bb6500 1642082355 S Ci:5:005:0 s 80 06 b502 1a00 0001 1 <
ffff880168bb6500 1642108687 C Ci:5:005:0 0 1 = fb
ffff880168bb6500 1642111348 S Ci:5:005:0 s 80 06 b504 1900 0001 1 <
ffff880168bb6500 1642111682 C Ci:5:005:0 0 1 = fb
ffff880168bb6500 1642113345 S Ci:5:005:0 s 80 06 b504 1d01 0001 1 <
ffff880168bb6500 1642113681 C Ci:5:005:0 0 1 = fb
ffff880168bb6500 1642115347 S Ci:5:005:0 s 80 06 b504 ff02 0001 1 <
ffff880168bb6500 1642115681 C Ci:5:005:0 0 1 = fb
ffff880168bb6500 1642117346 S Ci:5:005:0 s 80 06 b504 ff03 0001 1 <
ffff880168bb6500 1642117681 C Ci:5:005:0 0 1 = fb
ffff880168bb6500 1642119346 S Ci:5:005:0 s 80 06 b504 ff04 0001 1 <
ffff880168bb6500 1642119682 C Ci:5:005:0 0 1 = fb
ffff880168bb6500 1642121347 S Ci:5:005:0 s 80 06 b504 ff05 0001 1 <
ffff880168bb6500 1642121681 C Ci:5:005:0 0 1 = fb
ffff880168bb6500 1642123344 S Ci:5:005:0 s 80 06 b504 ff06 0001 1 <
ffff880168bb6500 1642123681 C Ci:5:005:0 0 1 = fb
ffff880168bb6500 1642125347 S Ci:5:005:0 s 80 06 b504 ff07 0001 1 <
ffff880168bb6500 1642125681 C Ci:5:005:0 0 1 = fb
ffff880168bb6500 1642127346 S Ci:5:005:0 s 80 06 b504 0008 0001 1 <
ffff880168bb6500 1642127681 C Ci:5:005:0 0 1 = fb
ffff880168bb6500 1642129346 S Ci:5:005:0 s 80 06 b504 0109 0001 1 <
ffff880168bb6500 1642129682 C Ci:5:005:0 0 1 = fb
ffff880168bb6500 1642131347 S Ci:5:005:0 s 80 06 b504 000a 0001 1 <
ffff880168bb6500 1642131682 C Ci:5:005:0 0 1 = fb
ffff880168bb6500 1642133344 S Ci:5:005:0 s 80 06 b504 000b 0001 1 <
ffff880168bb6500 1642133681 C Ci:5:005:0 0 1 = fb
ffff880168bb6500 1642135346 S Ci:5:005:0 s 80 06 b504 040c 0001 1 <
ffff880168bb6500 1642135682 C Ci:5:005:0 0 1 = fb
ffff880168bb6500 1642137346 S Ci:5:005:0 s 80 06 b504 000d 0001 1 <
ffff880168bb6500 1642137681 C Ci:5:005:0 0 1 = fb
ffff880168bb6500 1642139346 S Ci:5:005:0 s 80 06 b504 020e 0001 1 <
ffff880168bb6500 1642139681 C Ci:5:005:0 0 1 = fb
ffff880168bb6500 1642141346 S Ci:5:005:0 s 80 06 b504 000f 0001 1 <
ffff880168bb6500 1642141682 C Ci:5:005:0 0 1 = fb
ffff880168bb6500 1642143344 S Ci:5:005:0 s 80 06 b504 1710 0001 1 <
ffff880168bb6500 1642143681 C Ci:5:005:0 0 1 = fb
ffff880168bb6500 1642145346 S Ci:5:005:0 s 80 06 b504 0011 0001 1 <
ffff880168bb6500 1642145682 C Ci:5:005:0 0 1 = fb
ffff880168bb6500 1642147346 S Ci:5:005:0 s 80 06 b504 2112 0001 1 <
ffff880168bb6500 1642147682 C Ci:5:005:0 0 1 = fb
ffff880168bb6500 1642149346 S Ci:5:005:0 s 80 06 b504 0013 0001 1 <
ffff880168bb6500 1642149682 C Ci:5:005:0 0 1 = fb
ffff880168bb6500 1642151346 S Ci:5:005:0 s 80 06 b504 4014 0001 1 <
ffff880168bb6500 1642151682 C Ci:5:005:0 0 1 = fb
ffff880168bb6500 1642153344 S Ci:5:005:0 s 80 06 b504 4015 0001 1 <
ffff880168bb6500 1642153682 C Ci:5:005:0 0 1 = fb
ffff880168bb6500 1642155346 S Ci:5:005:0 s 80 06 b504 5016 0001 1 <
ffff880168bb6500 1642155682 C Ci:5:005:0 0 1 = fb
ffff880168bb6500 1642157346 S Ci:5:005:0 s 80 06 b504 0017 0001 1 <
ffff880168bb6500 1642157682 C Ci:5:005:0 0 1 = fb
ffff880168bb6500 1642159346 S Ci:5:005:0 s 80 06 b504 2618 0001 1 <
ffff880168bb6500 1642159682 C Ci:5:005:0 0 1 = fb
ffff880168bb6500 1642161346 S Ci:5:005:0 s 80 06 b504 0019 0001 1 <
ffff880168bb6500 1642161683 C Ci:5:005:0 0 1 = fb
ffff880168bb6500 1642163345 S Ci:5:005:0 s 80 06 b504 301a 0001 1 <
ffff880168bb6500 1642163683 C Ci:5:005:0 0 1 = fb
ffff880168bb6500 1642165346 S Ci:5:005:0 s 80 06 b504 001b 0001 1 <
ffff880168bb6500 1642165683 C Ci:5:005:0 0 1 = fb
ffff880168bb6500 1642167346 S Ci:5:005:0 s 80 06 b504 ff1c 0001 1 <
ffff880168bb6500 1642167683 C Ci:5:005:0 0 1 = fb
ffff880168bb6500 1642169346 S Ci:5:005:0 s 80 06 b504 ff1d 0001 1 <
ffff880168bb6500 1642169683 C Ci:5:005:0 0 1 = fb
ffff880168bb6500 1642171346 S Ci:5:005:0 s 80 06 b504 ff1e 0001 1 <
ffff880168bb6500 1642171683 C Ci:5:005:0 0 1 = fb
ffff88013d3b4480 1642173352 S Ci:5:005:0 s 80 06 b504 ff1f 0001 1 <
ffff88013d3b4480 1642173683 C Ci:5:005:0 0 1 = fb
ffff88013d3b4480 1642175347 S Ci:5:005:0 s 80 06 b504 fe20 0001 1 <
ffff88013d3b4480 1642175683 C Ci:5:005:0 0 1 = fb
ffff88013d3b4480 1642177346 S Ci:5:005:0 s 80 06 b504 2b21 0001 1 <
ffff88013d3b4480 1642177683 C Ci:5:005:0 0 1 = fb
ffff88013d3b4480 1642179346 S Ci:5:005:0 s 80 06 b504 fe22 0001 1 <
ffff88013d3b4480 1642179683 C Ci:5:005:0 0 1 = fb
ffff88013d3b4480 1642181347 S Ci:5:005:0 s 80 06 b504 2b23 0001 1 <
ffff88013d3b4480 1642181683 C Ci:5:005:0 0 1 = fb
ffff88013d3b4480 1642183346 S Ci:5:005:0 s 80 06 b504 fe24 0001 1 <
ffff88013d3b4480 1642183683 C Ci:5:005:0 0 1 = fb
ffff88013d3b4480 1642185346 S Ci:5:005:0 s 80 06 b504 2b25 0001 1 <
ffff88013d3b4480 1642185683 C Ci:5:005:0 0 1 = fb
ffff88013d3b4480 1642187346 S Ci:5:005:0 s 80 06 b504 fe26 0001 1 <
ffff88013d3b4480 1642187683 C Ci:5:005:0 0 1 = fb
ffff88013d3b4480 1642189345 S Ci:5:005:0 s 80 06 b504 2b27 0001 1 <
ffff88013d3b4480 1642189683 C Ci:5:005:0 0 1 = fb
ffff88013d3b4480 1642191346 S Ci:5:005:0 s 80 06 b504 f928 0001 1 <
ffff88013d3b4480 1642191684 C Ci:5:005:0 0 1 = fb
ffff88013d3b4480 1642193347 S Ci:5:005:0 s 80 06 b504 2b29 0001 1 <
ffff88013d3b4480 1642193685 C Ci:5:005:0 0 1 = fb
ffff88013d3b4480 1642195347 S Ci:5:005:0 s 80 06 b504 f82a 0001 1 <
ffff88013d3b4480 1642195684 C Ci:5:005:0 0 1 = fb
ffff88013d3b4480 1642197346 S Ci:5:005:0 s 80 06 b504 2b2b 0001 1 <
ffff88013d3b4480 1642197684 C Ci:5:005:0 0 1 = fb
ffff88013d3b4480 1642199345 S Ci:5:005:0 s 80 06 b504 402c 0001 1 <
ffff88013d3b4480 1642199684 C Ci:5:005:0 0 1 = fb
ffff88013d3b4480 1642201347 S Ci:5:005:0 s 80 06 b504 002d 0001 1 <
ffff88013d3b4480 1642201684 C Ci:5:005:0 0 1 = fb
ffff88013d3b4480 1642203349 S Ci:5:005:0 s 80 06 b504 402e 0001 1 <
ffff88013d3b4480 1642203685 C Ci:5:005:0 0 1 = fb
ffff88013d3b4480 1642205347 S Ci:5:005:0 s 80 06 b504 002f 0001 1 <
ffff88013d3b4480 1642205684 C Ci:5:005:0 0 1 = fb
ffff88013d3b4480 1642207346 S Ci:5:005:0 s 80 06 b504 0030 0001 1 <
ffff88013d3b4480 1642207684 C Ci:5:005:0 0 1 = fb
ffff88013d3b4480 1642209345 S Ci:5:005:0 s 80 06 b504 0031 0001 1 <
ffff88013d3b4480 1642209684 C Ci:5:005:0 0 1 = fb
ffff88013d3b4480 1642211346 S Ci:5:005:0 s 80 06 b504 4032 0001 1 <
ffff88013d3b4480 1642211684 C Ci:5:005:0 0 1 = fb
ffff88013d3b4480 1642213348 S Ci:5:005:0 s 80 06 b504 0033 0001 1 <
ffff88013d3b4480 1642213685 C Ci:5:005:0 0 1 = fb
ffff88013d3b4480 1642215346 S Ci:5:005:0 s 80 06 b504 0034 0001 1 <
ffff88013d3b4480 1642215684 C Ci:5:005:0 0 1 = fb
ffff88013d3b4480 1642217346 S Ci:5:005:0 s 80 06 b504 0035 0001 1 <
ffff88013d3b4480 1642217684 C Ci:5:005:0 0 1 = fb
ffff88013d3b4480 1642219345 S Ci:5:005:0 s 80 06 b504 4036 0001 1 <
ffff88013d3b4480 1642219685 C Ci:5:005:0 0 1 = fb
ffff88013d3b4480 1642221346 S Ci:5:005:0 s 80 06 b504 0037 0001 1 <
ffff88013d3b4480 1642221685 C Ci:5:005:0 0 1 = fb
ffff88019ff416c0 1642223349 S Ci:5:005:0 s 80 06 b504 0038 0001 1 <
ffff88019ff416c0 1642223685 C Ci:5:005:0 0 1 = fb
ffff88019ff416c0 1642225346 S Ci:5:005:0 s 80 06 b504 0039 0001 1 <
ffff88019ff416c0 1642225685 C Ci:5:005:0 0 1 = fb
ffff88019ff416c0 1642227346 S Ci:5:005:0 s 80 06 b504 403a 0001 1 <
ffff88019ff416c0 1642227685 C Ci:5:005:0 0 1 = fb
ffff88019ff416c0 1642229345 S Ci:5:005:0 s 80 06 b504 003b 0001 1 <
ffff88019ff416c0 1642229685 C Ci:5:005:0 0 1 = fb
ffff88019ff416c0 1642231347 S Ci:5:005:0 s 80 06 b504 003c 0001 1 <
ffff88019ff416c0 1642231685 C Ci:5:005:0 0 1 = fb
ffff88019ff416c0 1642233346 S Ci:5:005:0 s 80 06 b504 003d 0001 1 <
ffff88019ff416c0 1642233685 C Ci:5:005:0 0 1 = fb
ffff88019ff416c0 1642235346 S Ci:5:005:0 s 80 06 b504 403e 0001 1 <
ffff88019ff416c0 1642235685 C Ci:5:005:0 0 1 = fb
ffff88019ff416c0 1642237346 S Ci:5:005:0 s 80 06 b504 003f 0001 1 <
ffff88019ff416c0 1642237685 C Ci:5:005:0 0 1 = fb
ffff88019ff416c0 1642239345 S Ci:5:005:0 s 80 06 b500 9a00 0001 1 <
ffff88019ff416c0 1642240686 C Ci:5:005:0 0 1 = fb
ffff88019ff416c0 1642242502 S Ci:5:005:0 s 80 06 b501 1a00 0002 2 <
ffff88019ff416c0 1642242686 C Ci:5:005:0 0 2 = 191d
ffff88019ff416c0 1642244620 S Ci:5:005:0 s 80 06 b501 1a01 0002 2 <
ffff88019ff416c0 1642245686 C Ci:5:005:0 0 2 = ffff
ffff88019ff416c0 1642247346 S Ci:5:005:0 s 80 06 b501 1a02 0002 2 <
ffff88019ff416c0 1642247686 C Ci:5:005:0 0 2 = ffff
ffff88019ff416c0 1642249325 S Ci:5:005:0 s 80 06 b501 1a03 0002 2 <
ffff88019ff416c0 1642249686 C Ci:5:005:0 0 2 = ffff
ffff88019ff416c0 1642251347 S Ci:5:005:0 s 80 06 b501 1a04 0002 2 <
ffff88019ff416c0 1642251686 C Ci:5:005:0 0 2 = 0001
ffff88019ff416c0 1642253346 S Ci:5:005:0 s 80 06 b501 1a05 0002 2 <
ffff88019ff416c0 1642253685 C Ci:5:005:0 0 2 = 0000
ffff88013d3b4480 1642255350 S Ci:5:005:0 s 80 06 b501 1a06 0002 2 <
ffff88013d3b4480 1642255686 C Ci:5:005:0 0 2 = 0400
ffff88013d3b4480 1642257346 S Ci:5:005:0 s 80 06 b501 1a07 0002 2 <
ffff88013d3b4480 1642257685 C Ci:5:005:0 0 2 = 0200
ffff88013d3b4480 1642259352 S Ci:5:005:0 s 80 06 b501 1a08 0002 2 <
ffff88013d3b4480 1642259687 C Ci:5:005:0 0 2 = 1700
ffff88013d3b4480 1642261346 S Ci:5:005:0 s 80 06 b501 1a09 0002 2 <
ffff88013d3b4480 1642261685 C Ci:5:005:0 0 2 = 2100
ffff88019ff416c0 1642263350 S Ci:5:005:0 s 80 06 b501 1a0a 0002 2 <
ffff88019ff416c0 1642263686 C Ci:5:005:0 0 2 = 4040
ffff88019ff416c0 1642265346 S Ci:5:005:0 s 80 06 b501 1a0b 0002 2 <
ffff88019ff416c0 1642265686 C Ci:5:005:0 0 2 = 5000
ffff88013d3b4480 1642267349 S Ci:5:005:0 s 80 06 b501 1a0c 0002 2 <
ffff88013d3b4480 1642267687 C Ci:5:005:0 0 2 = 2600
ffff88013d3b4480 1642269354 S Ci:5:005:0 s 80 06 b501 1a0d 0002 2 <
ffff88013d3b4480 1642269688 C Ci:5:005:0 0 2 = 3000
ffff88013d3b4480 1642271347 S Ci:5:005:0 s 80 06 b501 1a0e 0002 2 <
ffff88013d3b4480 1642271686 C Ci:5:005:0 0 2 = ffff
ffff88013d3b4480 1642273347 S Ci:5:005:0 s 80 06 b501 1a0f 0002 2 <
ffff88013d3b4480 1642273685 C Ci:5:005:0 0 2 = ffff
ffff88013d3b4480 1642275345 S Ci:5:005:0 s 80 06 b501 1a10 0002 2 <
ffff88013d3b4480 1642275686 C Ci:5:005:0 0 2 = fe2b
ffff88013d3b4480 1642277346 S Ci:5:005:0 s 80 06 b501 1a11 0002 2 <
ffff88013d3b4480 1642277686 C Ci:5:005:0 0 2 = fe2b
ffff88013d3b4480 1642279345 S Ci:5:005:0 s 80 06 b501 1a12 0002 2 <
ffff88013d3b4480 1642279686 C Ci:5:005:0 0 2 = fe2b
ffff88013d3b4480 1642281347 S Ci:5:005:0 s 80 06 b501 1a13 0002 2 <
ffff88013d3b4480 1642281687 C Ci:5:005:0 0 2 = fe2b
ffff88013d3b4480 1642283347 S Ci:5:005:0 s 80 06 b501 1a14 0002 2 <
ffff88013d3b4480 1642283686 C Ci:5:005:0 0 2 = f92b
ffff88013d3b4480 1642285345 S Ci:5:005:0 s 80 06 b501 1a15 0002 2 <
ffff88013d3b4480 1642285687 C Ci:5:005:0 0 2 = f82b
ffff88013d3b4480 1642287346 S Ci:5:005:0 s 80 06 b501 1a16 0002 2 <
ffff88013d3b4480 1642287685 C Ci:5:005:0 0 2 = 4000
ffff88013d3b4480 1642289345 S Ci:5:005:0 s 80 06 b501 1a17 0002 2 <
ffff88013d3b4480 1642289686 C Ci:5:005:0 0 2 = 4000
ffff88013d3b4480 1642291345 S Ci:5:005:0 s 80 06 b501 1a18 0002 2 <
ffff88013d3b4480 1642291687 C Ci:5:005:0 0 2 = 0000
ffff880168bb6500 1642293355 S Ci:5:005:0 s 80 06 b501 1a19 0002 2 <
ffff880168bb6500 1642293689 C Ci:5:005:0 0 2 = 4000
ffff880168bb6500 1642295347 S Ci:5:005:0 s 80 06 b501 1a1a 0002 2 <
ffff880168bb6500 1642295688 C Ci:5:005:0 0 2 = 0000
ffff880168bb6500 1642297346 S Ci:5:005:0 s 80 06 b501 1a1b 0002 2 <
ffff880168bb6500 1642297688 C Ci:5:005:0 0 2 = 4000
ffff880168bb6500 1642299347 S Ci:5:005:0 s 80 06 b501 1a1c 0002 2 <
ffff880168bb6500 1642299687 C Ci:5:005:0 0 2 = 0000
ffff880168bb6500 1642301347 S Ci:5:005:0 s 80 06 b501 1a1d 0002 2 <
ffff880168bb6500 1642301688 C Ci:5:005:0 0 2 = 4000
ffff880168bb6500 1642303346 S Ci:5:005:0 s 80 06 b501 1a1e 0002 2 <
ffff880168bb6500 1642303687 C Ci:5:005:0 0 2 = 0000
ffff880168bb6500 1642305344 S Ci:5:005:0 s 80 06 b501 1a1f 0002 2 <
ffff880168bb6500 1642305687 C Ci:5:005:0 0 2 = 4000
ffff880168bb6500 1642307346 S Ci:5:005:0 s 80 06 b504 0000 0001 1 <
ffff880168bb6500 1642307687 C Ci:5:005:0 0 1 = fb
ffff880168bb6500 1642309347 S Ci:5:005:0 s 80 06 b504 0001 0001 1 <
ffff880168bb6500 1642309687 C Ci:5:005:0 0 1 = fb
ffff880168bb6500 1642311347 S Ci:5:005:0 s 80 06 b504 ff02 0001 1 <
ffff880168bb6500 1642311687 C Ci:5:005:0 0 1 = fb
ffff880168bb6500 1642313346 S Ci:5:005:0 s 80 06 b504 ff03 0001 1 <
ffff880168bb6500 1642313688 C Ci:5:005:0 0 1 = fb
ffff880168bb6500 1642315344 S Ci:5:005:0 s 80 06 b504 ff04 0001 1 <
ffff880168bb6500 1642315688 C Ci:5:005:0 0 1 = fb
ffff880168bb6500 1642317346 S Ci:5:005:0 s 80 06 b504 ff05 0001 1 <
ffff880168bb6500 1642317687 C Ci:5:005:0 0 1 = fb
ffff880168bb6500 1642319346 S Ci:5:005:0 s 80 06 b504 ff06 0001 1 <
ffff880168bb6500 1642319687 C Ci:5:005:0 0 1 = fb
ffff880168bb6500 1642321347 S Ci:5:005:0 s 80 06 b504 ff07 0001 1 <
ffff880168bb6500 1642321688 C Ci:5:005:0 0 1 = fb
ffff880168bb6500 1642323346 S Ci:5:005:0 s 80 06 b504 ff08 0001 1 <
ffff880168bb6500 1642323688 C Ci:5:005:0 0 1 = fb
ffff88013d3b4480 1642325347 S Ci:5:005:0 s 80 06 b504 ff09 0001 1 <
ffff88013d3b4480 1642325689 C Ci:5:005:0 0 1 = fb
ffff88013d3b4480 1642327347 S Ci:5:005:0 s 80 06 b504 ff0a 0001 1 <
ffff88013d3b4480 1642327688 C Ci:5:005:0 0 1 = fb
ffff88013d3b4480 1642329346 S Ci:5:005:0 s 80 06 b504 ff0b 0001 1 <
ffff88013d3b4480 1642329688 C Ci:5:005:0 0 1 = fb
ffff88013d3b4480 1642331347 S Ci:5:005:0 s 80 06 b504 fe0c 0001 1 <
ffff88013d3b4480 1642331688 C Ci:5:005:0 0 1 = fb
ffff88013d3b4480 1642333346 S Ci:5:005:0 s 80 06 b504 2b0d 0001 1 <
ffff88013d3b4480 1642333688 C Ci:5:005:0 0 1 = fb
ffff88013d3b4480 1642335345 S Ci:5:005:0 s 80 06 b504 fe0e 0001 1 <
ffff88013d3b4480 1642335688 C Ci:5:005:0 0 1 = fb
ffff88013d3b4480 1642337347 S Ci:5:005:0 s 80 06 b504 2b0f 0001 1 <
ffff88013d3b4480 1642337688 C Ci:5:005:0 0 1 = fb
ffff88013d3b4480 1642339346 S Ci:5:005:0 s 80 06 b504 fe10 0001 1 <
ffff88013d3b4480 1642339689 C Ci:5:005:0 0 1 = fb
ffff88013d3b4480 1642341346 S Ci:5:005:0 s 80 06 b504 2b11 0001 1 <
ffff88013d3b4480 1642341689 C Ci:5:005:0 0 1 = fb
ffff88013d3b4480 1642343346 S Ci:5:005:0 s 80 06 b504 fe12 0001 1 <
ffff88013d3b4480 1642343689 C Ci:5:005:0 0 1 = fb
ffff88013d3b4480 1642345345 S Ci:5:005:0 s 80 06 b504 2b13 0001 1 <
ffff88013d3b4480 1642345689 C Ci:5:005:0 0 1 = fb
ffff88013d3b4480 1642347346 S Ci:5:005:0 s 80 06 b504 fe14 0001 1 <
ffff88013d3b4480 1642347688 C Ci:5:005:0 0 1 = fb
ffff88013d3b4480 1642349346 S Ci:5:005:0 s 80 06 b504 2b15 0001 1 <
ffff88013d3b4480 1642349689 C Ci:5:005:0 0 1 = fb
ffff88013d3b4480 1642351347 S Ci:5:005:0 s 80 06 b504 fe16 0001 1 <
ffff88013d3b4480 1642351689 C Ci:5:005:0 0 1 = fb
ffff88013d3b4480 1642353346 S Ci:5:005:0 s 80 06 b504 2b17 0001 1 <
ffff88013d3b4480 1642353689 C Ci:5:005:0 0 1 = fb
ffff88013d3b4480 1642355345 S Ci:5:005:0 s 80 06 b504 fe18 0001 1 <
ffff88013d3b4480 1642355689 C Ci:5:005:0 0 1 = fb
ffff88013d3b4480 1642357346 S Ci:5:005:0 s 80 06 b504 2b19 0001 1 <
ffff88013d3b4480 1642357689 C Ci:5:005:0 0 1 = fb
ffff88013d3b4480 1642359346 S Ci:5:005:0 s 80 06 b504 fe1a 0001 1 <
ffff88013d3b4480 1642359689 C Ci:5:005:0 0 1 = fb
ffff88013d3b4480 1642361439 S Ci:5:005:0 s 80 06 b504 2b1b 0001 1 <
ffff88013d3b4480 1642361690 C Ci:5:005:0 0 1 = fb
ffff88013d3b4480 1642363349 S Ci:5:005:0 s 80 06 b504 fe1c 0001 1 <
ffff88013d3b4480 1642363689 C Ci:5:005:0 0 1 = fb
ffff88013d3b4480 1642365345 S Ci:5:005:0 s 80 06 b504 2b1d 0001 1 <
ffff88013d3b4480 1642365689 C Ci:5:005:0 0 1 = fb
ffff88013d3b4480 1642367346 S Ci:5:005:0 s 80 06 b504 fe1e 0001 1 <
ffff88013d3b4480 1642367689 C Ci:5:005:0 0 1 = fb
ffff88013d3b4480 1642369346 S Ci:5:005:0 s 80 06 b504 2b1f 0001 1 <
ffff88013d3b4480 1642369690 C Ci:5:005:0 0 1 = fb
ffff88013d3b4480 1642371346 S Ci:5:005:0 s 80 06 b504 fc20 0001 1 <
ffff88013d3b4480 1642371690 C Ci:5:005:0 0 1 = fb
ffff88013d3b4480 1642373346 S Ci:5:005:0 s 80 06 b504 2b21 0001 1 <
ffff88013d3b4480 1642373690 C Ci:5:005:0 0 1 = fb
ffff88013d3b4480 1642375344 S Ci:5:005:0 s 80 06 b504 fb22 0001 1 <
ffff88013d3b4480 1642375690 C Ci:5:005:0 0 1 = fb
ffff88013d3b4480 1642377346 S Ci:5:005:0 s 80 06 b504 2b23 0001 1 <
ffff88013d3b4480 1642377690 C Ci:5:005:0 0 1 = fb
ffff88013d3b4480 1642379346 S Ci:5:005:0 s 80 06 b504 fc24 0001 1 <
ffff88013d3b4480 1642379689 C Ci:5:005:0 0 1 = fb
ffff88013d3b4480 1642381346 S Ci:5:005:0 s 80 06 b504 2b25 0001 1 <
ffff88013d3b4480 1642381689 C Ci:5:005:0 0 1 = fb
ffff88013d3b4480 1642383346 S Ci:5:005:0 s 80 06 b504 fb26 0001 1 <
ffff88013d3b4480 1642383689 C Ci:5:005:0 0 1 = fb
ffff88013d3b4480 1642385344 S Ci:5:005:0 s 80 06 b504 2b27 0001 1 <
ffff88013d3b4480 1642385690 C Ci:5:005:0 0 1 = fb
ffff88013d3b4480 1642387346 S Ci:5:005:0 s 80 06 b504 fc28 0001 1 <
ffff88013d3b4480 1642387690 C Ci:5:005:0 0 1 = fb
ffff88013d3b4480 1642389345 S Ci:5:005:0 s 80 06 b504 2b29 0001 1 <
ffff88013d3b4480 1642389690 C Ci:5:005:0 0 1 = fb
ffff88013d3b4480 1642391346 S Ci:5:005:0 s 80 06 b504 fb2a 0001 1 <
ffff88013d3b4480 1642391690 C Ci:5:005:0 0 1 = fb
ffff88013d3b4480 1642393346 S Ci:5:005:0 s 80 06 b504 2b2b 0001 1 <
ffff88013d3b4480 1642393690 C Ci:5:005:0 0 1 = fb
ffff88013d3b4480 1642395345 S Ci:5:005:0 s 80 06 b504 fc2c 0001 1 <
ffff88013d3b4480 1642395690 C Ci:5:005:0 0 1 = fb
ffff88013d3b4480 1642397346 S Ci:5:005:0 s 80 06 b504 2b2d 0001 1 <
ffff88013d3b4480 1642397690 C Ci:5:005:0 0 1 = fb
ffff88013d3b4480 1642399346 S Ci:5:005:0 s 80 06 b504 fb2e 0001 1 <
ffff88013d3b4480 1642399690 C Ci:5:005:0 0 1 = fb
ffff88013d3b4480 1642401347 S Ci:5:005:0 s 80 06 b504 2b2f 0001 1 <
ffff88013d3b4480 1642401690 C Ci:5:005:0 0 1 = fb
ffff88013d3b4480 1642403346 S Ci:5:005:0 s 80 06 b504 fc30 0001 1 <
ffff88013d3b4480 1642403690 C Ci:5:005:0 0 1 = fb
ffff88013d3b4480 1642405346 S Ci:5:005:0 s 80 06 b504 2b31 0001 1 <
ffff88013d3b4480 1642405691 C Ci:5:005:0 0 1 = fb
ffff88013d3b4480 1642407346 S Ci:5:005:0 s 80 06 b504 fb32 0001 1 <
ffff88013d3b4480 1642407690 C Ci:5:005:0 0 1 = fb
ffff88013d3b4480 1642409346 S Ci:5:005:0 s 80 06 b504 2b33 0001 1 <
ffff88013d3b4480 1642409690 C Ci:5:005:0 0 1 = fb
ffff88013d3b4480 1642411346 S Ci:5:005:0 s 80 06 b504 ff34 0001 1 <
ffff88013d3b4480 1642411691 C Ci:5:005:0 0 1 = fb
ffff88013d3b4480 1642413346 S Ci:5:005:0 s 80 06 b504 ff35 0001 1 <
ffff88013d3b4480 1642413691 C Ci:5:005:0 0 1 = fb
ffff88013d3b4480 1642415346 S Ci:5:005:0 s 80 06 b504 ff36 0001 1 <
ffff88013d3b4480 1642415691 C Ci:5:005:0 0 1 = fb
ffff88013d3b4480 1642417350 S Ci:5:005:0 s 80 06 b504 ff37 0001 1 <
ffff88013d3b4480 1642417692 C Ci:5:005:0 0 1 = fb
ffff88013d3b4480 1642419347 S Ci:5:005:0 s 80 06 b504 ff38 0001 1 <
ffff88013d3b4480 1642419691 C Ci:5:005:0 0 1 = fb
ffff88013d3b4480 1642421347 S Ci:5:005:0 s 80 06 b504 ff39 0001 1 <
ffff88013d3b4480 1642421691 C Ci:5:005:0 0 1 = fb
ffff88019ff416c0 1642423549 S Ci:5:005:0 s 80 06 b504 ff3a 0001 1 <
ffff88019ff416c0 1642423691 C Ci:5:005:0 0 1 = fb
ffff88019ff416c0 1642425346 S Ci:5:005:0 s 80 06 b504 ff3b 0001 1 <
ffff88019ff416c0 1642425691 C Ci:5:005:0 0 1 = fb
ffff88019ff416c0 1642427345 S Ci:5:005:0 s 80 06 b504 ff3c 0001 1 <
ffff88019ff416c0 1642427691 C Ci:5:005:0 0 1 = fb
ffff88019ff416c0 1642429346 S Ci:5:005:0 s 80 06 b504 ff3d 0001 1 <
ffff88019ff416c0 1642429691 C Ci:5:005:0 0 1 = fb
ffff88019ff416c0 1642431347 S Ci:5:005:0 s 80 06 b504 ff3e 0001 1 <
ffff88019ff416c0 1642431691 C Ci:5:005:0 0 1 = fb
ffff88019ff416c0 1642433346 S Ci:5:005:0 s 80 06 b504 ff3f 0001 1 <
ffff88019ff416c0 1642433691 C Ci:5:005:0 0 1 = fb
ffff88019ff416c0 1642435346 S Ci:5:005:0 s 80 06 b500 9a20 0001 1 <
ffff88019ff416c0 1642436692 C Ci:5:005:0 0 1 = fb
ffff88019ff416c0 1642438716 S Ci:5:005:0 s 80 06 b501 1a20 0002 2 <
ffff88019ff416c0 1642439693 C Ci:5:005:0 0 2 = 0000
ffff88019ff416c0 1642441346 S Ci:5:005:0 s 80 06 b501 1a21 0002 2 <
ffff88019ff416c0 1642441692 C Ci:5:005:0 0 2 = ffff
ffff88019ff416c0 1642443347 S Ci:5:005:0 s 80 06 b501 1a22 0002 2 <
ffff88019ff416c0 1642443692 C Ci:5:005:0 0 2 = ffff
ffff88019ff416c0 1642445346 S Ci:5:005:0 s 80 06 b501 1a23 0002 2 <
ffff88019ff416c0 1642445692 C Ci:5:005:0 0 2 = ffff
ffff88019ff416c0 1642447346 S Ci:5:005:0 s 80 06 b501 1a24 0002 2 <
ffff88019ff416c0 1642447692 C Ci:5:005:0 0 2 = ffff
ffff88013d3b4480 1642449350 S Ci:5:005:0 s 80 06 b501 1a25 0002 2 <
ffff88013d3b4480 1642449693 C Ci:5:005:0 0 2 = ffff
ffff88013d3b4480 1642451344 S Ci:5:005:0 s 80 06 b501 1a26 0002 2 <
ffff88013d3b4480 1642451693 C Ci:5:005:0 0 2 = fe2b
ffff88013d3b4480 1642453346 S Ci:5:005:0 s 80 06 b501 1a27 0002 2 <
ffff88013d3b4480 1642453692 C Ci:5:005:0 0 2 = fe2b
ffff88013d3b4480 1642455348 S Ci:5:005:0 s 80 06 b501 1a28 0002 2 <
ffff88013d3b4480 1642455692 C Ci:5:005:0 0 2 = fe2b
ffff88013d3b4480 1642457346 S Ci:5:005:0 s 80 06 b501 1a29 0002 2 <
ffff88013d3b4480 1642457692 C Ci:5:005:0 0 2 = fe2b
ffff88013d3b4480 1642459346 S Ci:5:005:0 s 80 06 b501 1a2a 0002 2 <
ffff88013d3b4480 1642459692 C Ci:5:005:0 0 2 = fe2b
ffff88013d3b4480 1642461344 S Ci:5:005:0 s 80 06 b501 1a2b 0002 2 <
ffff88013d3b4480 1642461693 C Ci:5:005:0 0 2 = fe2b
ffff88013d3b4480 1642463349 S Ci:5:005:0 s 80 06 b501 1a2c 0002 2 <
ffff88013d3b4480 1642463693 C Ci:5:005:0 0 2 = fe2b
ffff88013d3b4480 1642465382 S Ci:5:005:0 s 80 06 b501 1a2d 0002 2 <
ffff88013d3b4480 1642465693 C Ci:5:005:0 0 2 = fe2b
ffff88013d3b4480 1642467346 S Ci:5:005:0 s 80 06 b501 1a2e 0002 2 <
ffff88013d3b4480 1642467693 C Ci:5:005:0 0 2 = fe2b
ffff88013d3b4480 1642469346 S Ci:5:005:0 s 80 06 b501 1a2f 0002 2 <
ffff88013d3b4480 1642469693 C Ci:5:005:0 0 2 = fe2b
ffff88013d3b4480 1642471344 S Ci:5:005:0 s 80 06 b501 1a30 0002 2 <
ffff88013d3b4480 1642471693 C Ci:5:005:0 0 2 = fc2b
ffff88013d3b4480 1642473346 S Ci:5:005:0 s 80 06 b501 1a31 0002 2 <
ffff88013d3b4480 1642473693 C Ci:5:005:0 0 2 = fb2b
ffff88013d3b4480 1642475346 S Ci:5:005:0 s 80 06 b501 1a32 0002 2 <
ffff88013d3b4480 1642475692 C Ci:5:005:0 0 2 = fc2b
ffff88013d3b4480 1642477346 S Ci:5:005:0 s 80 06 b501 1a33 0002 2 <
ffff88013d3b4480 1642477693 C Ci:5:005:0 0 2 = fb2b
ffff88013d3b4480 1642479346 S Ci:5:005:0 s 80 06 b501 1a34 0002 2 <
ffff88013d3b4480 1642479693 C Ci:5:005:0 0 2 = fc2b
ffff88013d3b4480 1642481344 S Ci:5:005:0 s 80 06 b501 1a35 0002 2 <
ffff88013d3b4480 1642481693 C Ci:5:005:0 0 2 = fb2b
ffff88013d3b4480 1642483346 S Ci:5:005:0 s 80 06 b501 1a36 0002 2 <
ffff88013d3b4480 1642483693 C Ci:5:005:0 0 2 = fc2b
ffff88013d3b4480 1642485346 S Ci:5:005:0 s 80 06 b501 1a37 0002 2 <
ffff88013d3b4480 1642485693 C Ci:5:005:0 0 2 = fb2b
ffff88013d3b4480 1642487346 S Ci:5:005:0 s 80 06 b501 1a38 0002 2 <
ffff88013d3b4480 1642487693 C Ci:5:005:0 0 2 = fc2b
ffff88013d3b4480 1642489346 S Ci:5:005:0 s 80 06 b501 1a39 0002 2 <
ffff88013d3b4480 1642489693 C Ci:5:005:0 0 2 = fb2b
ffff88013d3b4480 1642491344 S Ci:5:005:0 s 80 06 b501 1a3a 0002 2 <
ffff88013d3b4480 1642491694 C Ci:5:005:0 0 2 = ffff
ffff88013d3b4480 1642493346 S Ci:5:005:0 s 80 06 b501 1a3b 0002 2 <
ffff88013d3b4480 1642493694 C Ci:5:005:0 0 2 = ffff
ffff88013d3b4480 1642495352 S Ci:5:005:0 s 80 06 b501 1a3c 0002 2 <
ffff88013d3b4480 1642495695 C Ci:5:005:0 0 2 = ffff
ffff88013d3b4480 1642497346 S Ci:5:005:0 s 80 06 b501 1a3d 0002 2 <
ffff88013d3b4480 1642497694 C Ci:5:005:0 0 2 = ffff
ffff88013d3b4480 1642499346 S Ci:5:005:0 s 80 06 b501 1a3e 0002 2 <
ffff88013d3b4480 1642499693 C Ci:5:005:0 0 2 = ffff
ffff88013d3b4480 1642501345 S Ci:5:005:0 s 80 06 b501 1a3f 0002 2 <
ffff88013d3b4480 1642501694 C Ci:5:005:0 0 2 = ffff
ffff88013d3b4480 1642503346 S Ci:5:005:0 s 80 06 b504 0000 0001 1 <
ffff88013d3b4480 1642503694 C Ci:5:005:0 0 1 = fb
ffff88013d3b4480 1642505349 S Ci:5:005:0 s 80 06 b504 5001 0001 1 <
ffff88013d3b4480 1642505694 C Ci:5:005:0 0 1 = fb
ffff88013d3b4480 1642507346 S Ci:5:005:0 s 80 06 b504 4c02 0001 1 <
ffff88013d3b4480 1642507694 C Ci:5:005:0 0 1 = fb
ffff88013d3b4480 1642509346 S Ci:5:005:0 s 80 06 b504 cc03 0001 1 <
ffff88013d3b4480 1642509694 C Ci:5:005:0 0 1 = fb
ffff88013d3b4480 1642511344 S Ci:5:005:0 s 80 06 b504 5004 0001 1 <
ffff88013d3b4480 1642511694 C Ci:5:005:0 0 1 = fb
ffff88013d3b4480 1642513346 S Ci:5:005:0 s 80 06 b504 1005 0001 1 <
ffff88013d3b4480 1642513693 C Ci:5:005:0 0 1 = fb
ffff88013d3b4480 1642515346 S Ci:5:005:0 s 80 06 b504 8c06 0001 1 <
ffff88013d3b4480 1642515694 C Ci:5:005:0 0 1 = fb
ffff88013d3b4480 1642517346 S Ci:5:005:0 s 80 06 b504 cc07 0001 1 <
ffff88013d3b4480 1642517694 C Ci:5:005:0 0 1 = fb
ffff88013d3b4480 1642519346 S Ci:5:005:0 s 80 06 b504 9008 0001 1 <
ffff88013d3b4480 1642519694 C Ci:5:005:0 0 1 = fb
ffff88013d3b4480 1642521344 S Ci:5:005:0 s 80 06 b504 1009 0001 1 <
ffff88013d3b4480 1642521694 C Ci:5:005:0 0 1 = fb
ffff88019ff416c0 1642523350 S Ci:5:005:0 s 80 06 b504 d00a 0001 1 <
ffff88019ff416c0 1642523694 C Ci:5:005:0 0 1 = fb
ffff88019ff416c0 1642525346 S Ci:5:005:0 s 80 06 b504 100b 0001 1 <
ffff88019ff416c0 1642525694 C Ci:5:005:0 0 1 = fb
ffff88019ff416c0 1642527346 S Ci:5:005:0 s 80 06 b504 d80c 0001 1 <
ffff88019ff416c0 1642527695 C Ci:5:005:0 0 1 = fb
ffff88019ff416c0 1642529346 S Ci:5:005:0 s 80 06 b504 d80d 0001 1 <
ffff88019ff416c0 1642529694 C Ci:5:005:0 0 1 = fb
ffff88019ff416c0 1642531338 S Ci:5:005:0 s 80 06 b504 a00e 0001 1 <
ffff88019ff416c0 1642531694 C Ci:5:005:0 0 1 = fb
ffff88019ff416c0 1642533347 S Ci:5:005:0 s 80 06 b504 000f 0001 1 <
ffff88019ff416c0 1642533694 C Ci:5:005:0 0 1 = fb
ffff88019ff416c0 1642535346 S Ci:5:005:0 s 80 06 b504 a110 0001 1 <
ffff88019ff416c0 1642535694 C Ci:5:005:0 0 1 = fb
ffff88019ff416c0 1642537346 S Ci:5:005:0 s 80 06 b504 0011 0001 1 <
ffff88019ff416c0 1642537695 C Ci:5:005:0 0 1 = fb
ffff88019ff416c0 1642539346 S Ci:5:005:0 s 80 06 b504 a212 0001 1 <
ffff88019ff416c0 1642539695 C Ci:5:005:0 0 1 = fb
ffff88019ff416c0 1642541345 S Ci:5:005:0 s 80 06 b504 0013 0001 1 <
ffff88019ff416c0 1642541695 C Ci:5:005:0 0 1 = fb
ffff88019ff416c0 1642543346 S Ci:5:005:0 s 80 06 b504 a314 0001 1 <
ffff88019ff416c0 1642543694 C Ci:5:005:0 0 1 = fb
ffff88019ff416c0 1642545346 S Ci:5:005:0 s 80 06 b504 0015 0001 1 <
ffff88019ff416c0 1642545695 C Ci:5:005:0 0 1 = fb
ffff88019ff416c0 1642547345 S Ci:5:005:0 s 80 06 b504 a416 0001 1 <
ffff88019ff416c0 1642547695 C Ci:5:005:0 0 1 = fb
ffff88019ff416c0 1642549346 S Ci:5:005:0 s 80 06 b504 0017 0001 1 <
ffff88019ff416c0 1642549695 C Ci:5:005:0 0 1 = fb
ffff88019ff416c0 1642551345 S Ci:5:005:0 s 80 06 b504 a518 0001 1 <
ffff88019ff416c0 1642551695 C Ci:5:005:0 0 1 = fb
ffff88019ff416c0 1642553346 S Ci:5:005:0 s 80 06 b504 4819 0001 1 <
ffff88019ff416c0 1642553695 C Ci:5:005:0 0 1 = fb
ffff88019ff416c0 1642555346 S Ci:5:005:0 s 80 06 b504 ff1a 0001 1 <
ffff88019ff416c0 1642555695 C Ci:5:005:0 0 1 = fb
ffff88019ff416c0 1642557345 S Ci:5:005:0 s 80 06 b504 ff1b 0001 1 <
ffff88019ff416c0 1642557696 C Ci:5:005:0 0 1 = fb
ffff88019ff416c0 1642559346 S Ci:5:005:0 s 80 06 b504 ff1c 0001 1 <
ffff88019ff416c0 1642559695 C Ci:5:005:0 0 1 = fb
ffff88019ff416c0 1642561345 S Ci:5:005:0 s 80 06 b504 ff1d 0001 1 <
ffff88019ff416c0 1642561695 C Ci:5:005:0 0 1 = fb
ffff88019ff416c0 1642563349 S Ci:5:005:0 s 80 06 b504 ff1e 0001 1 <
ffff88019ff416c0 1642563696 C Ci:5:005:0 0 1 = fb
ffff88019ff416c0 1642565350 S Ci:5:005:0 s 80 06 b504 ff1f 0001 1 <
ffff88019ff416c0 1642565696 C Ci:5:005:0 0 1 = fb
ffff88019ff416c0 1642567346 S Ci:5:005:0 s 80 06 b504 fe20 0001 1 <
ffff88019ff416c0 1642567696 C Ci:5:005:0 0 1 = fb
ffff88019ff416c0 1642569346 S Ci:5:005:0 s 80 06 b504 2b21 0001 1 <
ffff88019ff416c0 1642569696 C Ci:5:005:0 0 1 = fb
ffff88019ff416c0 1642571345 S Ci:5:005:0 s 80 06 b504 fe22 0001 1 <
ffff88019ff416c0 1642571696 C Ci:5:005:0 0 1 = fb
ffff88019ff416c0 1642573346 S Ci:5:005:0 s 80 06 b504 2b23 0001 1 <
ffff88019ff416c0 1642573696 C Ci:5:005:0 0 1 = fb
ffff88019ff416c0 1642575349 S Ci:5:005:0 s 80 06 b504 0224 0001 1 <
ffff88019ff416c0 1642575698 C Ci:5:005:0 0 1 = fb
ffff88019ff416c0 1642577345 S Ci:5:005:0 s 80 06 b504 2525 0001 1 <
ffff88019ff416c0 1642577697 C Ci:5:005:0 0 1 = fb
ffff88019ff416c0 1642579345 S Ci:5:005:0 s 80 06 b504 0226 0001 1 <
ffff88019ff416c0 1642579697 C Ci:5:005:0 0 1 = fb
ffff88019ff416c0 1642581345 S Ci:5:005:0 s 80 06 b504 2427 0001 1 <
ffff88019ff416c0 1642581697 C Ci:5:005:0 0 1 = fb
ffff88019ff416c0 1642583346 S Ci:5:005:0 s 80 06 b504 0428 0001 1 <
ffff88019ff416c0 1642583697 C Ci:5:005:0 0 1 = fb
ffff88019ff416c0 1642585346 S Ci:5:005:0 s 80 06 b504 2529 0001 1 <
ffff88019ff416c0 1642585697 C Ci:5:005:0 0 1 = fb
ffff88019ff416c0 1642587344 S Ci:5:005:0 s 80 06 b504 042a 0001 1 <
ffff88019ff416c0 1642587697 C Ci:5:005:0 0 1 = fb
ffff88019ff416c0 1642589346 S Ci:5:005:0 s 80 06 b504 242b 0001 1 <
ffff88019ff416c0 1642589696 C Ci:5:005:0 0 1 = fb
ffff88019ff416c0 1642591344 S Ci:5:005:0 s 80 06 b504 082c 0001 1 <
ffff88019ff416c0 1642591697 C Ci:5:005:0 0 1 = fb
ffff88019ff416c0 1642593346 S Ci:5:005:0 s 80 06 b504 252d 0001 1 <
ffff88019ff416c0 1642593697 C Ci:5:005:0 0 1 = fb
ffff88015d405ec0 1642595353 S Ci:5:005:0 s 80 06 b504 082e 0001 1 <
ffff88015d405ec0 1642595698 C Ci:5:005:0 0 1 = fb
ffff88015d405ec0 1642597345 S Ci:5:005:0 s 80 06 b504 242f 0001 1 <
ffff88015d405ec0 1642597697 C Ci:5:005:0 0 1 = fb
ffff88015d405ec0 1642599346 S Ci:5:005:0 s 80 06 b504 1030 0001 1 <
ffff88015d405ec0 1642599697 C Ci:5:005:0 0 1 = fb
ffff88015d405ec0 1642601346 S Ci:5:005:0 s 80 06 b504 2531 0001 1 <
ffff88015d405ec0 1642601698 C Ci:5:005:0 0 1 = fb
ffff88015d405ec0 1642603346 S Ci:5:005:0 s 80 06 b504 1032 0001 1 <
ffff88015d405ec0 1642603697 C Ci:5:005:0 0 1 = fb
ffff88015d405ec0 1642605346 S Ci:5:005:0 s 80 06 b504 2433 0001 1 <
ffff88015d405ec0 1642605697 C Ci:5:005:0 0 1 = fb
ffff88015d405ec0 1642607344 S Ci:5:005:0 s 80 06 b504 f634 0001 1 <
ffff88015d405ec0 1642607697 C Ci:5:005:0 0 1 = fb
ffff88015d405ec0 1642609346 S Ci:5:005:0 s 80 06 b504 2b35 0001 1 <
ffff88015d405ec0 1642609697 C Ci:5:005:0 0 1 = fb
ffff88015d405ec0 1642611345 S Ci:5:005:0 s 80 06 b504 fe36 0001 1 <
ffff88015d405ec0 1642611697 C Ci:5:005:0 0 1 = fb
ffff88015d405ec0 1642613346 S Ci:5:005:0 s 80 06 b504 2b37 0001 1 <
ffff88015d405ec0 1642613698 C Ci:5:005:0 0 1 = fb
ffff88015d405ec0 1642615346 S Ci:5:005:0 s 80 06 b504 f038 0001 1 <
ffff88015d405ec0 1642615698 C Ci:5:005:0 0 1 = fb
ffff88015d405ec0 1642617344 S Ci:5:005:0 s 80 06 b504 e039 0001 1 <
ffff88015d405ec0 1642617698 C Ci:5:005:0 0 1 = fb
ffff88015d405ec0 1642619346 S Ci:5:005:0 s 80 06 b504 fe3a 0001 1 <
ffff88015d405ec0 1642619697 C Ci:5:005:0 0 1 = fb
ffff88015d405ec0 1642621345 S Ci:5:005:0 s 80 06 b504 2b3b 0001 1 <
ffff88015d405ec0 1642621698 C Ci:5:005:0 0 1 = fb
ffff88015d405ec0 1642623346 S Ci:5:005:0 s 80 06 b504 fe3c 0001 1 <
ffff88015d405ec0 1642623698 C Ci:5:005:0 0 1 = fb
ffff88015d405ec0 1642625346 S Ci:5:005:0 s 80 06 b504 2b3d 0001 1 <
ffff88015d405ec0 1642625698 C Ci:5:005:0 0 1 = fb
ffff88015d405ec0 1642627344 S Ci:5:005:0 s 80 06 b504 fe3e 0001 1 <
ffff88015d405ec0 1642627698 C Ci:5:005:0 0 1 = fb
ffff88015d405ec0 1642629346 S Ci:5:005:0 s 80 06 b504 2b3f 0001 1 <
ffff88015d405ec0 1642629698 C Ci:5:005:0 0 1 = fb
ffff88015d405ec0 1642631345 S Ci:5:005:0 s 80 06 b500 9a40 0001 1 <
ffff88015d405ec0 1642632698 C Ci:5:005:0 0 1 = fb
ffff88015d405ec0 1642634469 S Ci:5:005:0 s 80 06 b501 1a40 0002 2 <
ffff88015d405ec0 1642634699 C Ci:5:005:0 0 2 = 0050
ffff88015d405ec0 1642636347 S Ci:5:005:0 s 80 06 b501 1a41 0002 2 <
ffff88015d405ec0 1642636698 C Ci:5:005:0 0 2 = 4ccc
ffff88015d405ec0 1642638346 S Ci:5:005:0 s 80 06 b501 1a42 0002 2 <
ffff88015d405ec0 1642638699 C Ci:5:005:0 0 2 = 5010
ffff88015d405ec0 1642640347 S Ci:5:005:0 s 80 06 b501 1a43 0002 2 <
ffff88015d405ec0 1642640698 C Ci:5:005:0 0 2 = 8ccc
ffff88015d405ec0 1642642344 S Ci:5:005:0 s 80 06 b501 1a44 0002 2 <
ffff88015d405ec0 1642642698 C Ci:5:005:0 0 2 = 9010
ffff88015d405ec0 1642644346 S Ci:5:005:0 s 80 06 b501 1a45 0002 2 <
ffff88015d405ec0 1642644699 C Ci:5:005:0 0 2 = d010
ffff88015d405ec0 1642646345 S Ci:5:005:0 s 80 06 b501 1a46 0002 2 <
ffff88015d405ec0 1642646698 C Ci:5:005:0 0 2 = d8d8
ffff88015d405ec0 1642648346 S Ci:5:005:0 s 80 06 b501 1a47 0002 2 <
ffff88015d405ec0 1642648699 C Ci:5:005:0 0 2 = a000
ffff88015d405ec0 1642650347 S Ci:5:005:0 s 80 06 b501 1a48 0002 2 <
ffff88015d405ec0 1642650699 C Ci:5:005:0 0 2 = a100
ffff88015d405ec0 1642652344 S Ci:5:005:0 s 80 06 b501 1a49 0002 2 <
ffff88015d405ec0 1642652698 C Ci:5:005:0 0 2 = a200
ffff88015d405ec0 1642654346 S Ci:5:005:0 s 80 06 b501 1a4a 0002 2 <
ffff88015d405ec0 1642654699 C Ci:5:005:0 0 2 = a300
ffff88015d405ec0 1642656346 S Ci:5:005:0 s 80 06 b501 1a4b 0002 2 <
ffff88015d405ec0 1642656699 C Ci:5:005:0 0 2 = a400
ffff88015d405ec0 1642658346 S Ci:5:005:0 s 80 06 b501 1a4c 0002 2 <
ffff88015d405ec0 1642658698 C Ci:5:005:0 0 2 = a548
ffff88015d405ec0 1642660346 S Ci:5:005:0 s 80 06 b501 1a4d 0002 2 <
ffff88015d405ec0 1642660698 C Ci:5:005:0 0 2 = ffff
ffff88015d405ec0 1642662344 S Ci:5:005:0 s 80 06 b501 1a4e 0002 2 <
ffff88015d405ec0 1642662699 C Ci:5:005:0 0 2 = ffff
ffff88015d405ec0 1642664346 S Ci:5:005:0 s 80 06 b501 1a4f 0002 2 <
ffff88015d405ec0 1642664699 C Ci:5:005:0 0 2 = ffff
ffff88015d405ec0 1642666347 S Ci:5:005:0 s 80 06 b501 1a50 0002 2 <
ffff88015d405ec0 1642666699 C Ci:5:005:0 0 2 = fe2b
ffff88015d405ec0 1642668346 S Ci:5:005:0 s 80 06 b501 1a51 0002 2 <
ffff88015d405ec0 1642668699 C Ci:5:005:0 0 2 = fe2b
ffff88015d405ec0 1642670346 S Ci:5:005:0 s 80 06 b501 1a52 0002 2 <
ffff88015d405ec0 1642670699 C Ci:5:005:0 0 2 = 0225
ffff88015d405ec0 1642672345 S Ci:5:005:0 s 80 06 b501 1a53 0002 2 <
ffff88015d405ec0 1642672699 C Ci:5:005:0 0 2 = 0224
ffff88015d405ec0 1642674346 S Ci:5:005:0 s 80 06 b501 1a54 0002 2 <
ffff88015d405ec0 1642674699 C Ci:5:005:0 0 2 = 0425
ffff88015d405ec0 1642676346 S Ci:5:005:0 s 80 06 b501 1a55 0002 2 <
ffff88015d405ec0 1642676700 C Ci:5:005:0 0 2 = 0424
ffff88015d405ec0 1642678347 S Ci:5:005:0 s 80 06 b501 1a56 0002 2 <
ffff88015d405ec0 1642678700 C Ci:5:005:0 0 2 = 0825
ffff88015d405ec0 1642680346 S Ci:5:005:0 s 80 06 b501 1a57 0002 2 <
ffff88015d405ec0 1642680699 C Ci:5:005:0 0 2 = 0824
ffff88015d405ec0 1642682346 S Ci:5:005:0 s 80 06 b501 1a58 0002 2 <
ffff88015d405ec0 1642682699 C Ci:5:005:0 0 2 = 1025
ffff88015d405ec0 1642684347 S Ci:5:005:0 s 80 06 b501 1a59 0002 2 <
ffff88015d405ec0 1642684699 C Ci:5:005:0 0 2 = 1024
ffff88015d405ec0 1642686346 S Ci:5:005:0 s 80 06 b501 1a5a 0002 2 <
ffff88015d405ec0 1642686700 C Ci:5:005:0 0 2 = f62b
ffff88015d405ec0 1642688346 S Ci:5:005:0 s 80 06 b501 1a5b 0002 2 <
ffff88015d405ec0 1642688700 C Ci:5:005:0 0 2 = fe2b
ffff88015d405ec0 1642690346 S Ci:5:005:0 s 80 06 b501 1a5c 0002 2 <
ffff88015d405ec0 1642690700 C Ci:5:005:0 0 2 = f0e0
ffff88015d405ec0 1642692345 S Ci:5:005:0 s 80 06 b501 1a5d 0002 2 <
ffff88015d405ec0 1642692701 C Ci:5:005:0 0 2 = fe2b
ffff88015d405ec0 1642694346 S Ci:5:005:0 s 80 06 b501 1a5e 0002 2 <
ffff88015d405ec0 1642694700 C Ci:5:005:0 0 2 = fe2b
ffff8801d7ace9c0 1642697356 S Ci:5:005:0 s 80 06 b501 1a5f 0002 2 <
ffff8801d7ace9c0 1642697701 C Ci:5:005:0 0 2 = fe2b
ffff8801d7ace9c0 1642699347 S Ci:5:005:0 s 80 06 b504 fe00 0001 1 <
ffff8801d7ace9c0 1642699700 C Ci:5:005:0 0 1 = fb
ffff8801d7ace9c0 1642701351 S Ci:5:005:0 s 80 06 b504 2b01 0001 1 <
ffff8801d7ace9c0 1642701701 C Ci:5:005:0 0 1 = fb
ffff8801d7ace9c0 1642703346 S Ci:5:005:0 s 80 06 b504 fe02 0001 1 <
ffff8801d7ace9c0 1642703700 C Ci:5:005:0 0 1 = fb
ffff8801d7ace9c0 1642705346 S Ci:5:005:0 s 80 06 b504 2b03 0001 1 <
ffff8801d7ace9c0 1642705701 C Ci:5:005:0 0 1 = fb
ffff8801d7ace9c0 1642707349 S Ci:5:005:0 s 80 06 b504 fe04 0001 1 <
ffff8801d7ace9c0 1642707701 C Ci:5:005:0 0 1 = fb
ffff8801d7ace9c0 1642709347 S Ci:5:005:0 s 80 06 b504 2b05 0001 1 <
ffff8801d7ace9c0 1642709701 C Ci:5:005:0 0 1 = fb
ffff8801d7ace9c0 1642711351 S Ci:5:005:0 s 80 06 b504 fe06 0001 1 <
ffff8801d7ace9c0 1642711700 C Ci:5:005:0 0 1 = fb
ffff8801d7ace9c0 1642713345 S Ci:5:005:0 s 80 06 b504 2b07 0001 1 <
ffff8801d7ace9c0 1642713700 C Ci:5:005:0 0 1 = fb
ffff8801d7ace9c0 1642715346 S Ci:5:005:0 s 80 06 b504 fe08 0001 1 <
ffff8801d7ace9c0 1642715700 C Ci:5:005:0 0 1 = fb
ffff8801d7ace9c0 1642717346 S Ci:5:005:0 s 80 06 b504 2b09 0001 1 <
ffff8801d7ace9c0 1642717701 C Ci:5:005:0 0 1 = fb
ffff8801d7ace9c0 1642719346 S Ci:5:005:0 s 80 06 b504 fe0a 0001 1 <
ffff8801d7ace9c0 1642719701 C Ci:5:005:0 0 1 = fb
ffff8801d7ace9c0 1642721351 S Ci:5:005:0 s 80 06 b504 2b0b 0001 1 <
ffff8801d7ace9c0 1642721701 C Ci:5:005:0 0 1 = fb
ffff8801d7ace9c0 1642723345 S Ci:5:005:0 s 80 06 b504 fe0c 0001 1 <
ffff8801d7ace9c0 1642723701 C Ci:5:005:0 0 1 = fb
ffff8801d7ace9c0 1642725347 S Ci:5:005:0 s 80 06 b504 2b0d 0001 1 <
ffff8801d7ace9c0 1642725701 C Ci:5:005:0 0 1 = fb
ffff8801d7ace9c0 1642727346 S Ci:5:005:0 s 80 06 b504 fe0e 0001 1 <
ffff8801d7ace9c0 1642727701 C Ci:5:005:0 0 1 = fb
ffff8801d7ace9c0 1642729346 S Ci:5:005:0 s 80 06 b504 2b0f 0001 1 <
ffff8801d7ace9c0 1642729701 C Ci:5:005:0 0 1 = fb
ffff8801d7ace9c0 1642731351 S Ci:5:005:0 s 80 06 b504 fe10 0001 1 <
ffff8801d7ace9c0 1642731701 C Ci:5:005:0 0 1 = fb
ffff8801d7ace9c0 1642733345 S Ci:5:005:0 s 80 06 b504 2b11 0001 1 <
ffff8801d7ace9c0 1642733701 C Ci:5:005:0 0 1 = fb
ffff8801d7ace9c0 1642735346 S Ci:5:005:0 s 80 06 b504 fe12 0001 1 <
ffff8801d7ace9c0 1642735702 C Ci:5:005:0 0 1 = fb
ffff8801d7ace9c0 1642737346 S Ci:5:005:0 s 80 06 b504 2b13 0001 1 <
ffff8801d7ace9c0 1642737702 C Ci:5:005:0 0 1 = fb
ffff8801d7ace9c0 1642739346 S Ci:5:005:0 s 80 06 b504 fe14 0001 1 <
ffff8801d7ace9c0 1642739702 C Ci:5:005:0 0 1 = fb
ffff8801d7ace9c0 1642741350 S Ci:5:005:0 s 80 06 b504 2b15 0001 1 <
ffff8801d7ace9c0 1642741701 C Ci:5:005:0 0 1 = fb
ffff8801d7ace9c0 1642743345 S Ci:5:005:0 s 80 06 b504 fe16 0001 1 <
ffff8801d7ace9c0 1642743702 C Ci:5:005:0 0 1 = fb
ffff8801d7ace9c0 1642745346 S Ci:5:005:0 s 80 06 b504 2b17 0001 1 <
ffff8801d7ace9c0 1642745702 C Ci:5:005:0 0 1 = fb
ffff8801d7ace9c0 1642747345 S Ci:5:005:0 s 80 06 b504 fe18 0001 1 <
ffff8801d7ace9c0 1642747702 C Ci:5:005:0 0 1 = fb
ffff8801d7ace9c0 1642749346 S Ci:5:005:0 s 80 06 b504 2b19 0001 1 <
ffff8801d7ace9c0 1642749702 C Ci:5:005:0 0 1 = fb
ffff8801d7ace9c0 1642751351 S Ci:5:005:0 s 80 06 b504 fe1a 0001 1 <
ffff8801d7ace9c0 1642751703 C Ci:5:005:0 0 1 = fb
ffff8801d7ace9c0 1642753345 S Ci:5:005:0 s 80 06 b504 2b1b 0001 1 <
ffff8801d7ace9c0 1642753702 C Ci:5:005:0 0 1 = fb
ffff8801d7ace9c0 1642755346 S Ci:5:005:0 s 80 06 b504 fe1c 0001 1 <
ffff8801d7ace9c0 1642755702 C Ci:5:005:0 0 1 = fb
ffff8801d7ace9c0 1642757346 S Ci:5:005:0 s 80 06 b504 2b1d 0001 1 <
ffff8801d7ace9c0 1642757702 C Ci:5:005:0 0 1 = fb
ffff8801d7ace9c0 1642759346 S Ci:5:005:0 s 80 06 b504 fe1e 0001 1 <
ffff8801d7ace9c0 1642759702 C Ci:5:005:0 0 1 = fb
ffff8801d7ace9c0 1642761351 S Ci:5:005:0 s 80 06 b504 2b1f 0001 1 <
ffff8801d7ace9c0 1642761702 C Ci:5:005:0 0 1 = fb
ffff8801d7ace9c0 1642763345 S Ci:5:005:0 s 80 06 b504 fe20 0001 1 <
ffff8801d7ace9c0 1642763703 C Ci:5:005:0 0 1 = fb
ffff8801d7ace9c0 1642765346 S Ci:5:005:0 s 80 06 b504 2b21 0001 1 <
ffff8801d7ace9c0 1642765703 C Ci:5:005:0 0 1 = fb
ffff8801d7ace9c0 1642767346 S Ci:5:005:0 s 80 06 b504 fe22 0001 1 <
ffff8801d7ace9c0 1642767703 C Ci:5:005:0 0 1 = fb
ffff8801d7ace9c0 1642769347 S Ci:5:005:0 s 80 06 b504 2b23 0001 1 <
ffff8801d7ace9c0 1642769702 C Ci:5:005:0 0 1 = fb
ffff8801d7ace9c0 1642771351 S Ci:5:005:0 s 80 06 b504 0224 0001 1 <
ffff8801d7ace9c0 1642771702 C Ci:5:005:0 0 1 = fb
ffff8801d7ace9c0 1642773344 S Ci:5:005:0 s 80 06 b504 2525 0001 1 <
ffff8801d7ace9c0 1642773702 C Ci:5:005:0 0 1 = fb
ffff8801d7ace9c0 1642775346 S Ci:5:005:0 s 80 06 b504 0226 0001 1 <
ffff8801d7ace9c0 1642775702 C Ci:5:005:0 0 1 = fb
ffff8801d7ace9c0 1642777346 S Ci:5:005:0 s 80 06 b504 2427 0001 1 <
ffff8801d7ace9c0 1642777702 C Ci:5:005:0 0 1 = fb
ffff8801d7ace9c0 1642779346 S Ci:5:005:0 s 80 06 b504 0428 0001 1 <
ffff8801d7ace9c0 1642779703 C Ci:5:005:0 0 1 = fb
ffff8801d7ace9c0 1642781350 S Ci:5:005:0 s 80 06 b504 2529 0001 1 <
ffff8801d7ace9c0 1642781702 C Ci:5:005:0 0 1 = fb
ffff8801d7ace9c0 1642783344 S Ci:5:005:0 s 80 06 b504 042a 0001 1 <
ffff8801d7ace9c0 1642783703 C Ci:5:005:0 0 1 = fb
ffff8801d7ace9c0 1642785346 S Ci:5:005:0 s 80 06 b504 242b 0001 1 <
ffff8801d7ace9c0 1642785702 C Ci:5:005:0 0 1 = fb
ffff8801d7ace9c0 1642787346 S Ci:5:005:0 s 80 06 b504 082c 0001 1 <
ffff8801d7ace9c0 1642787702 C Ci:5:005:0 0 1 = fb
ffff8801d7ace9c0 1642789346 S Ci:5:005:0 s 80 06 b504 252d 0001 1 <
ffff8801d7ace9c0 1642789703 C Ci:5:005:0 0 1 = fb
ffff8801d7ace9c0 1642791350 S Ci:5:005:0 s 80 06 b504 082e 0001 1 <
ffff8801d7ace9c0 1642791703 C Ci:5:005:0 0 1 = fb
ffff8801d7ace9c0 1642793344 S Ci:5:005:0 s 80 06 b504 242f 0001 1 <
ffff8801d7ace9c0 1642793703 C Ci:5:005:0 0 1 = fb
ffff8801d7ace9c0 1642795346 S Ci:5:005:0 s 80 06 b504 1030 0001 1 <
ffff8801d7ace9c0 1642795703 C Ci:5:005:0 0 1 = fb
ffff88015d405ec0 1642797353 S Ci:5:005:0 s 80 06 b504 2531 0001 1 <
ffff88015d405ec0 1642797705 C Ci:5:005:0 0 1 = fb
ffff88015d405ec0 1642799347 S Ci:5:005:0 s 80 06 b504 1032 0001 1 <
ffff88015d405ec0 1642799704 C Ci:5:005:0 0 1 = fb
ffff88015d405ec0 1642801351 S Ci:5:005:0 s 80 06 b504 2433 0001 1 <
ffff88015d405ec0 1642801703 C Ci:5:005:0 0 1 = fb
ffff88015d405ec0 1642803344 S Ci:5:005:0 s 80 06 b504 f634 0001 1 <
ffff88015d405ec0 1642803703 C Ci:5:005:0 0 1 = fb
ffff88015d405ec0 1642805346 S Ci:5:005:0 s 80 06 b504 2b35 0001 1 <
ffff88015d405ec0 1642805703 C Ci:5:005:0 0 1 = fb
ffff88015d405ec0 1642807346 S Ci:5:005:0 s 80 06 b504 fe36 0001 1 <
ffff88015d405ec0 1642807703 C Ci:5:005:0 0 1 = fb
ffff88015d405ec0 1642809346 S Ci:5:005:0 s 80 06 b504 2b37 0001 1 <
ffff88015d405ec0 1642809704 C Ci:5:005:0 0 1 = fb
ffff88015d405ec0 1642811350 S Ci:5:005:0 s 80 06 b504 f038 0001 1 <
ffff88015d405ec0 1642811703 C Ci:5:005:0 0 1 = fb
ffff88015d405ec0 1642813344 S Ci:5:005:0 s 80 06 b504 e039 0001 1 <
ffff88015d405ec0 1642813704 C Ci:5:005:0 0 1 = fb
ffff88015d405ec0 1642815347 S Ci:5:005:0 s 80 06 b504 fe3a 0001 1 <
ffff88015d405ec0 1642815704 C Ci:5:005:0 0 1 = fb
ffff88015d405ec0 1642817346 S Ci:5:005:0 s 80 06 b504 2b3b 0001 1 <
ffff88015d405ec0 1642817704 C Ci:5:005:0 0 1 = fb
ffff88015d405ec0 1642819346 S Ci:5:005:0 s 80 06 b504 fe3c 0001 1 <
ffff88015d405ec0 1642819705 C Ci:5:005:0 0 1 = fb
ffff88015d405ec0 1642821351 S Ci:5:005:0 s 80 06 b504 2b3d 0001 1 <
ffff88015d405ec0 1642821704 C Ci:5:005:0 0 1 = fb
ffff88015d405ec0 1642823344 S Ci:5:005:0 s 80 06 b504 fe3e 0001 1 <
ffff88015d405ec0 1642823704 C Ci:5:005:0 0 1 = fb
ffff88015d405ec0 1642825346 S Ci:5:005:0 s 80 06 b504 2b3f 0001 1 <
ffff88015d405ec0 1642825705 C Ci:5:005:0 0 1 = fb
ffff88015d405ec0 1642827352 S Ci:5:005:0 s 80 06 b500 9a60 0001 1 <
ffff88015d405ec0 1642828705 C Ci:5:005:0 0 1 = fb
ffff88015d405ec0 1642830652 S Ci:5:005:0 s 80 06 b501 1a60 0002 2 <
ffff88015d405ec0 1642831705 C Ci:5:005:0 0 2 = fe2b
ffff88015d405ec0 1642833345 S Ci:5:005:0 s 80 06 b501 1a61 0002 2 <
ffff88015d405ec0 1642833704 C Ci:5:005:0 0 2 = fe2b
ffff88015d405ec0 1642835346 S Ci:5:005:0 s 80 06 b501 1a62 0002 2 <
ffff88015d405ec0 1642835705 C Ci:5:005:0 0 2 = fe2b
ffff88015d405ec0 1642837349 S Ci:5:005:0 s 80 06 b501 1a63 0002 2 <
ffff88015d405ec0 1642837705 C Ci:5:005:0 0 2 = fe2b
ffff88015d405ec0 1642839350 S Ci:5:005:0 s 80 06 b501 1a64 0002 2 <
ffff88015d405ec0 1642839705 C Ci:5:005:0 0 2 = fe2b
ffff88015d405ec0 1642841351 S Ci:5:005:0 s 80 06 b501 1a65 0002 2 <
ffff88015d405ec0 1642841705 C Ci:5:005:0 0 2 = fe2b
ffff88019ff416c0 1642843346 S Ci:5:005:0 s 80 06 b501 1a66 0002 2 <
ffff88019ff416c0 1642843705 C Ci:5:005:0 0 2 = fe2b
ffff88019ff416c0 1642845347 S Ci:5:005:0 s 80 06 b501 1a67 0002 2 <
ffff88019ff416c0 1642845705 C Ci:5:005:0 0 2 = fe2b
ffff88019ff416c0 1642847346 S Ci:5:005:0 s 80 06 b501 1a68 0002 2 <
ffff88019ff416c0 1642847705 C Ci:5:005:0 0 2 = fe2b
ffff88015d405ec0 1642849436 S Ci:5:005:0 s 80 06 b501 1a69 0002 2 <
ffff88015d405ec0 1642849707 C Ci:5:005:0 0 2 = fe2b
ffff88015d405ec0 1642851370 S Ci:5:005:0 s 80 06 b501 1a6a 0002 2 <
ffff88015d405ec0 1642851708 C Ci:5:005:0 0 2 = fe2b
ffff8801d7ace9c0 1642853352 S Ci:5:005:0 s 80 06 b501 1a6b 0002 2 <
ffff8801d7ace9c0 1642853706 C Ci:5:005:0 0 2 = fe2b
ffff8801d7ace9c0 1642855347 S Ci:5:005:0 s 80 06 b501 1a6c 0002 2 <
ffff8801d7ace9c0 1642855706 C Ci:5:005:0 0 2 = fe2b
ffff8801d7ace9c0 1642857346 S Ci:5:005:0 s 80 06 b501 1a6d 0002 2 <
ffff8801d7ace9c0 1642857706 C Ci:5:005:0 0 2 = fe2b
ffff8801d7ace9c0 1642859346 S Ci:5:005:0 s 80 06 b501 1a6e 0002 2 <
ffff8801d7ace9c0 1642859706 C Ci:5:005:0 0 2 = fe2b
ffff8801d7ace9c0 1642861351 S Ci:5:005:0 s 80 06 b501 1a6f 0002 2 <
ffff8801d7ace9c0 1642861706 C Ci:5:005:0 0 2 = fe2b
ffff8801d7ace9c0 1642863345 S Ci:5:005:0 s 80 06 b501 1a70 0002 2 <
ffff8801d7ace9c0 1642863706 C Ci:5:005:0 0 2 = fe2b
ffff8801d7ace9c0 1642865347 S Ci:5:005:0 s 80 06 b501 1a71 0002 2 <
ffff8801d7ace9c0 1642865706 C Ci:5:005:0 0 2 = fe2b
ffff8801d7ace9c0 1642867345 S Ci:5:005:0 s 80 06 b501 1a72 0002 2 <
ffff8801d7ace9c0 1642867706 C Ci:5:005:0 0 2 = 0225
ffff8801d7ace9c0 1642869346 S Ci:5:005:0 s 80 06 b501 1a73 0002 2 <
ffff8801d7ace9c0 1642869706 C Ci:5:005:0 0 2 = 0224
ffff8801d7ace9c0 1642871350 S Ci:5:005:0 s 80 06 b501 1a74 0002 2 <
ffff8801d7ace9c0 1642871707 C Ci:5:005:0 0 2 = 0425
ffff8801d7ace9c0 1642873344 S Ci:5:005:0 s 80 06 b501 1a75 0002 2 <
ffff8801d7ace9c0 1642873706 C Ci:5:005:0 0 2 = 0424
ffff8801d7ace9c0 1642875346 S Ci:5:005:0 s 80 06 b501 1a76 0002 2 <
ffff8801d7ace9c0 1642875706 C Ci:5:005:0 0 2 = 0825
ffff8801d7ace9c0 1642877347 S Ci:5:005:0 s 80 06 b501 1a77 0002 2 <
ffff8801d7ace9c0 1642877706 C Ci:5:005:0 0 2 = 0824
ffff8801d7ace9c0 1642879346 S Ci:5:005:0 s 80 06 b501 1a78 0002 2 <
ffff8801d7ace9c0 1642879706 C Ci:5:005:0 0 2 = 1025
ffff8801d7ace9c0 1642881350 S Ci:5:005:0 s 80 06 b501 1a79 0002 2 <
ffff8801d7ace9c0 1642881707 C Ci:5:005:0 0 2 = 1024
ffff8801d7ace9c0 1642883346 S Ci:5:005:0 s 80 06 b501 1a7a 0002 2 <
ffff8801d7ace9c0 1642883706 C Ci:5:005:0 0 2 = f62b
ffff88015d405ec0 1642885351 S Ci:5:005:0 s 80 06 b501 1a7b 0002 2 <
ffff88015d405ec0 1642885707 C Ci:5:005:0 0 2 = fe2b
ffff88015d405ec0 1642887347 S Ci:5:005:0 s 80 06 b501 1a7c 0002 2 <
ffff88015d405ec0 1642887707 C Ci:5:005:0 0 2 = f0e0
ffff88015d405ec0 1642889346 S Ci:5:005:0 s 80 06 b501 1a7d 0002 2 <
ffff88015d405ec0 1642889706 C Ci:5:005:0 0 2 = fe2b
ffff88015d405ec0 1642891351 S Ci:5:005:0 s 80 06 b501 1a7e 0002 2 <
ffff88015d405ec0 1642891706 C Ci:5:005:0 0 2 = fe2b
ffff88015d405ec0 1642893347 S Ci:5:005:0 s 80 06 b501 1a7f 0002 2 <
ffff88015d405ec0 1642893706 C Ci:5:005:0 0 2 = fe2b
ffff88015d405ec0 1642895346 S Ci:5:005:0 s 80 06 b502 1a80 0001 1 <
ffff88015d405ec0 1642920711 C Ci:5:005:0 0 1 = fb
ffff88015d405ec0 1642922347 S Ci:5:005:0 s 80 06 b504 fe00 0001 1 <
ffff88015d405ec0 1642922708 C Ci:5:005:0 0 1 = fb
ffff88015d405ec0 1642924345 S Ci:5:005:0 s 80 06 b504 2b01 0001 1 <
ffff88015d405ec0 1642924708 C Ci:5:005:0 0 1 = fb
ffff88015d405ec0 1642926346 S Ci:5:005:0 s 80 06 b504 fe02 0001 1 <
ffff88015d405ec0 1642926707 C Ci:5:005:0 0 1 = fb
ffff88015d405ec0 1642928346 S Ci:5:005:0 s 80 06 b504 2b03 0001 1 <
ffff88015d405ec0 1642928708 C Ci:5:005:0 0 1 = fb
ffff88015d405ec0 1642930348 S Ci:5:005:0 s 80 06 b504 fe04 0001 1 <
ffff88015d405ec0 1642930708 C Ci:5:005:0 0 1 = fb
ffff88015d405ec0 1642932345 S Ci:5:005:0 s 80 06 b504 2b05 0001 1 <
ffff88015d405ec0 1642932708 C Ci:5:005:0 0 1 = fb
ffff88015d405ec0 1642934345 S Ci:5:005:0 s 80 06 b504 fe06 0001 1 <
ffff88015d405ec0 1642934708 C Ci:5:005:0 0 1 = fb
ffff88015d405ec0 1642936346 S Ci:5:005:0 s 80 06 b504 2b07 0001 1 <
ffff88015d405ec0 1642936707 C Ci:5:005:0 0 1 = fb
ffff88015d405ec0 1642938346 S Ci:5:005:0 s 80 06 b504 fe08 0001 1 <
ffff88015d405ec0 1642938707 C Ci:5:005:0 0 1 = fb
ffff88015d405ec0 1642940348 S Ci:5:005:0 s 80 06 b504 2b09 0001 1 <
ffff88015d405ec0 1642940708 C Ci:5:005:0 0 1 = fb
ffff88015d405ec0 1642942345 S Ci:5:005:0 s 80 06 b504 fe0a 0001 1 <
ffff88015d405ec0 1642942708 C Ci:5:005:0 0 1 = fb
ffff88015d405ec0 1642944345 S Ci:5:005:0 s 80 06 b504 2b0b 0001 1 <
ffff88015d405ec0 1642944709 C Ci:5:005:0 0 1 = fb
ffff88015d405ec0 1642946346 S Ci:5:005:0 s 80 06 b504 fe0c 0001 1 <
ffff88015d405ec0 1642946708 C Ci:5:005:0 0 1 = fb
ffff88015d405ec0 1642948346 S Ci:5:005:0 s 80 06 b504 2b0d 0001 1 <
ffff88015d405ec0 1642948708 C Ci:5:005:0 0 1 = fb
ffff88015d405ec0 1642950348 S Ci:5:005:0 s 80 06 b504 fe0e 0001 1 <
ffff88015d405ec0 1642950709 C Ci:5:005:0 0 1 = fb
ffff88015d405ec0 1642952346 S Ci:5:005:0 s 80 06 b504 2b0f 0001 1 <
ffff88015d405ec0 1642952709 C Ci:5:005:0 0 1 = fb
ffff88015d405ec0 1642954344 S Ci:5:005:0 s 80 06 b504 fe10 0001 1 <
ffff88015d405ec0 1642954708 C Ci:5:005:0 0 1 = fb
ffff88015d405ec0 1642956346 S Ci:5:005:0 s 80 06 b504 2b11 0001 1 <
ffff88015d405ec0 1642956709 C Ci:5:005:0 0 1 = fb
ffff88015d405ec0 1642958345 S Ci:5:005:0 s 80 06 b504 fe12 0001 1 <
ffff88015d405ec0 1642958708 C Ci:5:005:0 0 1 = fb
ffff88015d405ec0 1642960348 S Ci:5:005:0 s 80 06 b504 2b13 0001 1 <
ffff88015d405ec0 1642960709 C Ci:5:005:0 0 1 = fb
ffff88015d405ec0 1642962345 S Ci:5:005:0 s 80 06 b504 fe14 0001 1 <
ffff88015d405ec0 1642962708 C Ci:5:005:0 0 1 = fb
ffff88015d405ec0 1642964344 S Ci:5:005:0 s 80 06 b504 2b15 0001 1 <
ffff88015d405ec0 1642964709 C Ci:5:005:0 0 1 = fb
ffff88015d405ec0 1642966347 S Ci:5:005:0 s 80 06 b504 fe16 0001 1 <
ffff88015d405ec0 1642966708 C Ci:5:005:0 0 1 = fb
ffff88015d405ec0 1642968346 S Ci:5:005:0 s 80 06 b504 2b17 0001 1 <
ffff88015d405ec0 1642968709 C Ci:5:005:0 0 1 = fb
ffff88015d405ec0 1642970388 S Ci:5:005:0 s 80 06 b504 fe18 0001 1 <
ffff88015d405ec0 1642970709 C Ci:5:005:0 0 1 = fb
ffff88015d405ec0 1642972346 S Ci:5:005:0 s 80 06 b504 2b19 0001 1 <
ffff88015d405ec0 1642972709 C Ci:5:005:0 0 1 = fb
ffff88015d405ec0 1642974344 S Ci:5:005:0 s 80 06 b504 fe1a 0001 1 <
ffff88015d405ec0 1642974709 C Ci:5:005:0 0 1 = fb
ffff88015d405ec0 1642976344 S Ci:5:005:0 s 80 06 b504 2b1b 0001 1 <
ffff88015d405ec0 1642976709 C Ci:5:005:0 0 1 = fb
ffff88015d405ec0 1642978346 S Ci:5:005:0 s 80 06 b504 fe1c 0001 1 <
ffff88015d405ec0 1642978709 C Ci:5:005:0 0 1 = fb
ffff88015d405ec0 1642980346 S Ci:5:005:0 s 80 06 b504 2b1d 0001 1 <
ffff88015d405ec0 1642980709 C Ci:5:005:0 0 1 = fb
ffff88015d405ec0 1642982346 S Ci:5:005:0 s 80 06 b504 fe1e 0001 1 <
ffff88015d405ec0 1642982709 C Ci:5:005:0 0 1 = fb
ffff88015d405ec0 1642984344 S Ci:5:005:0 s 80 06 b504 2b1f 0001 1 <
ffff88015d405ec0 1642984709 C Ci:5:005:0 0 1 = fb
ffff88015d405ec0 1642986346 S Ci:5:005:0 s 80 06 b504 fe20 0001 1 <
ffff88015d405ec0 1642986709 C Ci:5:005:0 0 1 = fb
ffff88015d405ec0 1642988346 S Ci:5:005:0 s 80 06 b504 2b21 0001 1 <
ffff88015d405ec0 1642988710 C Ci:5:005:0 0 1 = fb
ffff88015d405ec0 1642990346 S Ci:5:005:0 s 80 06 b504 fe22 0001 1 <
ffff88015d405ec0 1642990709 C Ci:5:005:0 0 1 = fb
ffff88015d405ec0 1642992347 S Ci:5:005:0 s 80 06 b504 2b23 0001 1 <
ffff88015d405ec0 1642992710 C Ci:5:005:0 0 1 = fb
ffff88015d405ec0 1642994345 S Ci:5:005:0 s 80 06 b504 0224 0001 1 <
ffff88015d405ec0 1642994710 C Ci:5:005:0 0 1 = fb
ffff88015d405ec0 1642996346 S Ci:5:005:0 s 80 06 b504 2525 0001 1 <
ffff88015d405ec0 1642996710 C Ci:5:005:0 0 1 = fb
ffff88019ff416c0 1642998350 S Ci:5:005:0 s 80 06 b504 0226 0001 1 <
ffff88019ff416c0 1642998712 C Ci:5:005:0 0 1 = fb
ffff88019ff416c0 1643000347 S Ci:5:005:0 s 80 06 b504 2427 0001 1 <
ffff88019ff416c0 1643000710 C Ci:5:005:0 0 1 = fb
ffff88019ff416c0 1643002347 S Ci:5:005:0 s 80 06 b504 0428 0001 1 <
ffff88019ff416c0 1643002710 C Ci:5:005:0 0 1 = fb
ffff88019ff416c0 1643004344 S Ci:5:005:0 s 80 06 b504 2529 0001 1 <
ffff88019ff416c0 1643004710 C Ci:5:005:0 0 1 = fb
ffff88019ff416c0 1643006346 S Ci:5:005:0 s 80 06 b504 042a 0001 1 <
ffff88019ff416c0 1643006710 C Ci:5:005:0 0 1 = fb
ffff88019ff416c0 1643008346 S Ci:5:005:0 s 80 06 b504 242b 0001 1 <
ffff88019ff416c0 1643008710 C Ci:5:005:0 0 1 = fb
ffff88019ff416c0 1643010346 S Ci:5:005:0 s 80 06 b504 082c 0001 1 <
ffff88019ff416c0 1643010711 C Ci:5:005:0 0 1 = fb
ffff88019ff416c0 1643012346 S Ci:5:005:0 s 80 06 b504 252d 0001 1 <
ffff88019ff416c0 1643012711 C Ci:5:005:0 0 1 = fb
ffff88019ff416c0 1643014345 S Ci:5:005:0 s 80 06 b504 082e 0001 1 <
ffff88019ff416c0 1643014711 C Ci:5:005:0 0 1 = fb
ffff88019ff416c0 1643016348 S Ci:5:005:0 s 80 06 b504 242f 0001 1 <
ffff88019ff416c0 1643016711 C Ci:5:005:0 0 1 = fb
ffff88019ff416c0 1643021802 S Ci:5:005:0 s 80 06 b504 1030 0001 1 <
ffff88019ff416c0 1643022716 C Ci:5:005:0 0 1 = fb
ffff88013d3b4480 1643023829 S Ci:5:005:0 s 80 06 b504 2531 0001 1 <
ffff88013d3b4480 1643024712 C Ci:5:005:0 0 1 = fb
ffff88013d3b4480 1643025827 S Ci:5:005:0 s 80 06 b504 1032 0001 1 <
ffff88013d3b4480 1643026711 C Ci:5:005:0 0 1 = fb
ffff88013d3b4480 1643027824 S Ci:5:005:0 s 80 06 b504 2433 0001 1 <
ffff88013d3b4480 1643028711 C Ci:5:005:0 0 1 = fb
ffff88013d3b4480 1643029824 S Ci:5:005:0 s 80 06 b504 f634 0001 1 <
ffff88013d3b4480 1643030711 C Ci:5:005:0 0 1 = fb
ffff88013d3b4480 1643031842 S Ci:5:005:0 s 80 06 b504 2b35 0001 1 <
ffff88013d3b4480 1643032711 C Ci:5:005:0 0 1 = fb
ffff88013d3b4480 1643033824 S Ci:5:005:0 s 80 06 b504 fe36 0001 1 <
ffff88013d3b4480 1643034712 C Ci:5:005:0 0 1 = fb
ffff88019ff416c0 1643035827 S Ci:5:005:0 s 80 06 b504 2b37 0001 1 <
ffff88019ff416c0 1643036712 C Ci:5:005:0 0 1 = fb
ffff88019ff416c0 1643037959 S Ci:5:005:0 s 80 06 b504 f038 0001 1 <
ffff88019ff416c0 1643038715 C Ci:5:005:0 0 1 = fb
ffff88019ff416c0 1643039834 S Ci:5:005:0 s 80 06 b504 e039 0001 1 <
ffff88019ff416c0 1643040712 C Ci:5:005:0 0 1 = fb
ffff88019ff416c0 1643041840 S Ci:5:005:0 s 80 06 b504 fe3a 0001 1 <
ffff88019ff416c0 1643042712 C Ci:5:005:0 0 1 = fb
ffff88019ff416c0 1643043834 S Ci:5:005:0 s 80 06 b504 2b3b 0001 1 <
ffff88019ff416c0 1643044712 C Ci:5:005:0 0 1 = fb
ffff88019ff416c0 1643045824 S Ci:5:005:0 s 80 06 b504 fe3c 0001 1 <
ffff88019ff416c0 1643046712 C Ci:5:005:0 0 1 = fb
ffff88019ff416c0 1643047823 S Ci:5:005:0 s 80 06 b504 2b3d 0001 1 <
ffff88019ff416c0 1643048712 C Ci:5:005:0 0 1 = fb
ffff88019ff416c0 1643049823 S Ci:5:005:0 s 80 06 b504 fe3e 0001 1 <
ffff88019ff416c0 1643050712 C Ci:5:005:0 0 1 = fb
ffff88019ff416c0 1643051828 S Ci:5:005:0 s 80 06 b504 2b3f 0001 1 <
ffff88019ff416c0 1643052713 C Ci:5:005:0 0 1 = fb
ffff88013d3b4480 1643053828 S Ci:5:005:0 s 80 06 b500 9a80 0001 1 <
ffff88013d3b4480 1643055712 C Ci:5:005:0 0 1 = fb
ffff88013d3b4480 1643057824 S Ci:5:005:0 s 80 06 b501 1a80 0002 2 <
ffff88013d3b4480 1643058712 C Ci:5:005:0 0 2 = fe2b
ffff88013d3b4480 1643059824 S Ci:5:005:0 s 80 06 b501 1a81 0002 2 <
ffff88013d3b4480 1643060711 C Ci:5:005:0 0 2 = fe2b
ffff88013d3b4480 1643061835 S Ci:5:005:0 s 80 06 b501 1a82 0002 2 <
ffff88013d3b4480 1643062712 C Ci:5:005:0 0 2 = fe2b
ffff88013d3b4480 1643063824 S Ci:5:005:0 s 80 06 b501 1a83 0002 2 <
ffff88013d3b4480 1643064712 C Ci:5:005:0 0 2 = fe2b
ffff88013d3b4480 1643065824 S Ci:5:005:0 s 80 06 b501 1a84 0002 2 <
ffff88013d3b4480 1643066713 C Ci:5:005:0 0 2 = fe2b
ffff88013d3b4480 1643067823 S Ci:5:005:0 s 80 06 b501 1a85 0002 2 <
ffff88013d3b4480 1643068713 C Ci:5:005:0 0 2 = fe2b
ffff88013d3b4480 1643069823 S Ci:5:005:0 s 80 06 b501 1a86 0002 2 <
ffff88013d3b4480 1643070712 C Ci:5:005:0 0 2 = fe2b
ffff88013d3b4480 1643071832 S Ci:5:005:0 s 80 06 b501 1a87 0002 2 <
ffff88013d3b4480 1643072713 C Ci:5:005:0 0 2 = fe2b
ffff88013d3b4480 1643073823 S Ci:5:005:0 s 80 06 b501 1a88 0002 2 <
ffff88013d3b4480 1643074712 C Ci:5:005:0 0 2 = fe2b
ffff88013d3b4480 1643075824 S Ci:5:005:0 s 80 06 b501 1a89 0002 2 <
ffff88013d3b4480 1643076712 C Ci:5:005:0 0 2 = fe2b
ffff88019ff416c0 1643077878 S Ci:5:005:0 s 80 06 b501 1a8a 0002 2 <
ffff88019ff416c0 1643078713 C Ci:5:005:0 0 2 = fe2b
ffff88019ff416c0 1643079823 S Ci:5:005:0 s 80 06 b501 1a8b 0002 2 <
ffff88019ff416c0 1643080712 C Ci:5:005:0 0 2 = fe2b
ffff88019ff416c0 1643081828 S Ci:5:005:0 s 80 06 b501 1a8c 0002 2 <
ffff88019ff416c0 1643082713 C Ci:5:005:0 0 2 = fe2b
ffff88019ff416c0 1643083870 S Ci:5:005:0 s 80 06 b501 1a8d 0002 2 <
ffff88019ff416c0 1643084713 C Ci:5:005:0 0 2 = fe2b
ffff88019ff416c0 1643085948 S Ci:5:005:0 s 80 06 b501 1a8e 0002 2 <
ffff88019ff416c0 1643086712 C Ci:5:005:0 0 2 = fe2b
ffff88019ff416c0 1643088031 S Ci:5:005:0 s 80 06 b501 1a8f 0002 2 <
ffff88019ff416c0 1643088713 C Ci:5:005:0 0 2 = fe2b
ffff88019ff416c0 1643090113 S Ci:5:005:0 s 80 06 b501 1a90 0002 2 <
ffff88019ff416c0 1643090713 C Ci:5:005:0 0 2 = fe2b
ffff88019ff416c0 1643092174 S Ci:5:005:0 s 80 06 b501 1a91 0002 2 <
ffff88019ff416c0 1643092713 C Ci:5:005:0 0 2 = fe2b
ffff88019ff416c0 1643093823 S Ci:5:005:0 s 80 06 b501 1a92 0002 2 <
ffff88019ff416c0 1643094713 C Ci:5:005:0 0 2 = 0225
ffff88019ff416c0 1643095823 S Ci:5:005:0 s 80 06 b501 1a93 0002 2 <
ffff88019ff416c0 1643096713 C Ci:5:005:0 0 2 = 0224
ffff88019ff416c0 1643097811 S Ci:5:005:0 s 80 06 b501 1a94 0002 2 <
ffff88019ff416c0 1643098714 C Ci:5:005:0 0 2 = 0425
ffff88019ff416c0 1643099829 S Ci:5:005:0 s 80 06 b501 1a95 0002 2 <
ffff88019ff416c0 1643100714 C Ci:5:005:0 0 2 = 0424
ffff88019ff416c0 1643101879 S Ci:5:005:0 s 80 06 b501 1a96 0002 2 <
ffff88019ff416c0 1643102712 C Ci:5:005:0 0 2 = 0825
ffff88019ff416c0 1643103824 S Ci:5:005:0 s 80 06 b501 1a97 0002 2 <
ffff88019ff416c0 1643104714 C Ci:5:005:0 0 2 = 0824
ffff88019ff416c0 1643105824 S Ci:5:005:0 s 80 06 b501 1a98 0002 2 <
ffff88019ff416c0 1643106714 C Ci:5:005:0 0 2 = 1025
ffff88019ff416c0 1643107823 S Ci:5:005:0 s 80 06 b501 1a99 0002 2 <
ffff88019ff416c0 1643108714 C Ci:5:005:0 0 2 = 1024
ffff88019ff416c0 1643109826 S Ci:5:005:0 s 80 06 b501 1a9a 0002 2 <
ffff88019ff416c0 1643110714 C Ci:5:005:0 0 2 = f62b
ffff88019ff416c0 1643112824 S Ci:5:005:0 s 80 06 b501 1a9b 0002 2 <
ffff88019ff416c0 1643113714 C Ci:5:005:0 0 2 = fe2b
ffff88019ff416c0 1643114824 S Ci:5:005:0 s 80 06 b501 1a9c 0002 2 <
ffff88019ff416c0 1643115714 C Ci:5:005:0 0 2 = f0e0
ffff88019ff416c0 1643116824 S Ci:5:005:0 s 80 06 b501 1a9d 0002 2 <
ffff88019ff416c0 1643117714 C Ci:5:005:0 0 2 = fe2b
ffff88019ff416c0 1643118823 S Ci:5:005:0 s 80 06 b501 1a9e 0002 2 <
ffff88019ff416c0 1643119714 C Ci:5:005:0 0 2 = fe2b
ffff88019ff416c0 1643120823 S Ci:5:005:0 s 80 06 b501 1a9f 0002 2 <
ffff88019ff416c0 1643121714 C Ci:5:005:0 0 2 = fe2b
ffff88019ff416c0 1643122823 S Ci:5:005:0 s 80 06 b504 fe00 0001 1 <
ffff88019ff416c0 1643123714 C Ci:5:005:0 0 1 = fb
ffff88019ff416c0 1643124823 S Ci:5:005:0 s 80 06 b504 2b01 0001 1 <
ffff88019ff416c0 1643125715 C Ci:5:005:0 0 1 = fb
ffff88019ff416c0 1643126823 S Ci:5:005:0 s 80 06 b504 fe02 0001 1 <
ffff88019ff416c0 1643127715 C Ci:5:005:0 0 1 = fb
ffff88019ff416c0 1643128822 S Ci:5:005:0 s 80 06 b504 2b03 0001 1 <
ffff88019ff416c0 1643129715 C Ci:5:005:0 0 1 = fb
ffff88019ff416c0 1643130823 S Ci:5:005:0 s 80 06 b504 fe04 0001 1 <
ffff88019ff416c0 1643131715 C Ci:5:005:0 0 1 = fb
ffff88019ff416c0 1643132822 S Ci:5:005:0 s 80 06 b504 2b05 0001 1 <
ffff88019ff416c0 1643133714 C Ci:5:005:0 0 1 = fb
ffff88019ff416c0 1643134823 S Ci:5:005:0 s 80 06 b504 fe06 0001 1 <
ffff88019ff416c0 1643135715 C Ci:5:005:0 0 1 = fb
ffff88019ff416c0 1643136823 S Ci:5:005:0 s 80 06 b504 2b07 0001 1 <
ffff88019ff416c0 1643137714 C Ci:5:005:0 0 1 = fb
ffff88019ff416c0 1643138823 S Ci:5:005:0 s 80 06 b504 fe08 0001 1 <
ffff88019ff416c0 1643139715 C Ci:5:005:0 0 1 = fb
ffff88019ff416c0 1643140824 S Ci:5:005:0 s 80 06 b504 2b09 0001 1 <
ffff88019ff416c0 1643141715 C Ci:5:005:0 0 1 = fb
ffff88019ff416c0 1643142823 S Ci:5:005:0 s 80 06 b504 fe0a 0001 1 <
ffff88019ff416c0 1643143715 C Ci:5:005:0 0 1 = fb
ffff88019ff416c0 1643144823 S Ci:5:005:0 s 80 06 b504 2b0b 0001 1 <
ffff88019ff416c0 1643145716 C Ci:5:005:0 0 1 = fb
ffff88019ff416c0 1643146823 S Ci:5:005:0 s 80 06 b504 fe0c 0001 1 <
ffff88019ff416c0 1643147715 C Ci:5:005:0 0 1 = fb
ffff88019ff416c0 1643148822 S Ci:5:005:0 s 80 06 b504 2b0d 0001 1 <
ffff88019ff416c0 1643149715 C Ci:5:005:0 0 1 = fb
ffff88019ff416c0 1643150823 S Ci:5:005:0 s 80 06 b504 fe0e 0001 1 <
ffff88019ff416c0 1643151715 C Ci:5:005:0 0 1 = fb
ffff88019ff416c0 1643152823 S Ci:5:005:0 s 80 06 b504 2b0f 0001 1 <
ffff88019ff416c0 1643153715 C Ci:5:005:0 0 1 = fb
ffff88019ff416c0 1643154823 S Ci:5:005:0 s 80 06 b504 fe10 0001 1 <
ffff88019ff416c0 1643155715 C Ci:5:005:0 0 1 = fb
ffff88019ff416c0 1643156823 S Ci:5:005:0 s 80 06 b504 2b11 0001 1 <
ffff88019ff416c0 1643157716 C Ci:5:005:0 0 1 = fb
ffff88019ff416c0 1643158822 S Ci:5:005:0 s 80 06 b504 fe12 0001 1 <
ffff88019ff416c0 1643159716 C Ci:5:005:0 0 1 = fb
ffff88019ff416c0 1643160824 S Ci:5:005:0 s 80 06 b504 2b13 0001 1 <
ffff88019ff416c0 1643161716 C Ci:5:005:0 0 1 = fb
ffff88015d405ec0 1643162824 S Ci:5:005:0 s 80 06 b504 fe14 0001 1 <
ffff88015d405ec0 1643163715 C Ci:5:005:0 0 1 = fb
ffff88015d405ec0 1643164910 S Ci:5:005:0 s 80 06 b504 2b15 0001 1 <
ffff88015d405ec0 1643165716 C Ci:5:005:0 0 1 = fb
ffff88015d405ec0 1643166823 S Ci:5:005:0 s 80 06 b504 fe16 0001 1 <
ffff88015d405ec0 1643167717 C Ci:5:005:0 0 1 = fb
ffff88015d405ec0 1643168822 S Ci:5:005:0 s 80 06 b504 2b17 0001 1 <
ffff88015d405ec0 1643169716 C Ci:5:005:0 0 1 = fb
ffff88015d405ec0 1643170823 S Ci:5:005:0 s 80 06 b504 fe18 0001 1 <
ffff88015d405ec0 1643171716 C Ci:5:005:0 0 1 = fb
ffff88015d405ec0 1643172823 S Ci:5:005:0 s 80 06 b504 2b19 0001 1 <
ffff88015d405ec0 1643173716 C Ci:5:005:0 0 1 = fb
ffff88015d405ec0 1643174829 S Ci:5:005:0 s 80 06 b504 fe1a 0001 1 <
ffff88015d405ec0 1643175719 C Ci:5:005:0 0 1 = fb
ffff88015d405ec0 1643176827 S Ci:5:005:0 s 80 06 b504 2b1b 0001 1 <
ffff88015d405ec0 1643177716 C Ci:5:005:0 0 1 = fb
ffff88015d405ec0 1643178823 S Ci:5:005:0 s 80 06 b504 fe1c 0001 1 <
ffff88015d405ec0 1643179715 C Ci:5:005:0 0 1 = fb
ffff88015d405ec0 1643180828 S Ci:5:005:0 s 80 06 b504 2b1d 0001 1 <
ffff88015d405ec0 1643181717 C Ci:5:005:0 0 1 = fb
ffff88015d405ec0 1643182823 S Ci:5:005:0 s 80 06 b504 fe1e 0001 1 <
ffff88015d405ec0 1643183716 C Ci:5:005:0 0 1 = fb
ffff88015d405ec0 1643184823 S Ci:5:005:0 s 80 06 b504 2b1f 0001 1 <
ffff88015d405ec0 1643185717 C Ci:5:005:0 0 1 = fb
ffff88015d405ec0 1643186823 S Ci:5:005:0 s 80 06 b504 fe20 0001 1 <
ffff88015d405ec0 1643187716 C Ci:5:005:0 0 1 = fb
ffff88015d405ec0 1643188823 S Ci:5:005:0 s 80 06 b504 2b21 0001 1 <
ffff88015d405ec0 1643189717 C Ci:5:005:0 0 1 = fb
ffff88015d405ec0 1643190823 S Ci:5:005:0 s 80 06 b504 fe22 0001 1 <
ffff88015d405ec0 1643191718 C Ci:5:005:0 0 1 = fb
ffff88015d405ec0 1643192823 S Ci:5:005:0 s 80 06 b504 2b23 0001 1 <
ffff88015d405ec0 1643193716 C Ci:5:005:0 0 1 = fb
ffff88015d405ec0 1643194823 S Ci:5:005:0 s 80 06 b504 0224 0001 1 <
ffff88015d405ec0 1643195717 C Ci:5:005:0 0 1 = fb
ffff88015d405ec0 1643196823 S Ci:5:005:0 s 80 06 b504 2525 0001 1 <
ffff88015d405ec0 1643197716 C Ci:5:005:0 0 1 = fb
ffff88015d405ec0 1643198822 S Ci:5:005:0 s 80 06 b504 0226 0001 1 <
ffff88015d405ec0 1643199718 C Ci:5:005:0 0 1 = fb
ffff88015d405ec0 1643200829 S Ci:5:005:0 s 80 06 b504 2427 0001 1 <
ffff88015d405ec0 1643201718 C Ci:5:005:0 0 1 = fb
ffff88015d405ec0 1643202824 S Ci:5:005:0 s 80 06 b504 0428 0001 1 <
ffff88015d405ec0 1643203717 C Ci:5:005:0 0 1 = fb
ffff88015d405ec0 1643204823 S Ci:5:005:0 s 80 06 b504 2529 0001 1 <
ffff88015d405ec0 1643205717 C Ci:5:005:0 0 1 = fb
ffff88015d405ec0 1643206823 S Ci:5:005:0 s 80 06 b504 042a 0001 1 <
ffff88015d405ec0 1643207717 C Ci:5:005:0 0 1 = fb
ffff88015d405ec0 1643208822 S Ci:5:005:0 s 80 06 b504 242b 0001 1 <
ffff88015d405ec0 1643209717 C Ci:5:005:0 0 1 = fb
ffff88015d405ec0 1643210824 S Ci:5:005:0 s 80 06 b504 082c 0001 1 <
ffff88015d405ec0 1643211717 C Ci:5:005:0 0 1 = fb
ffff88015d405ec0 1643212824 S Ci:5:005:0 s 80 06 b504 252d 0001 1 <
ffff88015d405ec0 1643213717 C Ci:5:005:0 0 1 = fb
ffff88015d405ec0 1643214823 S Ci:5:005:0 s 80 06 b504 082e 0001 1 <
ffff88015d405ec0 1643215717 C Ci:5:005:0 0 1 = fb
ffff88015d405ec0 1643216823 S Ci:5:005:0 s 80 06 b504 242f 0001 1 <
ffff88015d405ec0 1643217718 C Ci:5:005:0 0 1 = fb
ffff88015d405ec0 1643218822 S Ci:5:005:0 s 80 06 b504 1030 0001 1 <
ffff88015d405ec0 1643219718 C Ci:5:005:0 0 1 = fb
ffff88015d405ec0 1643220823 S Ci:5:005:0 s 80 06 b504 2531 0001 1 <
ffff88015d405ec0 1643221717 C Ci:5:005:0 0 1 = fb
ffff88015d405ec0 1643222823 S Ci:5:005:0 s 80 06 b504 1032 0001 1 <
ffff88015d405ec0 1643223716 C Ci:5:005:0 0 1 = fb
ffff88015d405ec0 1643224825 S Ci:5:005:0 s 80 06 b504 2433 0001 1 <
ffff88015d405ec0 1643225718 C Ci:5:005:0 0 1 = fb
ffff88015d405ec0 1643226824 S Ci:5:005:0 s 80 06 b504 f634 0001 1 <
ffff88015d405ec0 1643227718 C Ci:5:005:0 0 1 = fb
ffff88015d405ec0 1643228822 S Ci:5:005:0 s 80 06 b504 2b35 0001 1 <
ffff88015d405ec0 1643229718 C Ci:5:005:0 0 1 = fb
ffff88015d405ec0 1643231210 S Ci:5:005:0 s 80 06 b504 fe36 0001 1 <
ffff88015d405ec0 1643231718 C Ci:5:005:0 0 1 = fb
ffff88015d405ec0 1643232824 S Ci:5:005:0 s 80 06 b504 2b37 0001 1 <
ffff88015d405ec0 1643233717 C Ci:5:005:0 0 1 = fb
ffff88015d405ec0 1643234824 S Ci:5:005:0 s 80 06 b504 f038 0001 1 <
ffff88015d405ec0 1643235718 C Ci:5:005:0 0 1 = fb
ffff88015d405ec0 1643236824 S Ci:5:005:0 s 80 06 b504 e039 0001 1 <
ffff88015d405ec0 1643237719 C Ci:5:005:0 0 1 = fb
ffff88015d405ec0 1643238822 S Ci:5:005:0 s 80 06 b504 fe3a 0001 1 <
ffff88015d405ec0 1643239718 C Ci:5:005:0 0 1 = fb
ffff88015d405ec0 1643240823 S Ci:5:005:0 s 80 06 b504 2b3b 0001 1 <
ffff88015d405ec0 1643241718 C Ci:5:005:0 0 1 = fb
ffff88015d405ec0 1643242823 S Ci:5:005:0 s 80 06 b504 fe3c 0001 1 <
ffff88015d405ec0 1643243717 C Ci:5:005:0 0 1 = fb
ffff88015d405ec0 1643244826 S Ci:5:005:0 s 80 06 b504 2b3d 0001 1 <
ffff88015d405ec0 1643245718 C Ci:5:005:0 0 1 = fb
ffff88015d405ec0 1643246824 S Ci:5:005:0 s 80 06 b504 fe3e 0001 1 <
ffff88015d405ec0 1643247718 C Ci:5:005:0 0 1 = fb
ffff88015d405ec0 1643248822 S Ci:5:005:0 s 80 06 b504 2b3f 0001 1 <
ffff88015d405ec0 1643249719 C Ci:5:005:0 0 1 = fb
ffff88015d405ec0 1643250823 S Ci:5:005:0 s 80 06 b500 9aa0 0001 1 <
ffff88015d405ec0 1643252717 C Ci:5:005:0 0 1 = fb
ffff88015d405ec0 1643254824 S Ci:5:005:0 s 80 06 b501 1aa0 0002 2 <
ffff88015d405ec0 1643255718 C Ci:5:005:0 0 2 = fe2b
ffff88015d405ec0 1643256824 S Ci:5:005:0 s 80 06 b501 1aa1 0002 2 <
ffff88015d405ec0 1643257719 C Ci:5:005:0 0 2 = fe2b
ffff88015d405ec0 1643258827 S Ci:5:005:0 s 80 06 b501 1aa2 0002 2 <
ffff88015d405ec0 1643259719 C Ci:5:005:0 0 2 = fe2b
ffff88015d405ec0 1643260823 S Ci:5:005:0 s 80 06 b501 1aa3 0002 2 <
ffff88015d405ec0 1643261719 C Ci:5:005:0 0 2 = fe2b
ffff88015d405ec0 1643262829 S Ci:5:005:0 s 80 06 b501 1aa4 0002 2 <
ffff88015d405ec0 1643263719 C Ci:5:005:0 0 2 = fe2b
ffff88015d405ec0 1643264824 S Ci:5:005:0 s 80 06 b501 1aa5 0002 2 <
ffff88015d405ec0 1643265719 C Ci:5:005:0 0 2 = fe2b
ffff88015d405ec0 1643266824 S Ci:5:005:0 s 80 06 b501 1aa6 0002 2 <
ffff88015d405ec0 1643267719 C Ci:5:005:0 0 2 = fe2b
ffff88019ff416c0 1643269828 S Ci:5:005:0 s 80 06 b501 1aa7 0002 2 <
ffff88019ff416c0 1643270721 C Ci:5:005:0 0 2 = fe2b
ffff88019ff416c0 1643271833 S Ci:5:005:0 s 80 06 b501 1aa8 0002 2 <
ffff88019ff416c0 1643272720 C Ci:5:005:0 0 2 = fe2b
ffff88019ff416c0 1643273824 S Ci:5:005:0 s 80 06 b501 1aa9 0002 2 <
ffff88019ff416c0 1643274719 C Ci:5:005:0 0 2 = fe2b
ffff88019ff416c0 1643275824 S Ci:5:005:0 s 80 06 b501 1aaa 0002 2 <
ffff88019ff416c0 1643276719 C Ci:5:005:0 0 2 = fe2b
ffff88019ff416c0 1643277829 S Ci:5:005:0 s 80 06 b501 1aab 0002 2 <
ffff88019ff416c0 1643278720 C Ci:5:005:0 0 2 = fe2b
ffff88019ff416c0 1643279823 S Ci:5:005:0 s 80 06 b501 1aac 0002 2 <
ffff88019ff416c0 1643280719 C Ci:5:005:0 0 2 = fe2b
ffff88019ff416c0 1643281827 S Ci:5:005:0 s 80 06 b501 1aad 0002 2 <
ffff88019ff416c0 1643282719 C Ci:5:005:0 0 2 = fe2b
ffff88019ff416c0 1643283824 S Ci:5:005:0 s 80 06 b501 1aae 0002 2 <
ffff88019ff416c0 1643284719 C Ci:5:005:0 0 2 = fe2b
ffff88019ff416c0 1643285824 S Ci:5:005:0 s 80 06 b501 1aaf 0002 2 <
ffff88019ff416c0 1643286719 C Ci:5:005:0 0 2 = fe2b
ffff88019ff416c0 1643287808 S Ci:5:005:0 s 80 06 b501 1ab0 0002 2 <
ffff88019ff416c0 1643288720 C Ci:5:005:0 0 2 = fe2b
ffff88019ff416c0 1643289822 S Ci:5:005:0 s 80 06 b501 1ab1 0002 2 <
ffff88019ff416c0 1643290719 C Ci:5:005:0 0 2 = fe2b
ffff88019ff416c0 1643291827 S Ci:5:005:0 s 80 06 b501 1ab2 0002 2 <
ffff88019ff416c0 1643292719 C Ci:5:005:0 0 2 = 0225
ffff88019ff416c0 1643293889 S Ci:5:005:0 s 80 06 b501 1ab3 0002 2 <
ffff88019ff416c0 1643294720 C Ci:5:005:0 0 2 = 0224
ffff88019ff416c0 1643295824 S Ci:5:005:0 s 80 06 b501 1ab4 0002 2 <
ffff88019ff416c0 1643296720 C Ci:5:005:0 0 2 = 0425
ffff88019ff416c0 1643297824 S Ci:5:005:0 s 80 06 b501 1ab5 0002 2 <
ffff88019ff416c0 1643298720 C Ci:5:005:0 0 2 = 0424
ffff88019ff416c0 1643299822 S Ci:5:005:0 s 80 06 b501 1ab6 0002 2 <
ffff88019ff416c0 1643300722 C Ci:5:005:0 0 2 = 0825
ffff88019ff416c0 1643301834 S Ci:5:005:0 s 80 06 b501 1ab7 0002 2 <
ffff88019ff416c0 1643302721 C Ci:5:005:0 0 2 = 0824
ffff88019ff416c0 1643303884 S Ci:5:005:0 s 80 06 b501 1ab8 0002 2 <
ffff88019ff416c0 1643304720 C Ci:5:005:0 0 2 = 1025
ffff88019ff416c0 1643305824 S Ci:5:005:0 s 80 06 b501 1ab9 0002 2 <
ffff88019ff416c0 1643306720 C Ci:5:005:0 0 2 = 1024
ffff88019ff416c0 1643307823 S Ci:5:005:0 s 80 06 b501 1aba 0002 2 <
ffff88019ff416c0 1643308721 C Ci:5:005:0 0 2 = f62b
ffff88019ff416c0 1643309822 S Ci:5:005:0 s 80 06 b501 1abb 0002 2 <
ffff88019ff416c0 1643310720 C Ci:5:005:0 0 2 = fe2b
ffff88013d3b4480 1643311829 S Ci:5:005:0 s 80 06 b501 1abc 0002 2 <
ffff88013d3b4480 1643312721 C Ci:5:005:0 0 2 = f0e0
ffff88013d3b4480 1643313826 S Ci:5:005:0 s 80 06 b501 1abd 0002 2 <
ffff88013d3b4480 1643314721 C Ci:5:005:0 0 2 = fe2b
ffff88013d3b4480 1643315824 S Ci:5:005:0 s 80 06 b501 1abe 0002 2 <
ffff88013d3b4480 1643316720 C Ci:5:005:0 0 2 = fe2b
ffff88013d3b4480 1643317815 S Ci:5:005:0 s 80 06 b501 1abf 0002 2 <
ffff88013d3b4480 1643318721 C Ci:5:005:0 0 2 = fe2b
ffff88013d3b4480 1643319822 S Ci:5:005:0 s 80 06 b504 fe00 0001 1 <
ffff88013d3b4480 1643320720 C Ci:5:005:0 0 1 = fb
ffff88013d3b4480 1643321823 S Ci:5:005:0 s 80 06 b504 2b01 0001 1 <
ffff88013d3b4480 1643322720 C Ci:5:005:0 0 1 = fb
ffff88013d3b4480 1643323823 S Ci:5:005:0 s 80 06 b504 fe02 0001 1 <
ffff88013d3b4480 1643324721 C Ci:5:005:0 0 1 = fb
ffff88013d3b4480 1643325824 S Ci:5:005:0 s 80 06 b504 2b03 0001 1 <
ffff88013d3b4480 1643326721 C Ci:5:005:0 0 1 = fb
ffff88019ff416c0 1643327838 S Ci:5:005:0 s 80 06 b504 fe04 0001 1 <
ffff88019ff416c0 1643328726 C Ci:5:005:0 0 1 = fb
ffff88019ff416c0 1643329823 S Ci:5:005:0 s 80 06 b504 2b05 0001 1 <
ffff88019ff416c0 1643330720 C Ci:5:005:0 0 1 = fb
ffff88019ff416c0 1643331824 S Ci:5:005:0 s 80 06 b504 fe06 0001 1 <
ffff88019ff416c0 1643332721 C Ci:5:005:0 0 1 = fb
ffff88019ff416c0 1643333824 S Ci:5:005:0 s 80 06 b504 2b07 0001 1 <
ffff88019ff416c0 1643334721 C Ci:5:005:0 0 1 = fb
ffff88019ff416c0 1643335824 S Ci:5:005:0 s 80 06 b504 fe08 0001 1 <
ffff88019ff416c0 1643336721 C Ci:5:005:0 0 1 = fb
ffff88013d3b4480 1643337822 S Ci:5:005:0 s 80 06 b504 2b09 0001 1 <
ffff88013d3b4480 1643338721 C Ci:5:005:0 0 1 = fb
ffff88013d3b4480 1643339822 S Ci:5:005:0 s 80 06 b504 fe0a 0001 1 <
ffff88013d3b4480 1643340721 C Ci:5:005:0 0 1 = fb
ffff88013d3b4480 1643341823 S Ci:5:005:0 s 80 06 b504 2b0b 0001 1 <
ffff88013d3b4480 1643342721 C Ci:5:005:0 0 1 = fb
ffff88019ff416c0 1643343826 S Ci:5:005:0 s 80 06 b504 fe0c 0001 1 <
ffff88019ff416c0 1643344721 C Ci:5:005:0 0 1 = fb
ffff88019ff416c0 1643345824 S Ci:5:005:0 s 80 06 b504 2b0d 0001 1 <
ffff88019ff416c0 1643346722 C Ci:5:005:0 0 1 = fb
ffff88013d3b4480 1643347810 S Ci:5:005:0 s 80 06 b504 fe0e 0001 1 <
ffff88013d3b4480 1643348722 C Ci:5:005:0 0 1 = fb
ffff88013d3b4480 1643349822 S Ci:5:005:0 s 80 06 b504 2b0f 0001 1 <
ffff88013d3b4480 1643350721 C Ci:5:005:0 0 1 = fb
ffff88013d3b4480 1643351823 S Ci:5:005:0 s 80 06 b504 fe10 0001 1 <
ffff88013d3b4480 1643352721 C Ci:5:005:0 0 1 = fb
ffff88013d3b4480 1643353824 S Ci:5:005:0 s 80 06 b504 2b11 0001 1 <
ffff88013d3b4480 1643354722 C Ci:5:005:0 0 1 = fb
ffff88013d3b4480 1643355825 S Ci:5:005:0 s 80 06 b504 fe12 0001 1 <
ffff88013d3b4480 1643356722 C Ci:5:005:0 0 1 = fb
ffff88013d3b4480 1643357810 S Ci:5:005:0 s 80 06 b504 2b13 0001 1 <
ffff88013d3b4480 1643358722 C Ci:5:005:0 0 1 = fb
ffff88013d3b4480 1643359822 S Ci:5:005:0 s 80 06 b504 fe14 0001 1 <
ffff88013d3b4480 1643360721 C Ci:5:005:0 0 1 = fb
ffff88013d3b4480 1643361822 S Ci:5:005:0 s 80 06 b504 2b15 0001 1 <
ffff88013d3b4480 1643362721 C Ci:5:005:0 0 1 = fb
ffff88013d3b4480 1643363826 S Ci:5:005:0 s 80 06 b504 fe16 0001 1 <
ffff88013d3b4480 1643364722 C Ci:5:005:0 0 1 = fb
ffff88013d3b4480 1643365827 S Ci:5:005:0 s 80 06 b504 2b17 0001 1 <
ffff88013d3b4480 1643366722 C Ci:5:005:0 0 1 = fb
ffff88013d3b4480 1643367833 S Ci:5:005:0 s 80 06 b504 fe18 0001 1 <
ffff88013d3b4480 1643368722 C Ci:5:005:0 0 1 = fb
ffff88013d3b4480 1643369822 S Ci:5:005:0 s 80 06 b504 2b19 0001 1 <
ffff88013d3b4480 1643370722 C Ci:5:005:0 0 1 = fb
ffff88013d3b4480 1643371825 S Ci:5:005:0 s 80 06 b504 fe1a 0001 1 <
ffff88013d3b4480 1643372722 C Ci:5:005:0 0 1 = fb
ffff88013d3b4480 1643373823 S Ci:5:005:0 s 80 06 b504 2b1b 0001 1 <
ffff88013d3b4480 1643374722 C Ci:5:005:0 0 1 = fb
ffff88013d3b4480 1643375823 S Ci:5:005:0 s 80 06 b504 fe1c 0001 1 <
ffff88013d3b4480 1643376722 C Ci:5:005:0 0 1 = fb
ffff88013d3b4480 1643377805 S Ci:5:005:0 s 80 06 b504 2b1d 0001 1 <
ffff88013d3b4480 1643378722 C Ci:5:005:0 0 1 = fb
ffff88013d3b4480 1643379822 S Ci:5:005:0 s 80 06 b504 fe1e 0001 1 <
ffff88013d3b4480 1643380722 C Ci:5:005:0 0 1 = fb
ffff88013d3b4480 1643381823 S Ci:5:005:0 s 80 06 b504 2b1f 0001 1 <
ffff88013d3b4480 1643382722 C Ci:5:005:0 0 1 = fb
ffff88013d3b4480 1643383823 S Ci:5:005:0 s 80 06 b504 fe20 0001 1 <
ffff88013d3b4480 1643384722 C Ci:5:005:0 0 1 = fb
ffff88013d3b4480 1643385823 S Ci:5:005:0 s 80 06 b504 2b21 0001 1 <
ffff88013d3b4480 1643386723 C Ci:5:005:0 0 1 = fb
ffff88013d3b4480 1643387813 S Ci:5:005:0 s 80 06 b504 fe22 0001 1 <
ffff88013d3b4480 1643388722 C Ci:5:005:0 0 1 = fb
ffff88013d3b4480 1643389822 S Ci:5:005:0 s 80 06 b504 2b23 0001 1 <
ffff88013d3b4480 1643390723 C Ci:5:005:0 0 1 = fb
ffff88013d3b4480 1643391823 S Ci:5:005:0 s 80 06 b504 0224 0001 1 <
ffff88013d3b4480 1643392722 C Ci:5:005:0 0 1 = fb
ffff88013d3b4480 1643393823 S Ci:5:005:0 s 80 06 b504 2525 0001 1 <
ffff88013d3b4480 1643394723 C Ci:5:005:0 0 1 = fb
ffff88013d3b4480 1643395824 S Ci:5:005:0 s 80 06 b504 0226 0001 1 <
ffff88013d3b4480 1643396723 C Ci:5:005:0 0 1 = fb
ffff88013d3b4480 1643397824 S Ci:5:005:0 s 80 06 b504 2427 0001 1 <
ffff88013d3b4480 1643398723 C Ci:5:005:0 0 1 = fb
ffff88013d3b4480 1643399822 S Ci:5:005:0 s 80 06 b504 0428 0001 1 <
ffff88013d3b4480 1643400723 C Ci:5:005:0 0 1 = fb
ffff880168bb6500 1643401832 S Ci:5:005:0 s 80 06 b504 2529 0001 1 <
ffff880168bb6500 1643402724 C Ci:5:005:0 0 1 = fb
ffff880168bb6500 1643403824 S Ci:5:005:0 s 80 06 b504 042a 0001 1 <
ffff880168bb6500 1643404723 C Ci:5:005:0 0 1 = fb
ffff880168bb6500 1643405824 S Ci:5:005:0 s 80 06 b504 242b 0001 1 <
ffff880168bb6500 1643406723 C Ci:5:005:0 0 1 = fb
ffff880168bb6500 1643407871 S Ci:5:005:0 s 80 06 b504 082c 0001 1 <
ffff880168bb6500 1643408723 C Ci:5:005:0 0 1 = fb
ffff880168bb6500 1643409824 S Ci:5:005:0 s 80 06 b504 252d 0001 1 <
ffff880168bb6500 1643410724 C Ci:5:005:0 0 1 = fb
ffff880168bb6500 1643411823 S Ci:5:005:0 s 80 06 b504 082e 0001 1 <
ffff880168bb6500 1643412724 C Ci:5:005:0 0 1 = fb
ffff880168bb6500 1643413826 S Ci:5:005:0 s 80 06 b504 242f 0001 1 <
ffff880168bb6500 1643414724 C Ci:5:005:0 0 1 = fb
ffff880168bb6500 1643415823 S Ci:5:005:0 s 80 06 b504 1030 0001 1 <
ffff880168bb6500 1643416724 C Ci:5:005:0 0 1 = fb
ffff880168bb6500 1643417825 S Ci:5:005:0 s 80 06 b504 2531 0001 1 <
ffff880168bb6500 1643418726 C Ci:5:005:0 0 1 = fb
ffff880168bb6500 1643419823 S Ci:5:005:0 s 80 06 b504 1032 0001 1 <
ffff880168bb6500 1643420724 C Ci:5:005:0 0 1 = fb
ffff880168bb6500 1643421823 S Ci:5:005:0 s 80 06 b504 2433 0001 1 <
ffff880168bb6500 1643422723 C Ci:5:005:0 0 1 = fb
ffff880168bb6500 1643423823 S Ci:5:005:0 s 80 06 b504 f634 0001 1 <
ffff880168bb6500 1643424724 C Ci:5:005:0 0 1 = fb
ffff880168bb6500 1643425823 S Ci:5:005:0 s 80 06 b504 2b35 0001 1 <
ffff880168bb6500 1643426724 C Ci:5:005:0 0 1 = fb
ffff880168bb6500 1643427829 S Ci:5:005:0 s 80 06 b504 fe36 0001 1 <
ffff880168bb6500 1643428725 C Ci:5:005:0 0 1 = fb
ffff880168bb6500 1643429816 S Ci:5:005:0 s 80 06 b504 2b37 0001 1 <
ffff880168bb6500 1643430724 C Ci:5:005:0 0 1 = fb
ffff880168bb6500 1643431823 S Ci:5:005:0 s 80 06 b504 f038 0001 1 <
ffff880168bb6500 1643432724 C Ci:5:005:0 0 1 = fb
ffff880168bb6500 1643433823 S Ci:5:005:0 s 80 06 b504 e039 0001 1 <
ffff880168bb6500 1643434724 C Ci:5:005:0 0 1 = fb
ffff880168bb6500 1643435823 S Ci:5:005:0 s 80 06 b504 fe3a 0001 1 <
ffff880168bb6500 1643436725 C Ci:5:005:0 0 1 = fb
ffff880168bb6500 1643437829 S Ci:5:005:0 s 80 06 b504 2b3b 0001 1 <
ffff880168bb6500 1643438725 C Ci:5:005:0 0 1 = fb
ffff880168bb6500 1643439824 S Ci:5:005:0 s 80 06 b504 fe3c 0001 1 <
ffff880168bb6500 1643440724 C Ci:5:005:0 0 1 = fb
ffff880168bb6500 1643441823 S Ci:5:005:0 s 80 06 b504 2b3d 0001 1 <
ffff880168bb6500 1643442724 C Ci:5:005:0 0 1 = fb
ffff880168bb6500 1643443823 S Ci:5:005:0 s 80 06 b504 fe3e 0001 1 <
ffff880168bb6500 1643444725 C Ci:5:005:0 0 1 = fb
ffff880168bb6500 1643445824 S Ci:5:005:0 s 80 06 b504 2b3f 0001 1 <
ffff880168bb6500 1643446725 C Ci:5:005:0 0 1 = fb
ffff880168bb6500 1643447823 S Ci:5:005:0 s 80 06 b500 9ac0 0001 1 <
ffff880168bb6500 1643449724 C Ci:5:005:0 0 1 = fb
ffff880168bb6500 1643451823 S Ci:5:005:0 s 80 06 b501 1ac0 0002 2 <
ffff880168bb6500 1643452724 C Ci:5:005:0 0 2 = fe2b
ffff880168bb6500 1643453823 S Ci:5:005:0 s 80 06 b501 1ac1 0002 2 <
ffff880168bb6500 1643454725 C Ci:5:005:0 0 2 = fe2b
ffff880168bb6500 1643455822 S Ci:5:005:0 s 80 06 b501 1ac2 0002 2 <
ffff880168bb6500 1643456725 C Ci:5:005:0 0 2 = fe2b
ffff880168bb6500 1643457910 S Ci:5:005:0 s 80 06 b501 1ac3 0002 2 <
ffff880168bb6500 1643458726 C Ci:5:005:0 0 2 = fe2b
ffff880168bb6500 1643459825 S Ci:5:005:0 s 80 06 b501 1ac4 0002 2 <
ffff880168bb6500 1643460725 C Ci:5:005:0 0 2 = fe2b
ffff880168bb6500 1643461823 S Ci:5:005:0 s 80 06 b501 1ac5 0002 2 <
ffff880168bb6500 1643462727 C Ci:5:005:0 0 2 = fe2b
ffff880168bb6500 1643463824 S Ci:5:005:0 s 80 06 b501 1ac6 0002 2 <
ffff880168bb6500 1643464725 C Ci:5:005:0 0 2 = fe2b
ffff880168bb6500 1643465823 S Ci:5:005:0 s 80 06 b501 1ac7 0002 2 <
ffff880168bb6500 1643466725 C Ci:5:005:0 0 2 = fe2b
ffff880168bb6440 1643467877 S Ci:5:005:0 s 80 06 b501 1ac8 0002 2 <
ffff880168bb6440 1643468726 C Ci:5:005:0 0 2 = fe2b
ffff880168bb6440 1643469824 S Ci:5:005:0 s 80 06 b501 1ac9 0002 2 <
ffff880168bb6440 1643470725 C Ci:5:005:0 0 2 = fe2b
ffff880168bb6440 1643471823 S Ci:5:005:0 s 80 06 b501 1aca 0002 2 <
ffff880168bb6440 1643472726 C Ci:5:005:0 0 2 = fe2b
ffff880168bb6440 1643473824 S Ci:5:005:0 s 80 06 b501 1acb 0002 2 <
ffff880168bb6440 1643474726 C Ci:5:005:0 0 2 = fe2b
ffff880168bb6440 1643475822 S Ci:5:005:0 s 80 06 b501 1acc 0002 2 <
ffff880168bb6440 1643476726 C Ci:5:005:0 0 2 = fe2b
ffff880168bb6440 1643477823 S Ci:5:005:0 s 80 06 b501 1acd 0002 2 <
ffff880168bb6440 1643478726 C Ci:5:005:0 0 2 = fe2b
ffff880168bb6440 1643479823 S Ci:5:005:0 s 80 06 b501 1ace 0002 2 <
ffff880168bb6440 1643480725 C Ci:5:005:0 0 2 = fe2b
ffff880168bb6440 1643481823 S Ci:5:005:0 s 80 06 b501 1acf 0002 2 <
ffff880168bb6440 1643482725 C Ci:5:005:0 0 2 = fe2b
ffff880168bb6440 1643483823 S Ci:5:005:0 s 80 06 b501 1ad0 0002 2 <
ffff880168bb6440 1643484726 C Ci:5:005:0 0 2 = fe2b
ffff880168bb6440 1643485824 S Ci:5:005:0 s 80 06 b501 1ad1 0002 2 <
ffff880168bb6440 1643486727 C Ci:5:005:0 0 2 = fe2b
ffff880168bb6440 1643487841 S Ci:5:005:0 s 80 06 b501 1ad2 0002 2 <
ffff880168bb6440 1643488727 C Ci:5:005:0 0 2 = 0225
ffff880168bb6440 1643489824 S Ci:5:005:0 s 80 06 b501 1ad3 0002 2 <
ffff880168bb6440 1643490726 C Ci:5:005:0 0 2 = 0224
ffff880168bb6440 1643491823 S Ci:5:005:0 s 80 06 b501 1ad4 0002 2 <
ffff880168bb6440 1643492726 C Ci:5:005:0 0 2 = 0425
ffff880168bb6440 1643493823 S Ci:5:005:0 s 80 06 b501 1ad5 0002 2 <
ffff880168bb6440 1643494726 C Ci:5:005:0 0 2 = 0424
ffff880168bb6440 1643495824 S Ci:5:005:0 s 80 06 b501 1ad6 0002 2 <
ffff880168bb6440 1643496726 C Ci:5:005:0 0 2 = 0825
ffff880168bb6440 1643497809 S Ci:5:005:0 s 80 06 b501 1ad7 0002 2 <
ffff880168bb6440 1643498727 C Ci:5:005:0 0 2 = 0824
ffff880168bb6440 1643499823 S Ci:5:005:0 s 80 06 b501 1ad8 0002 2 <
ffff880168bb6440 1643500726 C Ci:5:005:0 0 2 = 1025
ffff880168bb6500 1643501829 S Ci:5:005:0 s 80 06 b501 1ad9 0002 2 <
ffff880168bb6500 1643502728 C Ci:5:005:0 0 2 = 1024
ffff880168bb6500 1643503825 S Ci:5:005:0 s 80 06 b501 1ada 0002 2 <
ffff880168bb6500 1643504727 C Ci:5:005:0 0 2 = f62b
ffff880168bb6500 1643505824 S Ci:5:005:0 s 80 06 b501 1adb 0002 2 <
ffff880168bb6500 1643506727 C Ci:5:005:0 0 2 = fe2b
ffff880168bb6500 1643507867 S Ci:5:005:0 s 80 06 b501 1adc 0002 2 <
ffff880168bb6500 1643508727 C Ci:5:005:0 0 2 = f0e0
ffff880168bb6500 1643509825 S Ci:5:005:0 s 80 06 b501 1add 0002 2 <
ffff880168bb6500 1643510726 C Ci:5:005:0 0 2 = fe2b
ffff880168bb6500 1643511822 S Ci:5:005:0 s 80 06 b501 1ade 0002 2 <
ffff880168bb6500 1643512726 C Ci:5:005:0 0 2 = fe2b
ffff880168bb6500 1643513825 S Ci:5:005:0 s 80 06 b501 1adf 0002 2 <
ffff880168bb6500 1643514727 C Ci:5:005:0 0 2 = fe2b
ffff880168bb6440 1643515826 S Ci:5:005:0 s 80 06 b504 fe00 0001 1 <
ffff880168bb6440 1643516727 C Ci:5:005:0 0 1 = fb
ffff880168bb6440 1643517838 S Ci:5:005:0 s 80 06 b504 2b01 0001 1 <
ffff880168bb6440 1643518727 C Ci:5:005:0 0 1 = fb
ffff880168bb6440 1643519824 S Ci:5:005:0 s 80 06 b504 fe02 0001 1 <
ffff880168bb6440 1643520727 C Ci:5:005:0 0 1 = fb
ffff880168bb6440 1643521822 S Ci:5:005:0 s 80 06 b504 2b03 0001 1 <
ffff880168bb6440 1643522727 C Ci:5:005:0 0 1 = fb
ffff880168bb6440 1643523824 S Ci:5:005:0 s 80 06 b504 fe04 0001 1 <
ffff880168bb6440 1643524727 C Ci:5:005:0 0 1 = fb
ffff880168bb6440 1643525823 S Ci:5:005:0 s 80 06 b504 2b05 0001 1 <
ffff880168bb6440 1643526727 C Ci:5:005:0 0 1 = fb
ffff880168bb6440 1643527837 S Ci:5:005:0 s 80 06 b504 fe06 0001 1 <
ffff880168bb6440 1643528731 C Ci:5:005:0 0 1 = fb
ffff880168bb6440 1643529824 S Ci:5:005:0 s 80 06 b504 2b07 0001 1 <
ffff880168bb6440 1643530727 C Ci:5:005:0 0 1 = fb
ffff880168bb6440 1643531822 S Ci:5:005:0 s 80 06 b504 fe08 0001 1 <
ffff880168bb6440 1643532727 C Ci:5:005:0 0 1 = fb
ffff880168bb6440 1643533827 S Ci:5:005:0 s 80 06 b504 2b09 0001 1 <
ffff880168bb6440 1643534728 C Ci:5:005:0 0 1 = fb
ffff880168bb6440 1643535823 S Ci:5:005:0 s 80 06 b504 fe0a 0001 1 <
ffff880168bb6440 1643536728 C Ci:5:005:0 0 1 = fb
ffff880168bb6380 1643537822 S Ci:5:005:0 s 80 06 b504 2b0b 0001 1 <
ffff880168bb6380 1643538728 C Ci:5:005:0 0 1 = fb
ffff880168bb6380 1643539825 S Ci:5:005:0 s 80 06 b504 fe0c 0001 1 <
ffff880168bb6380 1643540727 C Ci:5:005:0 0 1 = fb
ffff880168bb6380 1643541822 S Ci:5:005:0 s 80 06 b504 2b0d 0001 1 <
ffff880168bb6380 1643542727 C Ci:5:005:0 0 1 = fb
ffff880168bb6380 1643543824 S Ci:5:005:0 s 80 06 b504 fe0e 0001 1 <
ffff880168bb6380 1643544728 C Ci:5:005:0 0 1 = fb
ffff880168bb6380 1643545823 S Ci:5:005:0 s 80 06 b504 2b0f 0001 1 <
ffff880168bb6380 1643546727 C Ci:5:005:0 0 1 = fb
ffff880168bb6380 1643547816 S Ci:5:005:0 s 80 06 b504 fe10 0001 1 <
ffff880168bb6380 1643548728 C Ci:5:005:0 0 1 = fb
ffff880168bb6380 1643549824 S Ci:5:005:0 s 80 06 b504 2b11 0001 1 <
ffff880168bb6380 1643550728 C Ci:5:005:0 0 1 = fb
ffff880168bb6380 1643551822 S Ci:5:005:0 s 80 06 b504 fe12 0001 1 <
ffff880168bb6380 1643552728 C Ci:5:005:0 0 1 = fb
ffff880168bb6380 1643553824 S Ci:5:005:0 s 80 06 b504 2b13 0001 1 <
ffff880168bb6380 1643554727 C Ci:5:005:0 0 1 = fb
ffff880168bb6380 1643555825 S Ci:5:005:0 s 80 06 b504 fe14 0001 1 <
ffff880168bb6380 1643556728 C Ci:5:005:0 0 1 = fb
ffff88015d405d40 1643557815 S Ci:5:005:0 s 80 06 b504 2b15 0001 1 <
ffff88015d405d40 1643558729 C Ci:5:005:0 0 1 = fb
ffff88015d405d40 1643559824 S Ci:5:005:0 s 80 06 b504 fe16 0001 1 <
ffff88015d405d40 1643560728 C Ci:5:005:0 0 1 = fb
ffff88015d405d40 1643561822 S Ci:5:005:0 s 80 06 b504 2b17 0001 1 <
ffff88015d405d40 1643562728 C Ci:5:005:0 0 1 = fb
ffff88015d405d40 1643563825 S Ci:5:005:0 s 80 06 b504 fe18 0001 1 <
ffff88015d405d40 1643564729 C Ci:5:005:0 0 1 = fb
ffff88015d405d40 1643565827 S Ci:5:005:0 s 80 06 b504 2b19 0001 1 <
ffff88015d405d40 1643566728 C Ci:5:005:0 0 1 = fb
ffff88015d405d40 1643567824 S Ci:5:005:0 s 80 06 b504 fe1a 0001 1 <
ffff88015d405d40 1643568729 C Ci:5:005:0 0 1 = fb
ffff88015d405d40 1643569824 S Ci:5:005:0 s 80 06 b504 2b1b 0001 1 <
ffff88015d405d40 1643570728 C Ci:5:005:0 0 1 = fb
ffff88015d405d40 1643571821 S Ci:5:005:0 s 80 06 b504 fe1c 0001 1 <
ffff88015d405d40 1643572728 C Ci:5:005:0 0 1 = fb
ffff88015d405d40 1643573823 S Ci:5:005:0 s 80 06 b504 2b1d 0001 1 <
ffff88015d405d40 1643574729 C Ci:5:005:0 0 1 = fb
ffff88015d405d40 1643575823 S Ci:5:005:0 s 80 06 b504 fe1e 0001 1 <
ffff88015d405d40 1643576728 C Ci:5:005:0 0 1 = fb
ffff88015d405d40 1643577846 S Ci:5:005:0 s 80 06 b504 2b1f 0001 1 <
ffff88015d405d40 1643578731 C Ci:5:005:0 0 1 = fb
ffff88015d405d40 1643579831 S Ci:5:005:0 s 80 06 b504 0120 0001 1 <
ffff88015d405d40 1643580730 C Ci:5:005:0 0 1 = fb
ffff88015d405d40 1643581822 S Ci:5:005:0 s 80 06 b504 2521 0001 1 <
ffff88015d405d40 1643582729 C Ci:5:005:0 0 1 = fb
ffff88015d405d40 1643583824 S Ci:5:005:0 s 80 06 b504 4022 0001 1 <
ffff88015d405d40 1643584729 C Ci:5:005:0 0 1 = fb
ffff88015d405d40 1643585824 S Ci:5:005:0 s 80 06 b504 2823 0001 1 <
ffff88015d405d40 1643586728 C Ci:5:005:0 0 1 = fb
ffff88015d405d40 1643587824 S Ci:5:005:0 s 80 06 b504 0124 0001 1 <
ffff88015d405d40 1643588729 C Ci:5:005:0 0 1 = fb
ffff88015d405d40 1643589827 S Ci:5:005:0 s 80 06 b504 2425 0001 1 <
ffff88015d405d40 1643590729 C Ci:5:005:0 0 1 = fb
ffff88015d405d40 1643591822 S Ci:5:005:0 s 80 06 b504 4026 0001 1 <
ffff88015d405d40 1643592730 C Ci:5:005:0 0 1 = fb
ffff88015d405d40 1643593823 S Ci:5:005:0 s 80 06 b504 2827 0001 1 <
ffff88015d405d40 1643594730 C Ci:5:005:0 0 1 = fb
ffff88015d405d40 1643595823 S Ci:5:005:0 s 80 06 b504 0128 0001 1 <
ffff88015d405d40 1643596730 C Ci:5:005:0 0 1 = fb
ffff88015d4052c0 1643597816 S Ci:5:005:0 s 80 06 b504 2529 0001 1 <
ffff88015d4052c0 1643598730 C Ci:5:005:0 0 1 = fb
ffff88015d4052c0 1643599825 S Ci:5:005:0 s 80 06 b504 402a 0001 1 <
ffff88015d4052c0 1643600730 C Ci:5:005:0 0 1 = fb
ffff88015d405d40 1643601826 S Ci:5:005:0 s 80 06 b504 282b 0001 1 <
ffff88015d405d40 1643602730 C Ci:5:005:0 0 1 = fb
ffff88015d405d40 1643603826 S Ci:5:005:0 s 80 06 b504 012c 0001 1 <
ffff88015d405d40 1643604730 C Ci:5:005:0 0 1 = fb
ffff88015d405d40 1643605824 S Ci:5:005:0 s 80 06 b504 242d 0001 1 <
ffff88015d405d40 1643606730 C Ci:5:005:0 0 1 = fb
ffff88015d405d40 1643607865 S Ci:5:005:0 s 80 06 b504 402e 0001 1 <
ffff88015d405d40 1643608730 C Ci:5:005:0 0 1 = fb
ffff88015d405d40 1643609824 S Ci:5:005:0 s 80 06 b504 282f 0001 1 <
ffff88015d405d40 1643610730 C Ci:5:005:0 0 1 = fb
ffff88015d405d40 1643611823 S Ci:5:005:0 s 80 06 b504 0130 0001 1 <
ffff88015d405d40 1643612730 C Ci:5:005:0 0 1 = fb
ffff880168bb6380 1643613830 S Ci:5:005:0 s 80 06 b504 2531 0001 1 <
ffff880168bb6380 1643614729 C Ci:5:005:0 0 1 = fb
ffff880168bb6380 1643615824 S Ci:5:005:0 s 80 06 b504 4032 0001 1 <
ffff880168bb6380 1643616730 C Ci:5:005:0 0 1 = fb
ffff880168bb6380 1643617823 S Ci:5:005:0 s 80 06 b504 2833 0001 1 <
ffff880168bb6380 1643618730 C Ci:5:005:0 0 1 = fb
ffff880168bb6380 1643619824 S Ci:5:005:0 s 80 06 b504 0134 0001 1 <
ffff880168bb6380 1643620730 C Ci:5:005:0 0 1 = fb
ffff880168bb6380 1643621823 S Ci:5:005:0 s 80 06 b504 2435 0001 1 <
ffff880168bb6380 1643622730 C Ci:5:005:0 0 1 = fb
ffff88015d405d40 1643623848 S Ci:5:005:0 s 80 06 b504 fd36 0001 1 <
ffff88015d405d40 1643624731 C Ci:5:005:0 0 1 = fb
ffff88015d405d40 1643625873 S Ci:5:005:0 s 80 06 b504 2b37 0001 1 <
ffff88015d405d40 1643626731 C Ci:5:005:0 0 1 = fb
ffff88015d405d40 1643627833 S Ci:5:005:0 s 80 06 b504 ff38 0001 1 <
ffff88015d405d40 1643628732 C Ci:5:005:0 0 1 = fb
ffff88015d405d40 1643629825 S Ci:5:005:0 s 80 06 b504 ff39 0001 1 <
ffff88015d405d40 1643630731 C Ci:5:005:0 0 1 = fb
ffff88015d405d40 1643631823 S Ci:5:005:0 s 80 06 b504 ff3a 0001 1 <
ffff88015d405d40 1643632730 C Ci:5:005:0 0 1 = fb
ffff88015d405d40 1643633823 S Ci:5:005:0 s 80 06 b504 ff3b 0001 1 <
ffff88015d405d40 1643634731 C Ci:5:005:0 0 1 = fb
ffff88015d405d40 1643635823 S Ci:5:005:0 s 80 06 b504 ff3c 0001 1 <
ffff88015d405d40 1643636731 C Ci:5:005:0 0 1 = fb
ffff88015d405d40 1643637824 S Ci:5:005:0 s 80 06 b504 ff3d 0001 1 <
ffff88015d405d40 1643638732 C Ci:5:005:0 0 1 = fb
ffff88015d405d40 1643639824 S Ci:5:005:0 s 80 06 b504 ff3e 0001 1 <
ffff88015d405d40 1643640732 C Ci:5:005:0 0 1 = fb
ffff88015d405d40 1643641823 S Ci:5:005:0 s 80 06 b504 ff3f 0001 1 <
ffff88015d405d40 1643642731 C Ci:5:005:0 0 1 = fb
ffff88015d405d40 1643643824 S Ci:5:005:0 s 80 06 b500 9ae0 0001 1 <
ffff88015d405d40 1643645730 C Ci:5:005:0 0 1 = fb
ffff88015d405d40 1643647842 S Ci:5:005:0 s 80 06 b501 1ae0 0002 2 <
ffff88015d405d40 1643648732 C Ci:5:005:0 0 2 = fe2b
ffff88015d405d40 1643649825 S Ci:5:005:0 s 80 06 b501 1ae1 0002 2 <
ffff88015d405d40 1643650731 C Ci:5:005:0 0 2 = fe2b
ffff88015d405d40 1643651823 S Ci:5:005:0 s 80 06 b501 1ae2 0002 2 <
ffff88015d405d40 1643652731 C Ci:5:005:0 0 2 = fe2b
ffff88015d405d40 1643653824 S Ci:5:005:0 s 80 06 b501 1ae3 0002 2 <
ffff88015d405d40 1643654732 C Ci:5:005:0 0 2 = fe2b
ffff88015d405d40 1643655825 S Ci:5:005:0 s 80 06 b501 1ae4 0002 2 <
ffff88015d405d40 1643656732 C Ci:5:005:0 0 2 = fe2b
ffff880168bb6380 1643657867 S Ci:5:005:0 s 80 06 b501 1ae5 0002 2 <
ffff880168bb6380 1643658736 C Ci:5:005:0 0 2 = fe2b
ffff880168bb6380 1643659824 S Ci:5:005:0 s 80 06 b501 1ae6 0002 2 <
ffff880168bb6380 1643660731 C Ci:5:005:0 0 2 = fe2b
ffff880168bb6380 1643661823 S Ci:5:005:0 s 80 06 b501 1ae7 0002 2 <
ffff880168bb6380 1643662732 C Ci:5:005:0 0 2 = fe2b
ffff880168bb6380 1643663825 S Ci:5:005:0 s 80 06 b501 1ae8 0002 2 <
ffff880168bb6380 1643664732 C Ci:5:005:0 0 2 = fe2b
ffff880168bb6440 1643665827 S Ci:5:005:0 s 80 06 b501 1ae9 0002 2 <
ffff880168bb6440 1643666732 C Ci:5:005:0 0 2 = fe2b
ffff880168bb6440 1643667822 S Ci:5:005:0 s 80 06 b501 1aea 0002 2 <
ffff880168bb6440 1643668732 C Ci:5:005:0 0 2 = fe2b
ffff880168bb6440 1643669824 S Ci:5:005:0 s 80 06 b501 1aeb 0002 2 <
ffff880168bb6440 1643670732 C Ci:5:005:0 0 2 = fe2b
ffff880168bb6440 1643671823 S Ci:5:005:0 s 80 06 b501 1aec 0002 2 <
ffff880168bb6440 1643672732 C Ci:5:005:0 0 2 = fe2b
ffff880168bb6440 1643673825 S Ci:5:005:0 s 80 06 b501 1aed 0002 2 <
ffff880168bb6440 1643674732 C Ci:5:005:0 0 2 = fe2b
ffff880168bb6440 1643675823 S Ci:5:005:0 s 80 06 b501 1aee 0002 2 <
ffff880168bb6440 1643676732 C Ci:5:005:0 0 2 = fe2b
ffff880168bb6440 1643677822 S Ci:5:005:0 s 80 06 b501 1aef 0002 2 <
ffff880168bb6440 1643678732 C Ci:5:005:0 0 2 = fe2b
ffff880168bb6440 1643679823 S Ci:5:005:0 s 80 06 b501 1af0 0002 2 <
ffff880168bb6440 1643680732 C Ci:5:005:0 0 2 = 0125
ffff880168bb6440 1643681823 S Ci:5:005:0 s 80 06 b501 1af1 0002 2 <
ffff880168bb6440 1643682732 C Ci:5:005:0 0 2 = 4028
ffff880168bb6440 1643683824 S Ci:5:005:0 s 80 06 b501 1af2 0002 2 <
ffff880168bb6440 1643684733 C Ci:5:005:0 0 2 = 0124
ffff880168bb6440 1643685823 S Ci:5:005:0 s 80 06 b501 1af3 0002 2 <
ffff880168bb6440 1643686733 C Ci:5:005:0 0 2 = 4028
ffff880168bb6440 1643687823 S Ci:5:005:0 s 80 06 b501 1af4 0002 2 <
ffff880168bb6440 1643688732 C Ci:5:005:0 0 2 = 0125
ffff880168bb6440 1643689823 S Ci:5:005:0 s 80 06 b501 1af5 0002 2 <
ffff880168bb6440 1643690732 C Ci:5:005:0 0 2 = 4028
ffff880168bb6440 1643691823 S Ci:5:005:0 s 80 06 b501 1af6 0002 2 <
ffff880168bb6440 1643692732 C Ci:5:005:0 0 2 = 0124
ffff880168bb6440 1643693823 S Ci:5:005:0 s 80 06 b501 1af7 0002 2 <
ffff880168bb6440 1643694733 C Ci:5:005:0 0 2 = 4028
ffff880168bb6380 1643695828 S Ci:5:005:0 s 80 06 b501 1af8 0002 2 <
ffff880168bb6380 1643696736 C Ci:5:005:0 0 2 = 0125
ffff880168bb6380 1643697826 S Ci:5:005:0 s 80 06 b501 1af9 0002 2 <
ffff880168bb6380 1643698733 C Ci:5:005:0 0 2 = 4028
ffff880168bb6380 1643699824 S Ci:5:005:0 s 80 06 b501 1afa 0002 2 <
ffff880168bb6380 1643700733 C Ci:5:005:0 0 2 = 0124
ffff880168bb6380 1643701822 S Ci:5:005:0 s 80 06 b501 1afb 0002 2 <
ffff880168bb6380 1643702733 C Ci:5:005:0 0 2 = fd2b
ffff880168bb6380 1643703828 S Ci:5:005:0 s 80 06 b501 1afc 0002 2 <
ffff880168bb6380 1643704734 C Ci:5:005:0 0 2 = ffff
ffff880168bb6380 1643705824 S Ci:5:005:0 s 80 06 b501 1afd 0002 2 <
ffff880168bb6380 1643706734 C Ci:5:005:0 0 2 = ffff
ffff880168bb6380 1643707823 S Ci:5:005:0 s 80 06 b501 1afe 0002 2 <
ffff880168bb6380 1643708733 C Ci:5:005:0 0 2 = ffff
ffff880168bb6380 1643709823 S Ci:5:005:0 s 80 06 b501 1aff 0002 2 <
ffff880168bb6380 1643710733 C Ci:5:005:0 0 2 = ffff
ffff880168bb6380 1643711823 S Ci:5:005:0 s 80 06 b504 a400 0001 1 <
ffff880168bb6380 1643712733 C Ci:5:005:0 0 1 = fb
ffff880168bb6380 1643713823 S Ci:5:005:0 s 80 06 b504 a401 0001 1 <
ffff880168bb6380 1643714734 C Ci:5:005:0 0 1 = fb
ffff880168bb6380 1643715824 S Ci:5:005:0 s 80 06 b500 1a03 0001 1 <
ffff880168bb6380 1643716735 C Ci:5:005:0 0 1 = fb
ffff880168bb6380 1643717822 S Ci:5:005:0 s 80 06 b501 1a03 0002 2 <
ffff880168bb6380 1643718734 C Ci:5:005:0 0 2 = a4a4
ffff880168bb6380 1643719823 S Ci:5:005:0 s 80 06 b60e 0001 0001 1 <
ffff880168bb6380 1643720733 C Ci:5:005:0 0 1 = fb
ffff880168bb6380 1643721823 S Ci:5:005:0 s 80 06 b613 0010 0001 1 <
ffff880168bb6380 1643722733 C Ci:5:005:0 0 1 = fb
ffff880168bb6380 1643723824 S Ci:5:005:0 s 80 06 b60f 0002 0001 1 <
ffff880168bb6380 1643724734 C Ci:5:005:0 0 1 = fb
ffff88015d405d40 1643725827 S Ci:5:005:0 s 80 06 bf01 0002 0001 1 <
ffff88015d405d40 1643726734 C Ci:5:005:0 0 1 = fb
ffff88015d405d40 1647202925 S Ci:5:005:0 s 80 06 b601 007f 0001 1 <
ffff88015d405d40 1647204853 C Ci:5:005:0 0 1 = fb
