ffff8801df479680 3874736671 S Ci:5:002:0 s 80 06 b600 0001 0008 8 <
ffff8801df479680 3874738417 C Ci:5:002:0 0 8 = 30ffff00 00000102
ffff8801df479680 3874739656 S Ci:5:002:0 s 80 06 b600 0002 0008 8 <
ffff8801df479680 3874740411 C Ci:5:002:0 0 8 = 0032ff00 00011000
ffff8801df479680 3874741655 S Ci:5:002:0 s 80 06 b600 0003 0008 8 <
ffff8801df479680 3874742411 C Ci:5:002:0 0 8 = 0000991a 00350000
ffff8801df479680 3875114663 S Ci:5:002:0 s 80 06 b600 0001 0008 8 <
ffff8801df479680 3875116428 C Ci:5:002:0 0 8 = 30ffff00 00000102
ffff8801df479680 3875117656 S Ci:5:002:0 s 80 06 b600 0002 0008 8 <
ffff8801df479680 3875118423 C Ci:5:002:0 0 8 = 0032ff00 00011000
ffff8801df479680 3875119656 S Ci:5:002:0 s 80 06 b600 0003 0008 8 <
ffff8801df479680 3875120424 C Ci:5:002:0 0 8 = 0000991a 00350000
ffff8801df479680 3875121655 S Ci:5:002:0 s 80 06 bf01 0001 0001 1 <
ffff8801df479680 3875122424 C Ci:5:002:0 0 1 = fb
ffff8801df479a40 3875254682 S Ci:5:002:0 s 80 06 b502 1a00 0001 1 <
ffff8801df479a40 3875281432 C Ci:5:002:0 0 1 = fb
ffff8801df479a40 3875283659 S Ci:5:002:0 s 80 06 b504 1900 0001 1 <
ffff8801df479a40 3875284429 C Ci:5:002:0 0 1 = fb
ffff8801df479a40 3875285656 S Ci:5:002:0 s 80 06 b504 1d01 0001 1 <
ffff8801df479a40 3875286429 C Ci:5:002:0 0 1 = fb
ffff8801df479a40 3875287656 S Ci:5:002:0 s 80 06 b504 ff02 0001 1 <
ffff8801df479a40 3875288429 C Ci:5:002:0 0 1 = fb
ffff8801df479a40 3875289657 S Ci:5:002:0 s 80 06 b504 ff03 0001 1 <
ffff8801df479a40 3875290429 C Ci:5:002:0 0 1 = fb
ffff8801df479a40 3875291656 S Ci:5:002:0 s 80 06 b504 ff04 0001 1 <
ffff8801df479a40 3875292429 C Ci:5:002:0 0 1 = fb
ffff8801df479a40 3875293654 S Ci:5:002:0 s 80 06 b504 ff05 0001 1 <
ffff8801df479a40 3875294429 C Ci:5:002:0 0 1 = fb
ffff8801df479a40 3875295656 S Ci:5:002:0 s 80 06 b504 ff06 0001 1 <
ffff8801df479a40 3875296429 C Ci:5:002:0 0 1 = fb
ffff8801df479a40 3875297656 S Ci:5:002:0 s 80 06 b504 ff07 0001 1 <
ffff8801df479a40 3875298429 C Ci:5:002:0 0 1 = fb
ffff8801df479a40 3875299656 S Ci:5:002:0 s 80 06 b504 0008 0001 1 <
ffff8801df479a40 3875300429 C Ci:5:002:0 0 1 = fb
ffff8801df479a40 3875301655 S Ci:5:002:0 s 80 06 b504 0109 0001 1 <
ffff8801df479a40 3875302430 C Ci:5:002:0 0 1 = fb
ffff8801df479a40 3875303654 S Ci:5:002:0 s 80 06 b504 000a 0001 1 <
ffff8801df479a40 3875304430 C Ci:5:002:0 0 1 = fb
ffff8801df479a40 3875305656 S Ci:5:002:0 s 80 06 b504 000b 0001 1 <
ffff8801df479a40 3875306429 C Ci:5:002:0 0 1 = fb
ffff8801df479a40 3875307654 S Ci:5:002:0 s 80 06 b504 040c 0001 1 <
ffff8801df479a40 3875308429 C Ci:5:002:0 0 1 = fb
ffff8801df479a40 3875309655 S Ci:5:002:0 s 80 06 b504 000d 0001 1 <
ffff8801df479a40 3875310429 C Ci:5:002:0 0 1 = fb
ffff8801df479680 3875311660 S Ci:5:002:0 s 80 06 b504 020e 0001 1 <
ffff8801df479680 3875312431 C Ci:5:002:0 0 1 = fb
ffff8801df479680 3875313719 S Ci:5:002:0 s 80 06 b504 000f 0001 1 <
ffff8801df479680 3875314431 C Ci:5:002:0 0 1 = fb
ffff8801df479680 3875315656 S Ci:5:002:0 s 80 06 b504 1710 0001 1 <
ffff8801df479680 3875316430 C Ci:5:002:0 0 1 = fb
ffff8801df479680 3875317656 S Ci:5:002:0 s 80 06 b504 0011 0001 1 <
ffff8801df479680 3875318430 C Ci:5:002:0 0 1 = fb
ffff8801df479680 3875319655 S Ci:5:002:0 s 80 06 b504 2112 0001 1 <
ffff8801df479680 3875320431 C Ci:5:002:0 0 1 = fb
ffff8801df479680 3875321656 S Ci:5:002:0 s 80 06 b504 0013 0001 1 <
ffff8801df479680 3875322429 C Ci:5:002:0 0 1 = fb
ffff8801df479680 3875323654 S Ci:5:002:0 s 80 06 b504 4014 0001 1 <
ffff8801df479680 3875324431 C Ci:5:002:0 0 1 = fb
ffff8801df479680 3875325656 S Ci:5:002:0 s 80 06 b504 4015 0001 1 <
ffff8801df479680 3875326430 C Ci:5:002:0 0 1 = fb
ffff8801df479680 3875327662 S Ci:5:002:0 s 80 06 b504 5016 0001 1 <
ffff8801df479680 3875328431 C Ci:5:002:0 0 1 = fb
ffff8801df479680 3875329657 S Ci:5:002:0 s 80 06 b504 0017 0001 1 <
ffff8801df479680 3875330431 C Ci:5:002:0 0 1 = fb
ffff8801df479680 3875331656 S Ci:5:002:0 s 80 06 b504 2618 0001 1 <
ffff8801df479680 3875332431 C Ci:5:002:0 0 1 = fb
ffff8801df479680 3875333655 S Ci:5:002:0 s 80 06 b504 0019 0001 1 <
ffff8801df479680 3875334432 C Ci:5:002:0 0 1 = fb
ffff8801df479680 3875335656 S Ci:5:002:0 s 80 06 b504 301a 0001 1 <
ffff8801df479680 3875336431 C Ci:5:002:0 0 1 = fb
ffff8801df479680 3875337659 S Ci:5:002:0 s 80 06 b504 001b 0001 1 <
ffff8801df479680 3875338431 C Ci:5:002:0 0 1 = fb
ffff8801df479680 3875339656 S Ci:5:002:0 s 80 06 b504 ff1c 0001 1 <
ffff8801df479680 3875340431 C Ci:5:002:0 0 1 = fb
ffff8801df479680 3875341655 S Ci:5:002:0 s 80 06 b504 ff1d 0001 1 <
ffff8801df479680 3875342431 C Ci:5:002:0 0 1 = fb
ffff8801df479680 3875343654 S Ci:5:002:0 s 80 06 b504 ff1e 0001 1 <
ffff8801df479680 3875344432 C Ci:5:002:0 0 1 = fb
ffff8801df479680 3875345656 S Ci:5:002:0 s 80 06 b504 ff1f 0001 1 <
ffff8801df479680 3875346432 C Ci:5:002:0 0 1 = fb
ffff8801df479680 3875347655 S Ci:5:002:0 s 80 06 b504 fe20 0001 1 <
ffff8801df479680 3875348431 C Ci:5:002:0 0 1 = fb
ffff8801df479680 3875349655 S Ci:5:002:0 s 80 06 b504 2b21 0001 1 <
ffff8801df479680 3875350432 C Ci:5:002:0 0 1 = fb
ffff8801df479680 3875351658 S Ci:5:002:0 s 80 06 b504 fe22 0001 1 <
ffff8801df479680 3875352431 C Ci:5:002:0 0 1 = fb
ffff8801df479680 3875353654 S Ci:5:002:0 s 80 06 b504 2b23 0001 1 <
ffff8801df479680 3875354432 C Ci:5:002:0 0 1 = fb
ffff8801df479680 3875355656 S Ci:5:002:0 s 80 06 b504 fe24 0001 1 <
ffff8801df479680 3875356431 C Ci:5:002:0 0 1 = fb
ffff8801df479680 3875357655 S Ci:5:002:0 s 80 06 b504 2b25 0001 1 <
ffff8801df479680 3875358431 C Ci:5:002:0 0 1 = fb
ffff8801df479680 3875359656 S Ci:5:002:0 s 80 06 b504 fe26 0001 1 <
ffff8801df479680 3875360432 C Ci:5:002:0 0 1 = fb
ffff8801df479680 3875361656 S Ci:5:002:0 s 80 06 b504 2b27 0001 1 <
ffff8801df479680 3875362432 C Ci:5:002:0 0 1 = fb
ffff8801df479680 3875363655 S Ci:5:002:0 s 80 06 b504 f928 0001 1 <
ffff8801df479680 3875364433 C Ci:5:002:0 0 1 = fb
ffff8801df479680 3875365656 S Ci:5:002:0 s 80 06 b504 2b29 0001 1 <
ffff8801df479680 3875366432 C Ci:5:002:0 0 1 = fb
ffff8801df479680 3875367655 S Ci:5:002:0 s 80 06 b504 f82a 0001 1 <
ffff8801df479680 3875368432 C Ci:5:002:0 0 1 = fb
ffff8801df479680 3875369660 S Ci:5:002:0 s 80 06 b504 2b2b 0001 1 <
ffff8801df479680 3875370433 C Ci:5:002:0 0 1 = fb
ffff8801df479680 3875371656 S Ci:5:002:0 s 80 06 b504 402c 0001 1 <
ffff8801df479680 3875372432 C Ci:5:002:0 0 1 = fb
ffff8801df479680 3875373654 S Ci:5:002:0 s 80 06 b504 002d 0001 1 <
ffff8801df479680 3875374432 C Ci:5:002:0 0 1 = fb
ffff8801df479680 3875375656 S Ci:5:002:0 s 80 06 b504 402e 0001 1 <
ffff8801df479680 3875376432 C Ci:5:002:0 0 1 = fb
ffff8801df479680 3875377656 S Ci:5:002:0 s 80 06 b504 002f 0001 1 <
ffff8801df479680 3875378432 C Ci:5:002:0 0 1 = fb
ffff8801df479680 3875379658 S Ci:5:002:0 s 80 06 b504 0030 0001 1 <
ffff8801df479680 3875380433 C Ci:5:002:0 0 1 = fb
ffff8801df479680 3875381655 S Ci:5:002:0 s 80 06 b504 0031 0001 1 <
ffff8801df479680 3875382432 C Ci:5:002:0 0 1 = fb
ffff8801df479680 3875383654 S Ci:5:002:0 s 80 06 b504 4032 0001 1 <
ffff8801df479680 3875384433 C Ci:5:002:0 0 1 = fb
ffff8801df479680 3875385656 S Ci:5:002:0 s 80 06 b504 0033 0001 1 <
ffff8801df479680 3875386432 C Ci:5:002:0 0 1 = fb
ffff8801df479680 3875387655 S Ci:5:002:0 s 80 06 b504 0034 0001 1 <
ffff8801df479680 3875388432 C Ci:5:002:0 0 1 = fb
ffff8801f4b0a600 3875389660 S Ci:5:002:0 s 80 06 b504 0035 0001 1 <
ffff8801f4b0a600 3875390434 C Ci:5:002:0 0 1 = fb
ffff8801f4b0a600 3875391660 S Ci:5:002:0 s 80 06 b504 4036 0001 1 <
ffff8801f4b0a600 3875392434 C Ci:5:002:0 0 1 = fb
ffff8801f4b0a600 3875393654 S Ci:5:002:0 s 80 06 b504 0037 0001 1 <
ffff8801f4b0a600 3875394433 C Ci:5:002:0 0 1 = fb
ffff8801f4b0a600 3875395656 S Ci:5:002:0 s 80 06 b504 0038 0001 1 <
ffff8801f4b0a600 3875396433 C Ci:5:002:0 0 1 = fb
ffff8801f4b0a600 3875397656 S Ci:5:002:0 s 80 06 b504 0039 0001 1 <
ffff8801f4b0a600 3875398433 C Ci:5:002:0 0 1 = fb
ffff8801f4b0a600 3875399656 S Ci:5:002:0 s 80 06 b504 403a 0001 1 <
ffff8801f4b0a600 3875400433 C Ci:5:002:0 0 1 = fb
ffff8801f4b0a600 3875401656 S Ci:5:002:0 s 80 06 b504 003b 0001 1 <
ffff8801f4b0a600 3875402433 C Ci:5:002:0 0 1 = fb
ffff8801f4b0a600 3875403655 S Ci:5:002:0 s 80 06 b504 003c 0001 1 <
ffff8801f4b0a600 3875404433 C Ci:5:002:0 0 1 = fb
ffff8801f4b0a600 3875405656 S Ci:5:002:0 s 80 06 b504 003d 0001 1 <
ffff8801f4b0a600 3875406433 C Ci:5:002:0 0 1 = fb
ffff8801f4b0a600 3875407655 S Ci:5:002:0 s 80 06 b504 403e 0001 1 <
ffff8801f4b0a600 3875408433 C Ci:5:002:0 0 1 = fb
ffff8801f4b0a600 3875409656 S Ci:5:002:0 s 80 06 b504 003f 0001 1 <
ffff8801f4b0a600 3875410434 C Ci:5:002:0 0 1 = fb
ffff8801f4b0a600 3875411655 S Ci:5:002:0 s 80 06 b500 9a00 0001 1 <
ffff8801f4b0a600 3875413432 C Ci:5:002:0 0 1 = fb
ffff8801f4b0a600 3875414978 S Ci:5:002:0 s 80 06 b501 1a00 0002 2 <
ffff8801f4b0a600 3875415436 C Ci:5:002:0 0 2 = 191d
ffff8801f4b0a600 3875416657 S Ci:5:002:0 s 80 06 b501 1a01 0002 2 <
ffff8801f4b0a600 3875417434 C Ci:5:002:0 0 2 = ffff
ffff8801f4b0a600 3875418655 S Ci:5:002:0 s 80 06 b501 1a02 0002 2 <
ffff8801f4b0a600 3875419433 C Ci:5:002:0 0 2 = ffff
ffff8801f4b0a600 3875420656 S Ci:5:002:0 s 80 06 b501 1a03 0002 2 <
ffff8801f4b0a600 3875421434 C Ci:5:002:0 0 2 = ffff
ffff8801f4b0a600 3875422655 S Ci:5:002:0 s 80 06 b501 1a04 0002 2 <
ffff8801f4b0a600 3875423433 C Ci:5:002:0 0 2 = 0001
ffff8801f4b0a600 3875424655 S Ci:5:002:0 s 80 06 b501 1a05 0002 2 <
ffff8801f4b0a600 3875425434 C Ci:5:002:0 0 2 = 0000
ffff8801f4b0a600 3875426656 S Ci:5:002:0 s 80 06 b501 1a06 0002 2 <
ffff8801f4b0a600 3875427434 C Ci:5:002:0 0 2 = 0400
ffff8801f4b0a600 3875428655 S Ci:5:002:0 s 80 06 b501 1a07 0002 2 <
ffff8801f4b0a600 3875429433 C Ci:5:002:0 0 2 = 0200
ffff8801f4b0a600 3875430656 S Ci:5:002:0 s 80 06 b501 1a08 0002 2 <
ffff8801f4b0a600 3875431434 C Ci:5:002:0 0 2 = 1700
ffff8801df479680 3875432657 S Ci:5:002:0 s 80 06 b501 1a09 0002 2 <
ffff8801df479680 3875433433 C Ci:5:002:0 0 2 = 2100
ffff8801df479680 3875434656 S Ci:5:002:0 s 80 06 b501 1a0a 0002 2 <
ffff8801df479680 3875435433 C Ci:5:002:0 0 2 = 4040
ffff8801df479680 3875436656 S Ci:5:002:0 s 80 06 b501 1a0b 0002 2 <
ffff8801df479680 3875437434 C Ci:5:002:0 0 2 = 5000
ffff8801df479680 3875438654 S Ci:5:002:0 s 80 06 b501 1a0c 0002 2 <
ffff8801df479680 3875439434 C Ci:5:002:0 0 2 = 2600
ffff8801df479680 3875440656 S Ci:5:002:0 s 80 06 b501 1a0d 0002 2 <
ffff8801df479680 3875441433 C Ci:5:002:0 0 2 = 3000
ffff8801df479680 3875442656 S Ci:5:002:0 s 80 06 b501 1a0e 0002 2 <
ffff8801df479680 3875443433 C Ci:5:002:0 0 2 = ffff
ffff8801df479680 3875444656 S Ci:5:002:0 s 80 06 b501 1a0f 0002 2 <
ffff8801df479680 3875445432 C Ci:5:002:0 0 2 = ffff
ffff8801df479680 3875446656 S Ci:5:002:0 s 80 06 b501 1a10 0002 2 <
ffff8801df479680 3875447433 C Ci:5:002:0 0 2 = fe2b
ffff8801f4b0a600 3875448655 S Ci:5:002:0 s 80 06 b501 1a11 0002 2 <
ffff8801f4b0a600 3875449434 C Ci:5:002:0 0 2 = fe2b
ffff8801f4b0a600 3875450656 S Ci:5:002:0 s 80 06 b501 1a12 0002 2 <
ffff8801f4b0a600 3875451435 C Ci:5:002:0 0 2 = fe2b
ffff8801f4b0a600 3875452656 S Ci:5:002:0 s 80 06 b501 1a13 0002 2 <
ffff8801f4b0a600 3875453435 C Ci:5:002:0 0 2 = fe2b
ffff8801f4b0a600 3875454656 S Ci:5:002:0 s 80 06 b501 1a14 0002 2 <
ffff8801f4b0a600 3875455435 C Ci:5:002:0 0 2 = f92b
ffff8801f4b0a600 3875456656 S Ci:5:002:0 s 80 06 b501 1a15 0002 2 <
ffff8801f4b0a600 3875457434 C Ci:5:002:0 0 2 = f82b
ffff8801f4b0a600 3875458654 S Ci:5:002:0 s 80 06 b501 1a16 0002 2 <
ffff8801f4b0a600 3875459435 C Ci:5:002:0 0 2 = 4000
ffff8801f4b0a600 3875460656 S Ci:5:002:0 s 80 06 b501 1a17 0002 2 <
ffff8801f4b0a600 3875461435 C Ci:5:002:0 0 2 = 4000
ffff8801f4b0a600 3875462655 S Ci:5:002:0 s 80 06 b501 1a18 0002 2 <
ffff8801f4b0a600 3875463434 C Ci:5:002:0 0 2 = 0000
ffff8801f4b0a600 3875464656 S Ci:5:002:0 s 80 06 b501 1a19 0002 2 <
ffff8801f4b0a600 3875465434 C Ci:5:002:0 0 2 = 4000
ffff8801f4b0a600 3875466656 S Ci:5:002:0 s 80 06 b501 1a1a 0002 2 <
ffff8801f4b0a600 3875467436 C Ci:5:002:0 0 2 = 0000
ffff8801f4b0a600 3875468655 S Ci:5:002:0 s 80 06 b501 1a1b 0002 2 <
ffff8801f4b0a600 3875469437 C Ci:5:002:0 0 2 = 4000
ffff8801f4b0a600 3875470657 S Ci:5:002:0 s 80 06 b501 1a1c 0002 2 <
ffff8801f4b0a600 3875471436 C Ci:5:002:0 0 2 = 0000
ffff8801f4b0a600 3875472656 S Ci:5:002:0 s 80 06 b501 1a1d 0002 2 <
ffff8801f4b0a600 3875473435 C Ci:5:002:0 0 2 = 4000
ffff8801f4b0a600 3875474655 S Ci:5:002:0 s 80 06 b501 1a1e 0002 2 <
ffff8801f4b0a600 3875475434 C Ci:5:002:0 0 2 = 0000
ffff8801f4b0a600 3875476655 S Ci:5:002:0 s 80 06 b501 1a1f 0002 2 <
ffff8801f4b0a600 3875477435 C Ci:5:002:0 0 2 = 4000
ffff8801f4b0a600 3875478654 S Ci:5:002:0 s 80 06 b504 0000 0001 1 <
ffff8801f4b0a600 3875479435 C Ci:5:002:0 0 1 = fb
ffff8801f4b0a600 3875480656 S Ci:5:002:0 s 80 06 b504 0001 0001 1 <
ffff8801f4b0a600 3875481436 C Ci:5:002:0 0 1 = fb
ffff8801f4b0a600 3875482656 S Ci:5:002:0 s 80 06 b504 ff02 0001 1 <
ffff8801f4b0a600 3875483436 C Ci:5:002:0 0 1 = fb
ffff8801f4b0a600 3875484655 S Ci:5:002:0 s 80 06 b504 ff03 0001 1 <
ffff8801f4b0a600 3875485435 C Ci:5:002:0 0 1 = fb
ffff8801f4b0a600 3875486656 S Ci:5:002:0 s 80 06 b504 ff04 0001 1 <
ffff8801f4b0a600 3875487435 C Ci:5:002:0 0 1 = fb
ffff8801f4b0a600 3875488653 S Ci:5:002:0 s 80 06 b504 ff05 0001 1 <
ffff8801f4b0a600 3875489436 C Ci:5:002:0 0 1 = fb
ffff8801f4b0a540 3875490660 S Ci:5:002:0 s 80 06 b504 ff06 0001 1 <
ffff8801f4b0a540 3875491435 C Ci:5:002:0 0 1 = fb
ffff8801f4b0a540 3875492656 S Ci:5:002:0 s 80 06 b504 ff07 0001 1 <
ffff8801f4b0a540 3875493436 C Ci:5:002:0 0 1 = fb
ffff8801f4b0a540 3875494638 S Ci:5:002:0 s 80 06 b504 ff08 0001 1 <
ffff8801f4b0a540 3875495436 C Ci:5:002:0 0 1 = fb
ffff8801f4b0a540 3875496657 S Ci:5:002:0 s 80 06 b504 ff09 0001 1 <
ffff8801f4b0a540 3875497436 C Ci:5:002:0 0 1 = fb
ffff8801f4b0a540 3875498656 S Ci:5:002:0 s 80 06 b504 ff0a 0001 1 <
ffff8801f4b0a540 3875499437 C Ci:5:002:0 0 1 = fb
ffff8801f4b0a540 3875500656 S Ci:5:002:0 s 80 06 b504 ff0b 0001 1 <
ffff8801f4b0a540 3875501437 C Ci:5:002:0 0 1 = fb
ffff8801f4b0a540 3875502656 S Ci:5:002:0 s 80 06 b504 fe0c 0001 1 <
ffff8801f4b0a540 3875503436 C Ci:5:002:0 0 1 = fb
ffff8801f4b0a540 3875504641 S Ci:5:002:0 s 80 06 b504 2b0d 0001 1 <
ffff8801f4b0a540 3875505437 C Ci:5:002:0 0 1 = fb
ffff8801f4b0a540 3875506656 S Ci:5:002:0 s 80 06 b504 fe0e 0001 1 <
ffff8801f4b0a540 3875507437 C Ci:5:002:0 0 1 = fb
ffff8801f4b0a540 3875508655 S Ci:5:002:0 s 80 06 b504 2b0f 0001 1 <
ffff8801f4b0a540 3875509436 C Ci:5:002:0 0 1 = fb
ffff8801f4b0a540 3875510656 S Ci:5:002:0 s 80 06 b504 fe10 0001 1 <
ffff8801f4b0a540 3875511437 C Ci:5:002:0 0 1 = fb
ffff8801f4b0a540 3875512656 S Ci:5:002:0 s 80 06 b504 2b11 0001 1 <
ffff8801f4b0a540 3875513437 C Ci:5:002:0 0 1 = fb
ffff8801f4b0a540 3875514729 S Ci:5:002:0 s 80 06 b504 fe12 0001 1 <
ffff8801f4b0a540 3875515437 C Ci:5:002:0 0 1 = fb
ffff8801f4b0a540 3875516656 S Ci:5:002:0 s 80 06 b504 2b13 0001 1 <
ffff8801f4b0a540 3875517436 C Ci:5:002:0 0 1 = fb
ffff8801f4b0a540 3875518656 S Ci:5:002:0 s 80 06 b504 fe14 0001 1 <
ffff8801f4b0a540 3875519436 C Ci:5:002:0 0 1 = fb
ffff8801f4b0a540 3875520656 S Ci:5:002:0 s 80 06 b504 2b15 0001 1 <
ffff8801f4b0a540 3875521436 C Ci:5:002:0 0 1 = fb
ffff8801f4b0a540 3875522656 S Ci:5:002:0 s 80 06 b504 fe16 0001 1 <
ffff8801f4b0a540 3875523436 C Ci:5:002:0 0 1 = fb
ffff8801f4b0a540 3875524650 S Ci:5:002:0 s 80 06 b504 2b17 0001 1 <
ffff8801f4b0a540 3875525436 C Ci:5:002:0 0 1 = fb
ffff8801f4b0a540 3875526859 S Ci:5:002:0 s 80 06 b504 fe18 0001 1 <
ffff8801f4b0a540 3875527438 C Ci:5:002:0 0 1 = fb
ffff8801f4b0a540 3875528656 S Ci:5:002:0 s 80 06 b504 2b19 0001 1 <
ffff8801f4b0a540 3875529436 C Ci:5:002:0 0 1 = fb
ffff8801f4b0a540 3875530656 S Ci:5:002:0 s 80 06 b504 fe1a 0001 1 <
ffff8801f4b0a540 3875531437 C Ci:5:002:0 0 1 = fb
ffff8801f4b0ad80 3875532659 S Ci:5:002:0 s 80 06 b504 2b1b 0001 1 <
ffff8801f4b0ad80 3875533436 C Ci:5:002:0 0 1 = fb
ffff8801f4b0ad80 3875534659 S Ci:5:002:0 s 80 06 b504 fe1c 0001 1 <
ffff8801f4b0ad80 3875535437 C Ci:5:002:0 0 1 = fb
ffff8801f4b0ad80 3875536666 S Ci:5:002:0 s 80 06 b504 2b1d 0001 1 <
ffff8801f4b0ad80 3875537437 C Ci:5:002:0 0 1 = fb
ffff8801f4b0ad80 3875538676 S Ci:5:002:0 s 80 06 b504 fe1e 0001 1 <
ffff8801f4b0ad80 3875539437 C Ci:5:002:0 0 1 = fb
ffff8801f4b0ad80 3875540665 S Ci:5:002:0 s 80 06 b504 2b1f 0001 1 <
ffff8801f4b0ad80 3875541437 C Ci:5:002:0 0 1 = fb
ffff8801f4b0ad80 3875542665 S Ci:5:002:0 s 80 06 b504 fc20 0001 1 <
ffff8801f4b0ad80 3875543437 C Ci:5:002:0 0 1 = fb
ffff8801f4b0ad80 3875544659 S Ci:5:002:0 s 80 06 b504 2b21 0001 1 <
ffff8801f4b0ad80 3875545438 C Ci:5:002:0 0 1 = fb
ffff8801f4b0ad80 3875546666 S Ci:5:002:0 s 80 06 b504 fb22 0001 1 <
ffff8801f4b0ad80 3875547437 C Ci:5:002:0 0 1 = fb
ffff8801f4b0ad80 3875548655 S Ci:5:002:0 s 80 06 b504 2b23 0001 1 <
ffff8801f4b0ad80 3875549437 C Ci:5:002:0 0 1 = fb
ffff8801f4b0ad80 3875550665 S Ci:5:002:0 s 80 06 b504 fc24 0001 1 <
ffff8801f4b0ad80 3875551437 C Ci:5:002:0 0 1 = fb
ffff8801f4b0ad80 3875552665 S Ci:5:002:0 s 80 06 b504 2b25 0001 1 <
ffff8801f4b0ad80 3875553437 C Ci:5:002:0 0 1 = fb
ffff8801f4b0ad80 3875554679 S Ci:5:002:0 s 80 06 b504 fb26 0001 1 <
ffff8801f4b0ad80 3875555438 C Ci:5:002:0 0 1 = fb
ffff8801f4b0a540 3875556660 S Ci:5:002:0 s 80 06 b504 2b27 0001 1 <
ffff8801f4b0a540 3875557439 C Ci:5:002:0 0 1 = fb
ffff8801f4b0a540 3875558662 S Ci:5:002:0 s 80 06 b504 fc28 0001 1 <
ffff8801f4b0a540 3875559439 C Ci:5:002:0 0 1 = fb
ffff8801f4b0a540 3875560666 S Ci:5:002:0 s 80 06 b504 2b29 0001 1 <
ffff8801f4b0a540 3875561438 C Ci:5:002:0 0 1 = fb
ffff8801f4b0a540 3875562667 S Ci:5:002:0 s 80 06 b504 fb2a 0001 1 <
ffff8801f4b0a540 3875563439 C Ci:5:002:0 0 1 = fb
ffff8801f4b0a540 3875564660 S Ci:5:002:0 s 80 06 b504 2b2b 0001 1 <
ffff8801f4b0a540 3875565437 C Ci:5:002:0 0 1 = fb
ffff8801f4b0a540 3875566678 S Ci:5:002:0 s 80 06 b504 fc2c 0001 1 <
ffff8801f4b0a540 3875567438 C Ci:5:002:0 0 1 = fb
ffff8801f4b0a540 3875568666 S Ci:5:002:0 s 80 06 b504 2b2d 0001 1 <
ffff8801f4b0a540 3875569438 C Ci:5:002:0 0 1 = fb
ffff8801f4b0a540 3875570671 S Ci:5:002:0 s 80 06 b504 fb2e 0001 1 <
ffff8801f4b0a540 3875571439 C Ci:5:002:0 0 1 = fb
ffff8801f4b0a540 3875572667 S Ci:5:002:0 s 80 06 b504 2b2f 0001 1 <
ffff8801f4b0a540 3875573438 C Ci:5:002:0 0 1 = fb
ffff8801f4b0a540 3875574680 S Ci:5:002:0 s 80 06 b504 fc30 0001 1 <
ffff8801f4b0a540 3875575438 C Ci:5:002:0 0 1 = fb
ffff8801f4b0a540 3875576656 S Ci:5:002:0 s 80 06 b504 2b31 0001 1 <
ffff8801f4b0a540 3875577438 C Ci:5:002:0 0 1 = fb
ffff8801f4b0a540 3875578656 S Ci:5:002:0 s 80 06 b504 fb32 0001 1 <
ffff8801f4b0a540 3875579438 C Ci:5:002:0 0 1 = fb
ffff8801f4b0a540 3875580668 S Ci:5:002:0 s 80 06 b504 2b33 0001 1 <
ffff8801f4b0a540 3875581447 C Ci:5:002:0 0 1 = fb
ffff8801f4b0a540 3875582666 S Ci:5:002:0 s 80 06 b504 ff34 0001 1 <
ffff8801f4b0a540 3875583439 C Ci:5:002:0 0 1 = fb
ffff8801f4b0a540 3875584679 S Ci:5:002:0 s 80 06 b504 ff35 0001 1 <
ffff8801f4b0a540 3875585439 C Ci:5:002:0 0 1 = fb
ffff8801f4b0a540 3875586666 S Ci:5:002:0 s 80 06 b504 ff36 0001 1 <
ffff8801f4b0a540 3875587439 C Ci:5:002:0 0 1 = fb
ffff8801f4b0a540 3875588656 S Ci:5:002:0 s 80 06 b504 ff37 0001 1 <
ffff8801f4b0a540 3875589440 C Ci:5:002:0 0 1 = fb
ffff8801f4b0a540 3875590676 S Ci:5:002:0 s 80 06 b504 ff38 0001 1 <
ffff8801f4b0a540 3875591440 C Ci:5:002:0 0 1 = fb
ffff8801f4b0a540 3875592666 S Ci:5:002:0 s 80 06 b504 ff39 0001 1 <
ffff8801f4b0a540 3875593439 C Ci:5:002:0 0 1 = fb
ffff8801f4b0a540 3875594661 S Ci:5:002:0 s 80 06 b504 ff3a 0001 1 <
ffff8801f4b0a540 3875595439 C Ci:5:002:0 0 1 = fb
ffff8801f4b0a540 3875596666 S Ci:5:002:0 s 80 06 b504 ff3b 0001 1 <
ffff8801f4b0a540 3875597439 C Ci:5:002:0 0 1 = fb
ffff8801f4b0a540 3875598676 S Ci:5:002:0 s 80 06 b504 ff3c 0001 1 <
ffff8801f4b0a540 3875599439 C Ci:5:002:0 0 1 = fb
ffff8801f4b0a540 3875600666 S Ci:5:002:0 s 80 06 b504 ff3d 0001 1 <
ffff8801f4b0a540 3875601440 C Ci:5:002:0 0 1 = fb
ffff8801f4b0a540 3875602666 S Ci:5:002:0 s 80 06 b504 ff3e 0001 1 <
ffff8801f4b0a540 3875603440 C Ci:5:002:0 0 1 = fb
ffff8801f4b0a540 3875604658 S Ci:5:002:0 s 80 06 b504 ff3f 0001 1 <
ffff8801f4b0a540 3875605440 C Ci:5:002:0 0 1 = fb
ffff8801f4b0a540 3875606666 S Ci:5:002:0 s 80 06 b500 9a20 0001 1 <
ffff8801f4b0a540 3875608439 C Ci:5:002:0 0 1 = fb
ffff8801f4b0a540 3875609737 S Ci:5:002:0 s 80 06 b501 1a20 0002 2 <
ffff8801f4b0a540 3875610441 C Ci:5:002:0 0 2 = 0000
ffff8801f4b0a540 3875611666 S Ci:5:002:0 s 80 06 b501 1a21 0002 2 <
ffff8801f4b0a540 3875612440 C Ci:5:002:0 0 2 = ffff
ffff8801f4b0a540 3875613656 S Ci:5:002:0 s 80 06 b501 1a22 0002 2 <
ffff8801f4b0a540 3875614440 C Ci:5:002:0 0 2 = ffff
ffff8801f4b0a540 3875615672 S Ci:5:002:0 s 80 06 b501 1a23 0002 2 <
ffff8801f4b0a540 3875616441 C Ci:5:002:0 0 2 = ffff
ffff8801f4b0a540 3875617669 S Ci:5:002:0 s 80 06 b501 1a24 0002 2 <
ffff8801f4b0a540 3875618440 C Ci:5:002:0 0 2 = ffff
ffff8801f4b0a540 3875619676 S Ci:5:002:0 s 80 06 b501 1a25 0002 2 <
ffff8801f4b0a540 3875620440 C Ci:5:002:0 0 2 = ffff
ffff8801f4b0a540 3875621666 S Ci:5:002:0 s 80 06 b501 1a26 0002 2 <
ffff8801f4b0a540 3875622440 C Ci:5:002:0 0 2 = fe2b
ffff8801f4b0a540 3875623676 S Ci:5:002:0 s 80 06 b501 1a27 0002 2 <
ffff8801f4b0a540 3875624440 C Ci:5:002:0 0 2 = fe2b
ffff8801f4b0a540 3875625678 S Ci:5:002:0 s 80 06 b501 1a28 0002 2 <
ffff8801f4b0a540 3875626441 C Ci:5:002:0 0 2 = fe2b
ffff8801f4b0a540 3875627676 S Ci:5:002:0 s 80 06 b501 1a29 0002 2 <
ffff8801f4b0a540 3875628440 C Ci:5:002:0 0 2 = fe2b
ffff8801f4b0a540 3875629676 S Ci:5:002:0 s 80 06 b501 1a2a 0002 2 <
ffff8801f4b0a540 3875630440 C Ci:5:002:0 0 2 = fe2b
ffff8801f4b0a600 3875631666 S Ci:5:002:0 s 80 06 b501 1a2b 0002 2 <
ffff8801f4b0a600 3875632443 C Ci:5:002:0 0 2 = fe2b
ffff8801f4b0a600 3875633713 S Ci:5:002:0 s 80 06 b501 1a2c 0002 2 <
ffff8801f4b0a600 3875634442 C Ci:5:002:0 0 2 = fe2b
ffff8801f4b0a600 3875635656 S Ci:5:002:0 s 80 06 b501 1a2d 0002 2 <
ffff8801f4b0a600 3875636441 C Ci:5:002:0 0 2 = fe2b
ffff8801f4b0a600 3875637678 S Ci:5:002:0 s 80 06 b501 1a2e 0002 2 <
ffff8801f4b0a600 3875638440 C Ci:5:002:0 0 2 = fe2b
ffff8801f4b0a600 3875639665 S Ci:5:002:0 s 80 06 b501 1a2f 0002 2 <
ffff8801f4b0a600 3875640441 C Ci:5:002:0 0 2 = fe2b
ffff8801f4b0a600 3875641666 S Ci:5:002:0 s 80 06 b501 1a30 0002 2 <
ffff8801f4b0a600 3875642441 C Ci:5:002:0 0 2 = fc2b
ffff8801f4b0a600 3875643666 S Ci:5:002:0 s 80 06 b501 1a31 0002 2 <
ffff8801f4b0a600 3875644440 C Ci:5:002:0 0 2 = fb2b
ffff8801f4b0a600 3875645675 S Ci:5:002:0 s 80 06 b501 1a32 0002 2 <
ffff8801f4b0a600 3875646441 C Ci:5:002:0 0 2 = fc2b
ffff8801f4b0a600 3875647678 S Ci:5:002:0 s 80 06 b501 1a33 0002 2 <
ffff8801f4b0a600 3875648441 C Ci:5:002:0 0 2 = fb2b
ffff8801f4b0a600 3875649665 S Ci:5:002:0 s 80 06 b501 1a34 0002 2 <
ffff8801f4b0a600 3875650441 C Ci:5:002:0 0 2 = fc2b
ffff8801f4b0a600 3875651676 S Ci:5:002:0 s 80 06 b501 1a35 0002 2 <
ffff8801f4b0a600 3875652441 C Ci:5:002:0 0 2 = fb2b
ffff8801f4b0a600 3875653666 S Ci:5:002:0 s 80 06 b501 1a36 0002 2 <
ffff8801f4b0a600 3875654440 C Ci:5:002:0 0 2 = fc2b
ffff8801f4b0a600 3875655675 S Ci:5:002:0 s 80 06 b501 1a37 0002 2 <
ffff8801f4b0a600 3875656441 C Ci:5:002:0 0 2 = fb2b
ffff8801f4b0a600 3875657666 S Ci:5:002:0 s 80 06 b501 1a38 0002 2 <
ffff8801f4b0a600 3875658441 C Ci:5:002:0 0 2 = fc2b
ffff8801f4b0a600 3875659662 S Ci:5:002:0 s 80 06 b501 1a39 0002 2 <
ffff8801f4b0a600 3875660441 C Ci:5:002:0 0 2 = fb2b
ffff8801f4b0a600 3875661676 S Ci:5:002:0 s 80 06 b501 1a3a 0002 2 <
ffff8801f4b0a600 3875662441 C Ci:5:002:0 0 2 = ffff
ffff8801f4b0a600 3875663666 S Ci:5:002:0 s 80 06 b501 1a3b 0002 2 <
ffff8801f4b0a600 3875664441 C Ci:5:002:0 0 2 = ffff
ffff8801f4b0a600 3875665675 S Ci:5:002:0 s 80 06 b501 1a3c 0002 2 <
ffff8801f4b0a600 3875666442 C Ci:5:002:0 0 2 = ffff
ffff8801f4b0a600 3875667655 S Ci:5:002:0 s 80 06 b501 1a3d 0002 2 <
ffff8801f4b0a600 3875668441 C Ci:5:002:0 0 2 = ffff
ffff8801df479680 3875670115 S Ci:5:002:0 s 80 06 b501 1a3e 0002 2 <
ffff8801df479680 3875670441 C Ci:5:002:0 0 2 = ffff
ffff8801df479680 3875671667 S Ci:5:002:0 s 80 06 b501 1a3f 0002 2 <
ffff8801df479680 3875672441 C Ci:5:002:0 0 2 = ffff
ffff8801df479680 3875673666 S Ci:5:002:0 s 80 06 b504 0000 0001 1 <
ffff8801df479680 3875674441 C Ci:5:002:0 0 1 = fb
ffff8801df479680 3875675675 S Ci:5:002:0 s 80 06 b504 5001 0001 1 <
ffff8801df479680 3875676441 C Ci:5:002:0 0 1 = fb
ffff8801df479680 3875677676 S Ci:5:002:0 s 80 06 b504 4c02 0001 1 <
ffff8801df479680 3875678441 C Ci:5:002:0 0 1 = fb
ffff8801df479680 3875679676 S Ci:5:002:0 s 80 06 b504 cc03 0001 1 <
ffff8801df479680 3875680441 C Ci:5:002:0 0 1 = fb
ffff8801df479680 3875681666 S Ci:5:002:0 s 80 06 b504 5004 0001 1 <
ffff8801df479680 3875682442 C Ci:5:002:0 0 1 = fb
ffff8801df479680 3875683666 S Ci:5:002:0 s 80 06 b504 1005 0001 1 <
ffff8801df479680 3875684441 C Ci:5:002:0 0 1 = fb
ffff8801df479680 3875685654 S Ci:5:002:0 s 80 06 b504 8c06 0001 1 <
ffff8801df479680 3875686441 C Ci:5:002:0 0 1 = fb
ffff8801df479680 3875687655 S Ci:5:002:0 s 80 06 b504 cc07 0001 1 <
ffff8801df479680 3875688441 C Ci:5:002:0 0 1 = fb
ffff8801df479680 3875689665 S Ci:5:002:0 s 80 06 b504 9008 0001 1 <
ffff8801df479680 3875690442 C Ci:5:002:0 0 1 = fb
ffff8801df479680 3875691666 S Ci:5:002:0 s 80 06 b504 1009 0001 1 <
ffff8801df479680 3875692442 C Ci:5:002:0 0 1 = fb
ffff8801df479680 3875693665 S Ci:5:002:0 s 80 06 b504 d00a 0001 1 <
ffff8801df479680 3875694442 C Ci:5:002:0 0 1 = fb
ffff8801df479680 3875695654 S Ci:5:002:0 s 80 06 b504 100b 0001 1 <
ffff8801df479680 3875696442 C Ci:5:002:0 0 1 = fb
ffff8801df479680 3875697666 S Ci:5:002:0 s 80 06 b504 d80c 0001 1 <
ffff8801df479680 3875698441 C Ci:5:002:0 0 1 = fb
ffff8801df479680 3875699676 S Ci:5:002:0 s 80 06 b504 d80d 0001 1 <
ffff8801df479680 3875700442 C Ci:5:002:0 0 1 = fb
ffff8801df479680 3875701666 S Ci:5:002:0 s 80 06 b504 a00e 0001 1 <
ffff8801df479680 3875702442 C Ci:5:002:0 0 1 = fb
ffff8801df479680 3875703655 S Ci:5:002:0 s 80 06 b504 000f 0001 1 <
ffff8801df479680 3875704442 C Ci:5:002:0 0 1 = fb
ffff8801df479680 3875705655 S Ci:5:002:0 s 80 06 b504 a110 0001 1 <
ffff8801df479680 3875706443 C Ci:5:002:0 0 1 = fb
ffff8801df479680 3875707655 S Ci:5:002:0 s 80 06 b504 0011 0001 1 <
ffff8801df479680 3875708442 C Ci:5:002:0 0 1 = fb
ffff8801df479680 3875709656 S Ci:5:002:0 s 80 06 b504 a212 0001 1 <
ffff8801df479680 3875710443 C Ci:5:002:0 0 1 = fb
ffff8801df479680 3875711655 S Ci:5:002:0 s 80 06 b504 0013 0001 1 <
ffff8801df479680 3875712443 C Ci:5:002:0 0 1 = fb
ffff8801df479680 3875713655 S Ci:5:002:0 s 80 06 b504 a314 0001 1 <
ffff8801df479680 3875714442 C Ci:5:002:0 0 1 = fb
ffff8801df479680 3875715628 S Ci:5:002:0 s 80 06 b504 0015 0001 1 <
ffff8801df479680 3875716442 C Ci:5:002:0 0 1 = fb
ffff8801df479680 3875717656 S Ci:5:002:0 s 80 06 b504 a416 0001 1 <
ffff8801df479680 3875718442 C Ci:5:002:0 0 1 = fb
ffff8801df479680 3875719656 S Ci:5:002:0 s 80 06 b504 0017 0001 1 <
ffff8801df479680 3875720443 C Ci:5:002:0 0 1 = fb
ffff8801df479680 3875721655 S Ci:5:002:0 s 80 06 b504 a518 0001 1 <
ffff8801df479680 3875722443 C Ci:5:002:0 0 1 = fb
ffff8801df479680 3875723655 S Ci:5:002:0 s 80 06 b504 4819 0001 1 <
ffff8801df479680 3875724443 C Ci:5:002:0 0 1 = fb
ffff8801df479680 3875725656 S Ci:5:002:0 s 80 06 b504 ff1a 0001 1 <
ffff8801df479680 3875726443 C Ci:5:002:0 0 1 = fb
ffff8801df479680 3875727655 S Ci:5:002:0 s 80 06 b504 ff1b 0001 1 <
ffff8801df479680 3875728442 C Ci:5:002:0 0 1 = fb
ffff8801df479680 3875729656 S Ci:5:002:0 s 80 06 b504 ff1c 0001 1 <
ffff8801df479680 3875730443 C Ci:5:002:0 0 1 = fb
ffff8801df479680 3875731655 S Ci:5:002:0 s 80 06 b504 ff1d 0001 1 <
ffff8801df479680 3875732442 C Ci:5:002:0 0 1 = fb
ffff8801df479680 3875733656 S Ci:5:002:0 s 80 06 b504 ff1e 0001 1 <
ffff8801df479680 3875734443 C Ci:5:002:0 0 1 = fb
ffff8801df479680 3875735656 S Ci:5:002:0 s 80 06 b504 ff1f 0001 1 <
ffff8801df479680 3875736443 C Ci:5:002:0 0 1 = fb
ffff8801df479680 3875737656 S Ci:5:002:0 s 80 06 b504 fe20 0001 1 <
ffff8801df479680 3875738443 C Ci:5:002:0 0 1 = fb
ffff8801df479680 3875739656 S Ci:5:002:0 s 80 06 b504 2b21 0001 1 <
ffff8801df479680 3875740444 C Ci:5:002:0 0 1 = fb
ffff8801df479680 3875741655 S Ci:5:002:0 s 80 06 b504 fe22 0001 1 <
ffff8801df479680 3875742444 C Ci:5:002:0 0 1 = fb
ffff8801df479680 3875743656 S Ci:5:002:0 s 80 06 b504 2b23 0001 1 <
ffff8801df479680 3875744443 C Ci:5:002:0 0 1 = fb
ffff8801df479680 3875745656 S Ci:5:002:0 s 80 06 b504 0224 0001 1 <
ffff8801df479680 3875746443 C Ci:5:002:0 0 1 = fb
ffff8801df479680 3875747655 S Ci:5:002:0 s 80 06 b504 2525 0001 1 <
ffff8801df479680 3875748443 C Ci:5:002:0 0 1 = fb
ffff8801df479680 3875749656 S Ci:5:002:0 s 80 06 b504 0226 0001 1 <
ffff8801df479680 3875750444 C Ci:5:002:0 0 1 = fb
ffff8801df479680 3875751655 S Ci:5:002:0 s 80 06 b504 2427 0001 1 <
ffff8801df479680 3875752444 C Ci:5:002:0 0 1 = fb
ffff8801df479680 3875753656 S Ci:5:002:0 s 80 06 b504 0428 0001 1 <
ffff8801df479680 3875754444 C Ci:5:002:0 0 1 = fb
ffff8801df479680 3875755657 S Ci:5:002:0 s 80 06 b504 2529 0001 1 <
ffff8801df479680 3875756445 C Ci:5:002:0 0 1 = fb
ffff8801df479680 3875757656 S Ci:5:002:0 s 80 06 b504 042a 0001 1 <
ffff8801df479680 3875758443 C Ci:5:002:0 0 1 = fb
ffff8801df479680 3875759656 S Ci:5:002:0 s 80 06 b504 242b 0001 1 <
ffff8801df479680 3875760443 C Ci:5:002:0 0 1 = fb
ffff8801df479680 3875761655 S Ci:5:002:0 s 80 06 b504 082c 0001 1 <
ffff8801df479680 3875762444 C Ci:5:002:0 0 1 = fb
ffff8801df479680 3875763655 S Ci:5:002:0 s 80 06 b504 252d 0001 1 <
ffff8801df479680 3875764141 C Ci:5:002:0 0 1 = fb
ffff8801df479680 3875765656 S Ci:5:002:0 s 80 06 b504 082e 0001 1 <
ffff8801df479680 3875766444 C Ci:5:002:0 0 1 = fb
ffff8801df479680 3875767655 S Ci:5:002:0 s 80 06 b504 242f 0001 1 <
ffff8801df479680 3875768444 C Ci:5:002:0 0 1 = fb
ffff8801df479680 3875769656 S Ci:5:002:0 s 80 06 b504 1030 0001 1 <
ffff8801df479680 3875770444 C Ci:5:002:0 0 1 = fb
ffff8801df479680 3875771664 S Ci:5:002:0 s 80 06 b504 2531 0001 1 <
ffff8801df479680 3875772446 C Ci:5:002:0 0 1 = fb
ffff8801df479680 3875773656 S Ci:5:002:0 s 80 06 b504 1032 0001 1 <
ffff8801df479680 3875774444 C Ci:5:002:0 0 1 = fb
ffff8801df479680 3875775656 S Ci:5:002:0 s 80 06 b504 2433 0001 1 <
ffff8801df479680 3875776444 C Ci:5:002:0 0 1 = fb
ffff8801df479680 3875777656 S Ci:5:002:0 s 80 06 b504 f634 0001 1 <
ffff8801df479680 3875778444 C Ci:5:002:0 0 1 = fb
ffff8801df479680 3875779655 S Ci:5:002:0 s 80 06 b504 2b35 0001 1 <
ffff8801df479680 3875780445 C Ci:5:002:0 0 1 = fb
ffff8801df479680 3875781654 S Ci:5:002:0 s 80 06 b504 fe36 0001 1 <
ffff8801df479680 3875782445 C Ci:5:002:0 0 1 = fb
ffff8801df479680 3875783656 S Ci:5:002:0 s 80 06 b504 2b37 0001 1 <
ffff8801df479680 3875784445 C Ci:5:002:0 0 1 = fb
ffff8801f4b0a600 3875785660 S Ci:5:002:0 s 80 06 b504 f038 0001 1 <
ffff8801f4b0a600 3875786445 C Ci:5:002:0 0 1 = fb
ffff8801f4b0a600 3875787655 S Ci:5:002:0 s 80 06 b504 e039 0001 1 <
ffff8801f4b0a600 3875788444 C Ci:5:002:0 0 1 = fb
ffff8801f4b0a600 3875789724 S Ci:5:002:0 s 80 06 b504 fe3a 0001 1 <
ffff8801f4b0a600 3875790445 C Ci:5:002:0 0 1 = fb
ffff8801f4b0a600 3875791654 S Ci:5:002:0 s 80 06 b504 2b3b 0001 1 <
ffff8801f4b0a600 3875792445 C Ci:5:002:0 0 1 = fb
ffff8801f4b0a600 3875793656 S Ci:5:002:0 s 80 06 b504 fe3c 0001 1 <
ffff8801f4b0a600 3875794445 C Ci:5:002:0 0 1 = fb
ffff8801f4b0a600 3875795656 S Ci:5:002:0 s 80 06 b504 2b3d 0001 1 <
ffff8801f4b0a600 3875796445 C Ci:5:002:0 0 1 = fb
ffff8801f4b0a600 3875797656 S Ci:5:002:0 s 80 06 b504 fe3e 0001 1 <
ffff8801f4b0a600 3875798445 C Ci:5:002:0 0 1 = fb
ffff8801f4b0a600 3875799656 S Ci:5:002:0 s 80 06 b504 2b3f 0001 1 <
ffff8801f4b0a600 3875800446 C Ci:5:002:0 0 1 = fb
ffff8801f4b0a600 3875801654 S Ci:5:002:0 s 80 06 b500 9a40 0001 1 <
ffff8801f4b0a600 3875803446 C Ci:5:002:0 0 1 = fb
ffff8801f4b0a600 3875804894 S Ci:5:002:0 s 80 06 b501 1a40 0002 2 <
ffff8801f4b0a600 3875805447 C Ci:5:002:0 0 2 = 0050
ffff8801f4b0a600 3875806655 S Ci:5:002:0 s 80 06 b501 1a41 0002 2 <
ffff8801f4b0a600 3875807446 C Ci:5:002:0 0 2 = 4ccc
ffff8801f4b0a600 3875808656 S Ci:5:002:0 s 80 06 b501 1a42 0002 2 <
ffff8801f4b0a600 3875809445 C Ci:5:002:0 0 2 = 5010
ffff8801f4b0a600 3875810655 S Ci:5:002:0 s 80 06 b501 1a43 0002 2 <
ffff8801f4b0a600 3875811446 C Ci:5:002:0 0 2 = 8ccc
ffff8801f4b0a600 3875812655 S Ci:5:002:0 s 80 06 b501 1a44 0002 2 <
ffff8801f4b0a600 3875813446 C Ci:5:002:0 0 2 = 9010
ffff8801f4b0a600 3875814655 S Ci:5:002:0 s 80 06 b501 1a45 0002 2 <
ffff8801f4b0a600 3875815448 C Ci:5:002:0 0 2 = d010
ffff8801f4b0a600 3875816656 S Ci:5:002:0 s 80 06 b501 1a46 0002 2 <
ffff8801f4b0a600 3875817447 C Ci:5:002:0 0 2 = d8d8
ffff8801f4b0a600 3875818656 S Ci:5:002:0 s 80 06 b501 1a47 0002 2 <
ffff8801f4b0a600 3875819445 C Ci:5:002:0 0 2 = a000
ffff8801f4b0a600 3875820656 S Ci:5:002:0 s 80 06 b501 1a48 0002 2 <
ffff8801f4b0a600 3875821446 C Ci:5:002:0 0 2 = a100
ffff8801f4b0a600 3875822656 S Ci:5:002:0 s 80 06 b501 1a49 0002 2 <
ffff8801f4b0a600 3875823446 C Ci:5:002:0 0 2 = a200
ffff8801f4b0a600 3875824655 S Ci:5:002:0 s 80 06 b501 1a4a 0002 2 <
ffff8801f4b0a600 3875825446 C Ci:5:002:0 0 2 = a300
ffff8801f4b0a600 3875826654 S Ci:5:002:0 s 80 06 b501 1a4b 0002 2 <
ffff8801f4b0a600 3875827446 C Ci:5:002:0 0 2 = a400
ffff8801f4b0a600 3875828655 S Ci:5:002:0 s 80 06 b501 1a4c 0002 2 <
ffff8801f4b0a600 3875829446 C Ci:5:002:0 0 2 = a548
ffff8801f4b0a600 3875830656 S Ci:5:002:0 s 80 06 b501 1a4d 0002 2 <
ffff8801f4b0a600 3875831446 C Ci:5:002:0 0 2 = ffff
ffff8801f4b0a600 3875832655 S Ci:5:002:0 s 80 06 b501 1a4e 0002 2 <
ffff8801f4b0a600 3875833446 C Ci:5:002:0 0 2 = ffff
ffff8801f4b0a600 3875834656 S Ci:5:002:0 s 80 06 b501 1a4f 0002 2 <
ffff8801f4b0a600 3875835447 C Ci:5:002:0 0 2 = ffff
ffff8801f4b0a600 3875836655 S Ci:5:002:0 s 80 06 b501 1a50 0002 2 <
ffff8801f4b0a600 3875837447 C Ci:5:002:0 0 2 = fe2b
ffff8801f4b0a600 3875838655 S Ci:5:002:0 s 80 06 b501 1a51 0002 2 <
ffff8801f4b0a600 3875839446 C Ci:5:002:0 0 2 = fe2b
ffff8801f4b0a600 3875840655 S Ci:5:002:0 s 80 06 b501 1a52 0002 2 <
ffff8801f4b0a600 3875841447 C Ci:5:002:0 0 2 = 0225
ffff8801f4b0a600 3875842655 S Ci:5:002:0 s 80 06 b501 1a53 0002 2 <
ffff8801f4b0a600 3875843447 C Ci:5:002:0 0 2 = 0224
ffff8801f4b0a600 3875844656 S Ci:5:002:0 s 80 06 b501 1a54 0002 2 <
ffff8801f4b0a600 3875845448 C Ci:5:002:0 0 2 = 0425
ffff8801f4b0a600 3875846654 S Ci:5:002:0 s 80 06 b501 1a55 0002 2 <
ffff8801f4b0a600 3875847447 C Ci:5:002:0 0 2 = 0424
ffff8801f4b0a600 3875848655 S Ci:5:002:0 s 80 06 b501 1a56 0002 2 <
ffff8801f4b0a600 3875849446 C Ci:5:002:0 0 2 = 0825
ffff8801f4b0a600 3875850655 S Ci:5:002:0 s 80 06 b501 1a57 0002 2 <
ffff8801f4b0a600 3875851447 C Ci:5:002:0 0 2 = 0824
ffff8801f4b0a600 3875852656 S Ci:5:002:0 s 80 06 b501 1a58 0002 2 <
ffff8801f4b0a600 3875853447 C Ci:5:002:0 0 2 = 1025
ffff8801f4b0a600 3875854656 S Ci:5:002:0 s 80 06 b501 1a59 0002 2 <
ffff8801f4b0a600 3875855447 C Ci:5:002:0 0 2 = 1024
ffff8801f4b0a600 3875856654 S Ci:5:002:0 s 80 06 b501 1a5a 0002 2 <
ffff8801f4b0a600 3875857448 C Ci:5:002:0 0 2 = f62b
ffff8801f4b0a600 3875858655 S Ci:5:002:0 s 80 06 b501 1a5b 0002 2 <
ffff8801f4b0a600 3875859447 C Ci:5:002:0 0 2 = fe2b
ffff8801f4b0a600 3875860655 S Ci:5:002:0 s 80 06 b501 1a5c 0002 2 <
ffff8801f4b0a600 3875861447 C Ci:5:002:0 0 2 = f0e0
ffff8801f4b0a600 3875862656 S Ci:5:002:0 s 80 06 b501 1a5d 0002 2 <
ffff8801f4b0a600 3875863448 C Ci:5:002:0 0 2 = fe2b
ffff8801f4b0a600 3875864655 S Ci:5:002:0 s 80 06 b501 1a5e 0002 2 <
ffff8801f4b0a600 3875865448 C Ci:5:002:0 0 2 = fe2b
ffff8801f4b0a600 3875866654 S Ci:5:002:0 s 80 06 b501 1a5f 0002 2 <
ffff8801f4b0a600 3875867447 C Ci:5:002:0 0 2 = fe2b
ffff8801f4b0a600 3875868655 S Ci:5:002:0 s 80 06 b504 fe00 0001 1 <
ffff8801f4b0a600 3875869448 C Ci:5:002:0 0 1 = fb
ffff8801f4b0a600 3875871390 S Ci:5:002:0 s 80 06 b504 2b01 0001 1 <
ffff8801f4b0a600 3875872449 C Ci:5:002:0 0 1 = fb
ffff8801f4b0a600 3875873656 S Ci:5:002:0 s 80 06 b504 fe02 0001 1 <
ffff8801f4b0a600 3875874448 C Ci:5:002:0 0 1 = fb
ffff8801f4b0a600 3875875656 S Ci:5:002:0 s 80 06 b504 2b03 0001 1 <
ffff8801f4b0a600 3875876449 C Ci:5:002:0 0 1 = fb
ffff8801f4b0a600 3875877656 S Ci:5:002:0 s 80 06 b504 fe04 0001 1 <
ffff8801f4b0a600 3875878448 C Ci:5:002:0 0 1 = fb
ffff8801f4b0a600 3875879726 S Ci:5:002:0 s 80 06 b504 2b05 0001 1 <
ffff8801f4b0a600 3875880448 C Ci:5:002:0 0 1 = fb
ffff8801f4b0a600 3875881654 S Ci:5:002:0 s 80 06 b504 fe06 0001 1 <
ffff8801f4b0a600 3875882449 C Ci:5:002:0 0 1 = fb
ffff8801f4b0a600 3875883656 S Ci:5:002:0 s 80 06 b504 2b07 0001 1 <
ffff8801f4b0a600 3875884448 C Ci:5:002:0 0 1 = fb
ffff8801f4b0a600 3875885655 S Ci:5:002:0 s 80 06 b504 fe08 0001 1 <
ffff8801f4b0a600 3875886449 C Ci:5:002:0 0 1 = fb
ffff8801f4b0a600 3875887655 S Ci:5:002:0 s 80 06 b504 2b09 0001 1 <
ffff8801f4b0a600 3875888448 C Ci:5:002:0 0 1 = fb
ffff8801f4b0a600 3875889656 S Ci:5:002:0 s 80 06 b504 fe0a 0001 1 <
ffff8801f4b0a600 3875890449 C Ci:5:002:0 0 1 = fb
ffff8801f4b0a600 3875891657 S Ci:5:002:0 s 80 06 b504 2b0b 0001 1 <
ffff8801f4b0a600 3875892449 C Ci:5:002:0 0 1 = fb
ffff8801f4b0a600 3875893656 S Ci:5:002:0 s 80 06 b504 fe0c 0001 1 <
ffff8801f4b0a600 3875894448 C Ci:5:002:0 0 1 = fb
ffff8801f4b0a600 3875895655 S Ci:5:002:0 s 80 06 b504 2b0d 0001 1 <
ffff8801f4b0a600 3875896449 C Ci:5:002:0 0 1 = fb
ffff8801f4b0a600 3875897656 S Ci:5:002:0 s 80 06 b504 fe0e 0001 1 <
ffff8801f4b0a600 3875898448 C Ci:5:002:0 0 1 = fb
ffff8801f4b0a600 3875899656 S Ci:5:002:0 s 80 06 b504 2b0f 0001 1 <
ffff8801f4b0a600 3875900449 C Ci:5:002:0 0 1 = fb
ffff8801f4b0a600 3875901656 S Ci:5:002:0 s 80 06 b504 fe10 0001 1 <
ffff8801f4b0a600 3875902449 C Ci:5:002:0 0 1 = fb
ffff8801f4b0a600 3875903656 S Ci:5:002:0 s 80 06 b504 2b11 0001 1 <
ffff8801f4b0a600 3875904449 C Ci:5:002:0 0 1 = fb
ffff8801f4b0a600 3875905656 S Ci:5:002:0 s 80 06 b504 fe12 0001 1 <
ffff8801f4b0a600 3875906449 C Ci:5:002:0 0 1 = fb
ffff8801f4b0a600 3875907656 S Ci:5:002:0 s 80 06 b504 2b13 0001 1 <
ffff8801f4b0a600 3875908449 C Ci:5:002:0 0 1 = fb
ffff8801f4b0a600 3875909656 S Ci:5:002:0 s 80 06 b504 fe14 0001 1 <
ffff8801f4b0a600 3875910450 C Ci:5:002:0 0 1 = fb
ffff8801f4b0a600 3875911656 S Ci:5:002:0 s 80 06 b504 2b15 0001 1 <
ffff8801f4b0a600 3875912449 C Ci:5:002:0 0 1 = fb
ffff8801f4b0a600 3875913656 S Ci:5:002:0 s 80 06 b504 fe16 0001 1 <
ffff8801f4b0a600 3875914449 C Ci:5:002:0 0 1 = fb
ffff8801f4b0a600 3875915655 S Ci:5:002:0 s 80 06 b504 2b17 0001 1 <
ffff8801f4b0a600 3875916449 C Ci:5:002:0 0 1 = fb
ffff8801f4b0a600 3875917656 S Ci:5:002:0 s 80 06 b504 fe18 0001 1 <
ffff8801f4b0a600 3875918449 C Ci:5:002:0 0 1 = fb
ffff8801f4b0a600 3875919656 S Ci:5:002:0 s 80 06 b504 2b19 0001 1 <
ffff8801f4b0a600 3875920450 C Ci:5:002:0 0 1 = fb
ffff8801f4b0a600 3875921656 S Ci:5:002:0 s 80 06 b504 fe1a 0001 1 <
ffff8801f4b0a600 3875922450 C Ci:5:002:0 0 1 = fb
ffff8801f4b0a600 3875923656 S Ci:5:002:0 s 80 06 b504 2b1b 0001 1 <
ffff8801f4b0a600 3875924450 C Ci:5:002:0 0 1 = fb
ffff8801f4b0a600 3875925646 S Ci:5:002:0 s 80 06 b504 fe1c 0001 1 <
ffff8801f4b0a600 3875926449 C Ci:5:002:0 0 1 = fb
ffff8801f4b0a600 3875927656 S Ci:5:002:0 s 80 06 b504 2b1d 0001 1 <
ffff8801f4b0a600 3875928450 C Ci:5:002:0 0 1 = fb
ffff8801f4b0a600 3875929655 S Ci:5:002:0 s 80 06 b504 fe1e 0001 1 <
ffff8801f4b0a600 3875930450 C Ci:5:002:0 0 1 = fb
ffff8801f4b0a600 3875931656 S Ci:5:002:0 s 80 06 b504 2b1f 0001 1 <
ffff8801f4b0a600 3875932451 C Ci:5:002:0 0 1 = fb
ffff8801f4b0a600 3875933656 S Ci:5:002:0 s 80 06 b504 fe20 0001 1 <
ffff8801f4b0a600 3875934450 C Ci:5:002:0 0 1 = fb
ffff8801f4b0a600 3875935655 S Ci:5:002:0 s 80 06 b504 2b21 0001 1 <
ffff8801f4b0a600 3875936451 C Ci:5:002:0 0 1 = fb
ffff8801f4b0a600 3875937654 S Ci:5:002:0 s 80 06 b504 fe22 0001 1 <
ffff8801f4b0a600 3875938450 C Ci:5:002:0 0 1 = fb
ffff8801f4b0a600 3875939655 S Ci:5:002:0 s 80 06 b504 2b23 0001 1 <
ffff8801f4b0a600 3875940450 C Ci:5:002:0 0 1 = fb
ffff8801f4b0a600 3875941655 S Ci:5:002:0 s 80 06 b504 0224 0001 1 <
ffff8801f4b0a600 3875942451 C Ci:5:002:0 0 1 = fb
ffff8801f4b0a600 3875943655 S Ci:5:002:0 s 80 06 b504 2525 0001 1 <
ffff8801f4b0a600 3875944450 C Ci:5:002:0 0 1 = fb
ffff8801f4b0a600 3875945634 S Ci:5:002:0 s 80 06 b504 0226 0001 1 <
ffff8801f4b0a600 3875946451 C Ci:5:002:0 0 1 = fb
ffff8801f4b0a600 3875947654 S Ci:5:002:0 s 80 06 b504 2427 0001 1 <
ffff8801f4b0a600 3875948450 C Ci:5:002:0 0 1 = fb
ffff8801f4b0a600 3875949655 S Ci:5:002:0 s 80 06 b504 0428 0001 1 <
ffff8801f4b0a600 3875950451 C Ci:5:002:0 0 1 = fb
ffff8801f4b0a540 3875951656 S Ci:5:002:0 s 80 06 b504 2529 0001 1 <
ffff8801f4b0a540 3875952452 C Ci:5:002:0 0 1 = fb
ffff8801f4b0a540 3875953656 S Ci:5:002:0 s 80 06 b504 042a 0001 1 <
ffff8801f4b0a540 3875954452 C Ci:5:002:0 0 1 = fb
ffff8801f4b0a540 3875955655 S Ci:5:002:0 s 80 06 b504 242b 0001 1 <
ffff8801f4b0a540 3875956451 C Ci:5:002:0 0 1 = fb
ffff8801f4b0a540 3875957654 S Ci:5:002:0 s 80 06 b504 082c 0001 1 <
ffff8801f4b0a540 3875958451 C Ci:5:002:0 0 1 = fb
ffff8801f4b0a540 3875959656 S Ci:5:002:0 s 80 06 b504 252d 0001 1 <
ffff8801f4b0a540 3875960452 C Ci:5:002:0 0 1 = fb
ffff8801f4b0a540 3875961656 S Ci:5:002:0 s 80 06 b504 082e 0001 1 <
ffff8801f4b0a540 3875962451 C Ci:5:002:0 0 1 = fb
ffff8801f4b0a540 3875963656 S Ci:5:002:0 s 80 06 b504 242f 0001 1 <
ffff8801f4b0a540 3875964451 C Ci:5:002:0 0 1 = fb
ffff8801f4b0a540 3875965640 S Ci:5:002:0 s 80 06 b504 1030 0001 1 <
ffff8801f4b0a540 3875966452 C Ci:5:002:0 0 1 = fb
ffff8801f4b0a540 3875967654 S Ci:5:002:0 s 80 06 b504 2531 0001 1 <
ffff8801f4b0a540 3875968452 C Ci:5:002:0 0 1 = fb
ffff8801f4b0a540 3875969656 S Ci:5:002:0 s 80 06 b504 1032 0001 1 <
ffff8801f4b0a540 3875970451 C Ci:5:002:0 0 1 = fb
ffff8801f4b0a600 3875971660 S Ci:5:002:0 s 80 06 b504 2433 0001 1 <
ffff8801f4b0a600 3875972452 C Ci:5:002:0 0 1 = fb
ffff8801f4b0a600 3875973657 S Ci:5:002:0 s 80 06 b504 f634 0001 1 <
ffff8801f4b0a600 3875974452 C Ci:5:002:0 0 1 = fb
ffff8801f4b0a600 3875975634 S Ci:5:002:0 s 80 06 b504 2b35 0001 1 <
ffff8801f4b0a600 3875976451 C Ci:5:002:0 0 1 = fb
ffff8801f4b0a600 3875977654 S Ci:5:002:0 s 80 06 b504 fe36 0001 1 <
ffff8801f4b0a600 3875978451 C Ci:5:002:0 0 1 = fb
ffff8801f4b0a540 3875979656 S Ci:5:002:0 s 80 06 b504 2b37 0001 1 <
ffff8801f4b0a540 3875980451 C Ci:5:002:0 0 1 = fb
ffff8801f4b0a540 3875981656 S Ci:5:002:0 s 80 06 b504 f038 0001 1 <
ffff8801f4b0a540 3875982452 C Ci:5:002:0 0 1 = fb
ffff8801f4b0a540 3875983656 S Ci:5:002:0 s 80 06 b504 e039 0001 1 <
ffff8801f4b0a540 3875984452 C Ci:5:002:0 0 1 = fb
ffff8801f4b0a540 3875985665 S Ci:5:002:0 s 80 06 b504 fe3a 0001 1 <
ffff8801f4b0a540 3875986452 C Ci:5:002:0 0 1 = fb
ffff8801f4b0a540 3875987654 S Ci:5:002:0 s 80 06 b504 2b3b 0001 1 <
ffff8801f4b0a540 3875988451 C Ci:5:002:0 0 1 = fb
ffff8801f4b0a540 3875989656 S Ci:5:002:0 s 80 06 b504 fe3c 0001 1 <
ffff8801f4b0a540 3875990452 C Ci:5:002:0 0 1 = fb
ffff8801f4b0a540 3875991656 S Ci:5:002:0 s 80 06 b504 2b3d 0001 1 <
ffff8801f4b0a540 3875992452 C Ci:5:002:0 0 1 = fb
ffff8801f4b0a540 3875993655 S Ci:5:002:0 s 80 06 b504 fe3e 0001 1 <
ffff8801f4b0a540 3875994452 C Ci:5:002:0 0 1 = fb
ffff8801f4b0a540 3875995641 S Ci:5:002:0 s 80 06 b504 2b3f 0001 1 <
ffff8801f4b0a540 3875996452 C Ci:5:002:0 0 1 = fb
ffff8801f4b0a540 3875997656 S Ci:5:002:0 s 80 06 b500 9a60 0001 1 <
ffff8801f4b0a540 3875999452 C Ci:5:002:0 0 1 = fb
ffff8801f4b0a540 3876001110 S Ci:5:002:0 s 80 06 b501 1a60 0002 2 <
ffff8801f4b0a540 3876001453 C Ci:5:002:0 0 2 = fe2b
ffff8801f4b0a540 3876002655 S Ci:5:002:0 s 80 06 b501 1a61 0002 2 <
ffff8801f4b0a540 3876003453 C Ci:5:002:0 0 2 = fe2b
ffff8801f4b0a540 3876004656 S Ci:5:002:0 s 80 06 b501 1a62 0002 2 <
ffff8801f4b0a540 3876005452 C Ci:5:002:0 0 2 = fe2b
ffff8801f4b0a540 3876006656 S Ci:5:002:0 s 80 06 b501 1a63 0002 2 <
ffff8801f4b0a540 3876007452 C Ci:5:002:0 0 2 = fe2b
ffff8801f4b0a540 3876008657 S Ci:5:002:0 s 80 06 b501 1a64 0002 2 <
ffff8801f4b0a540 3876009453 C Ci:5:002:0 0 2 = fe2b
ffff8801f4b0a540 3876010656 S Ci:5:002:0 s 80 06 b501 1a65 0002 2 <
ffff8801f4b0a540 3876011453 C Ci:5:002:0 0 2 = fe2b
ffff8801f4b0a540 3876012654 S Ci:5:002:0 s 80 06 b501 1a66 0002 2 <
ffff8801f4b0a540 3876013453 C Ci:5:002:0 0 2 = fe2b
ffff8801f4b0a540 3876014656 S Ci:5:002:0 s 80 06 b501 1a67 0002 2 <
ffff8801f4b0a540 3876015454 C Ci:5:002:0 0 2 = fe2b
ffff8801f4b0a540 3876016656 S Ci:5:002:0 s 80 06 b501 1a68 0002 2 <
ffff8801f4b0a540 3876017453 C Ci:5:002:0 0 2 = fe2b
ffff8801f4b0a540 3876018656 S Ci:5:002:0 s 80 06 b501 1a69 0002 2 <
ffff8801f4b0a540 3876019453 C Ci:5:002:0 0 2 = fe2b
ffff8801f4b0a540 3876020656 S Ci:5:002:0 s 80 06 b501 1a6a 0002 2 <
ffff8801f4b0a540 3876021453 C Ci:5:002:0 0 2 = fe2b
ffff8801f4b0a540 3876022639 S Ci:5:002:0 s 80 06 b501 1a6b 0002 2 <
ffff8801f4b0a540 3876023453 C Ci:5:002:0 0 2 = fe2b
ffff8801f4b0a540 3876024656 S Ci:5:002:0 s 80 06 b501 1a6c 0002 2 <
ffff8801f4b0a540 3876025454 C Ci:5:002:0 0 2 = fe2b
ffff8801f4b0a540 3876026656 S Ci:5:002:0 s 80 06 b501 1a6d 0002 2 <
ffff8801f4b0a540 3876027454 C Ci:5:002:0 0 2 = fe2b
ffff8801f4b0a540 3876028656 S Ci:5:002:0 s 80 06 b501 1a6e 0002 2 <
ffff8801f4b0a540 3876029454 C Ci:5:002:0 0 2 = fe2b
ffff8801f4b0a540 3876030656 S Ci:5:002:0 s 80 06 b501 1a6f 0002 2 <
ffff8801f4b0a540 3876031454 C Ci:5:002:0 0 2 = fe2b
ffff8801f4b0a540 3876032656 S Ci:5:002:0 s 80 06 b501 1a70 0002 2 <
ffff8801f4b0a540 3876033453 C Ci:5:002:0 0 2 = fe2b
ffff8801f4b0a540 3876034657 S Ci:5:002:0 s 80 06 b501 1a71 0002 2 <
ffff8801f4b0a540 3876035453 C Ci:5:002:0 0 2 = fe2b
ffff8801f4b0a540 3876036656 S Ci:5:002:0 s 80 06 b501 1a72 0002 2 <
ffff8801f4b0a540 3876037453 C Ci:5:002:0 0 2 = 0225
ffff8801f4b0a540 3876038656 S Ci:5:002:0 s 80 06 b501 1a73 0002 2 <
ffff8801f4b0a540 3876039454 C Ci:5:002:0 0 2 = 0224
ffff8801f4b0a540 3876040656 S Ci:5:002:0 s 80 06 b501 1a74 0002 2 <
ffff8801f4b0a540 3876041454 C Ci:5:002:0 0 2 = 0425
ffff8801f4b0a540 3876042665 S Ci:5:002:0 s 80 06 b501 1a75 0002 2 <
ffff8801f4b0a540 3876043457 C Ci:5:002:0 0 2 = 0424
ffff8801f4b0a540 3876044665 S Ci:5:002:0 s 80 06 b501 1a76 0002 2 <
ffff8801f4b0a540 3876045455 C Ci:5:002:0 0 2 = 0825
ffff8801f4b0a540 3876047658 S Ci:5:002:0 s 80 06 b501 1a77 0002 2 <
ffff8801f4b0a540 3876048455 C Ci:5:002:0 0 2 = 0824
ffff8801f4b0a540 3876049655 S Ci:5:002:0 s 80 06 b501 1a78 0002 2 <
ffff8801f4b0a540 3876050454 C Ci:5:002:0 0 2 = 1025
ffff8801f4b0a540 3876051658 S Ci:5:002:0 s 80 06 b501 1a79 0002 2 <
ffff8801f4b0a540 3876052454 C Ci:5:002:0 0 2 = 1024
ffff8801f4b0a540 3876053655 S Ci:5:002:0 s 80 06 b501 1a7a 0002 2 <
ffff8801f4b0a540 3876054455 C Ci:5:002:0 0 2 = f62b
ffff8801f4b0a540 3876055660 S Ci:5:002:0 s 80 06 b501 1a7b 0002 2 <
ffff8801f4b0a540 3876056455 C Ci:5:002:0 0 2 = fe2b
ffff8801f4b0a540 3876057656 S Ci:5:002:0 s 80 06 b501 1a7c 0002 2 <
ffff8801f4b0a540 3876058455 C Ci:5:002:0 0 2 = f0e0
ffff8801f4b0a540 3876059655 S Ci:5:002:0 s 80 06 b501 1a7d 0002 2 <
ffff8801f4b0a540 3876060455 C Ci:5:002:0 0 2 = fe2b
ffff8801f4b0a540 3876061656 S Ci:5:002:0 s 80 06 b501 1a7e 0002 2 <
ffff8801f4b0a540 3876062454 C Ci:5:002:0 0 2 = fe2b
ffff8801f4b0a540 3876063655 S Ci:5:002:0 s 80 06 b501 1a7f 0002 2 <
ffff8801f4b0a540 3876064455 C Ci:5:002:0 0 2 = fe2b
ffff8801f4b0a540 3876065660 S Ci:5:002:0 s 80 06 b502 1a80 0001 1 <
ffff8801f4b0a540 3876091460 C Ci:5:002:0 0 1 = fb
ffff8801f4b0a540 3876092657 S Ci:5:002:0 s 80 06 b504 fe00 0001 1 <
ffff8801f4b0a540 3876093455 C Ci:5:002:0 0 1 = fb
ffff8801f4b0a540 3876094656 S Ci:5:002:0 s 80 06 b504 2b01 0001 1 <
ffff8801f4b0a540 3876095456 C Ci:5:002:0 0 1 = fb
ffff8801f4b0a540 3876096656 S Ci:5:002:0 s 80 06 b504 fe02 0001 1 <
ffff8801f4b0a540 3876097456 C Ci:5:002:0 0 1 = fb
ffff8801f4b0a540 3876098654 S Ci:5:002:0 s 80 06 b504 2b03 0001 1 <
ffff8801f4b0a540 3876099456 C Ci:5:002:0 0 1 = fb
ffff8801f4b0a540 3876100656 S Ci:5:002:0 s 80 06 b504 fe04 0001 1 <
ffff8801f4b0a540 3876101456 C Ci:5:002:0 0 1 = fb
ffff8801f4b0a540 3876102656 S Ci:5:002:0 s 80 06 b504 2b05 0001 1 <
ffff8801f4b0a540 3876103456 C Ci:5:002:0 0 1 = fb
ffff8801f4b0a540 3876104656 S Ci:5:002:0 s 80 06 b504 fe06 0001 1 <
ffff8801f4b0a540 3876105456 C Ci:5:002:0 0 1 = fb
ffff8801f4b0a540 3876106656 S Ci:5:002:0 s 80 06 b504 2b07 0001 1 <
ffff8801f4b0a540 3876107456 C Ci:5:002:0 0 1 = fb
ffff8801f4b0a540 3876108655 S Ci:5:002:0 s 80 06 b504 fe08 0001 1 <
ffff8801f4b0a540 3876109456 C Ci:5:002:0 0 1 = fb
ffff8801f4b0a540 3876110656 S Ci:5:002:0 s 80 06 b504 2b09 0001 1 <
ffff8801f4b0a540 3876111456 C Ci:5:002:0 0 1 = fb
ffff8801f4b0a540 3876112655 S Ci:5:002:0 s 80 06 b504 fe0a 0001 1 <
ffff8801f4b0a540 3876113456 C Ci:5:002:0 0 1 = fb
ffff8801f4b0a540 3876114655 S Ci:5:002:0 s 80 06 b504 2b0b 0001 1 <
ffff8801f4b0a540 3876115457 C Ci:5:002:0 0 1 = fb
ffff8801f4b0a540 3876116656 S Ci:5:002:0 s 80 06 b504 fe0c 0001 1 <
ffff8801f4b0a540 3876117457 C Ci:5:002:0 0 1 = fb
ffff8801f4b0a540 3876118654 S Ci:5:002:0 s 80 06 b504 2b0d 0001 1 <
ffff8801f4b0a540 3876119457 C Ci:5:002:0 0 1 = fb
ffff8801f4b0a540 3876120656 S Ci:5:002:0 s 80 06 b504 fe0e 0001 1 <
ffff8801f4b0a540 3876121456 C Ci:5:002:0 0 1 = fb
ffff8801f4b0a540 3876122656 S Ci:5:002:0 s 80 06 b504 2b0f 0001 1 <
ffff8801f4b0a540 3876123456 C Ci:5:002:0 0 1 = fb
ffff8801f4b0a540 3876124656 S Ci:5:002:0 s 80 06 b504 fe10 0001 1 <
ffff8801f4b0a540 3876125457 C Ci:5:002:0 0 1 = fb
ffff8801f4b0a600 3876126660 S Ci:5:002:0 s 80 06 b504 2b11 0001 1 <
ffff8801f4b0a600 3876127457 C Ci:5:002:0 0 1 = fb
ffff8801f4b0a600 3876128655 S Ci:5:002:0 s 80 06 b504 fe12 0001 1 <
ffff8801f4b0a600 3876129456 C Ci:5:002:0 0 1 = fb
ffff8801f4b0a600 3876130656 S Ci:5:002:0 s 80 06 b504 2b13 0001 1 <
ffff8801f4b0a600 3876131457 C Ci:5:002:0 0 1 = fb
ffff8801f4b0a600 3876132656 S Ci:5:002:0 s 80 06 b504 fe14 0001 1 <
ffff8801f4b0a600 3876133456 C Ci:5:002:0 0 1 = fb
ffff8801f4b0a600 3876134693 S Ci:5:002:0 s 80 06 b504 2b15 0001 1 <
ffff8801f4b0a600 3876135457 C Ci:5:002:0 0 1 = fb
ffff8801f4b0a600 3876136655 S Ci:5:002:0 s 80 06 b504 fe16 0001 1 <
ffff8801f4b0a600 3876137456 C Ci:5:002:0 0 1 = fb
ffff8801f4b0a600 3876138654 S Ci:5:002:0 s 80 06 b504 2b17 0001 1 <
ffff8801f4b0a600 3876139456 C Ci:5:002:0 0 1 = fb
ffff8801f4b0a600 3876140656 S Ci:5:002:0 s 80 06 b504 fe18 0001 1 <
ffff8801f4b0a600 3876141457 C Ci:5:002:0 0 1 = fb
ffff8801f4b0a600 3876142655 S Ci:5:002:0 s 80 06 b504 2b19 0001 1 <
ffff8801f4b0a600 3876143456 C Ci:5:002:0 0 1 = fb
ffff8801f4b0a600 3876144656 S Ci:5:002:0 s 80 06 b504 fe1a 0001 1 <
ffff8801f4b0a600 3876145457 C Ci:5:002:0 0 1 = fb
ffff8801f4b0a600 3876146656 S Ci:5:002:0 s 80 06 b504 2b1b 0001 1 <
ffff8801f4b0a600 3876147457 C Ci:5:002:0 0 1 = fb
ffff8801f4b0a600 3876148654 S Ci:5:002:0 s 80 06 b504 fe1c 0001 1 <
ffff8801f4b0a600 3876149457 C Ci:5:002:0 0 1 = fb
ffff8801f4b0a600 3876150656 S Ci:5:002:0 s 80 06 b504 2b1d 0001 1 <
ffff8801f4b0a600 3876151456 C Ci:5:002:0 0 1 = fb
ffff8801f4b0a600 3876152656 S Ci:5:002:0 s 80 06 b504 fe1e 0001 1 <
ffff8801f4b0a600 3876153456 C Ci:5:002:0 0 1 = fb
ffff8801f4b0a600 3876154656 S Ci:5:002:0 s 80 06 b504 2b1f 0001 1 <
ffff8801f4b0a600 3876155457 C Ci:5:002:0 0 1 = fb
ffff8801f4b0a600 3876156656 S Ci:5:002:0 s 80 06 b504 fe20 0001 1 <
ffff8801f4b0a600 3876157457 C Ci:5:002:0 0 1 = fb
ffff8801f4b0a600 3876158654 S Ci:5:002:0 s 80 06 b504 2b21 0001 1 <
ffff8801f4b0a600 3876159457 C Ci:5:002:0 0 1 = fb
ffff8801f4b0a600 3876160656 S Ci:5:002:0 s 80 06 b504 fe22 0001 1 <
ffff8801f4b0a600 3876161457 C Ci:5:002:0 0 1 = fb
ffff8801f4b0a600 3876162655 S Ci:5:002:0 s 80 06 b504 2b23 0001 1 <
ffff8801f4b0a600 3876163457 C Ci:5:002:0 0 1 = fb
ffff8801f4b0a600 3876164656 S Ci:5:002:0 s 80 06 b504 0224 0001 1 <
ffff8801f4b0a600 3876165458 C Ci:5:002:0 0 1 = fb
ffff8801f4b0a600 3876166656 S Ci:5:002:0 s 80 06 b504 2525 0001 1 <
ffff8801f4b0a600 3876167457 C Ci:5:002:0 0 1 = fb
ffff8801f4b0a600 3876168654 S Ci:5:002:0 s 80 06 b504 0226 0001 1 <
ffff8801f4b0a600 3876169457 C Ci:5:002:0 0 1 = fb
ffff8801f4b0a600 3876170656 S Ci:5:002:0 s 80 06 b504 2427 0001 1 <
ffff8801f4b0a600 3876171458 C Ci:5:002:0 0 1 = fb
ffff8801f4b0a600 3876172655 S Ci:5:002:0 s 80 06 b504 0428 0001 1 <
ffff8801f4b0a600 3876173458 C Ci:5:002:0 0 1 = fb
ffff8801f4b0a600 3876174660 S Ci:5:002:0 s 80 06 b504 2529 0001 1 <
ffff8801f4b0a600 3876175459 C Ci:5:002:0 0 1 = fb
ffff8801f4b0a600 3876176656 S Ci:5:002:0 s 80 06 b504 042a 0001 1 <
ffff8801f4b0a600 3876177458 C Ci:5:002:0 0 1 = fb
ffff8801f4b0a600 3876178654 S Ci:5:002:0 s 80 06 b504 242b 0001 1 <
ffff8801f4b0a600 3876179458 C Ci:5:002:0 0 1 = fb
ffff8801f4b0a600 3876180656 S Ci:5:002:0 s 80 06 b504 082c 0001 1 <
ffff8801f4b0a600 3876181458 C Ci:5:002:0 0 1 = fb
ffff8801f4b0a600 3876182657 S Ci:5:002:0 s 80 06 b504 252d 0001 1 <
ffff8801f4b0a600 3876183457 C Ci:5:002:0 0 1 = fb
ffff8801f4b0a600 3876184658 S Ci:5:002:0 s 80 06 b504 082e 0001 1 <
ffff8801f4b0a600 3876185459 C Ci:5:002:0 0 1 = fb
ffff8801f4b0a600 3876186656 S Ci:5:002:0 s 80 06 b504 242f 0001 1 <
ffff8801f4b0a600 3876187458 C Ci:5:002:0 0 1 = fb
ffff8801f4b0a600 3876188654 S Ci:5:002:0 s 80 06 b504 1030 0001 1 <
ffff8801f4b0a600 3876189458 C Ci:5:002:0 0 1 = fb
ffff8801f4b0a600 3876190658 S Ci:5:002:0 s 80 06 b504 2531 0001 1 <
ffff8801f4b0a600 3876191459 C Ci:5:002:0 0 1 = fb
ffff8801f4b0a600 3876192656 S Ci:5:002:0 s 80 06 b504 1032 0001 1 <
ffff8801f4b0a600 3876193458 C Ci:5:002:0 0 1 = fb
ffff8801f4b0a600 3876194656 S Ci:5:002:0 s 80 06 b504 2433 0001 1 <
ffff8801f4b0a600 3876195459 C Ci:5:002:0 0 1 = fb
ffff8801f4b0a600 3876196656 S Ci:5:002:0 s 80 06 b504 f634 0001 1 <
ffff8801f4b0a600 3876197459 C Ci:5:002:0 0 1 = fb
ffff8801f4b0a600 3876198654 S Ci:5:002:0 s 80 06 b504 2b35 0001 1 <
ffff8801f4b0a600 3876199458 C Ci:5:002:0 0 1 = fb
ffff8801f4b0a600 3876200655 S Ci:5:002:0 s 80 06 b504 fe36 0001 1 <
ffff8801f4b0a600 3876201459 C Ci:5:002:0 0 1 = fb
ffff8801f4b0a600 3876202656 S Ci:5:002:0 s 80 06 b504 2b37 0001 1 <
ffff8801f4b0a600 3876203458 C Ci:5:002:0 0 1 = fb
ffff8801f4b0a600 3876204656 S Ci:5:002:0 s 80 06 b504 f038 0001 1 <
ffff8801f4b0a600 3876205458 C Ci:5:002:0 0 1 = fb
ffff8801f4b0a600 3876206657 S Ci:5:002:0 s 80 06 b504 e039 0001 1 <
ffff8801f4b0a600 3876207459 C Ci:5:002:0 0 1 = fb
ffff8801f4b0a600 3876208655 S Ci:5:002:0 s 80 06 b504 fe3a 0001 1 <
ffff8801f4b0a600 3876209459 C Ci:5:002:0 0 1 = fb
ffff8801f4b0a600 3876210656 S Ci:5:002:0 s 80 06 b504 2b3b 0001 1 <
ffff8801f4b0a600 3876211459 C Ci:5:002:0 0 1 = fb
ffff8801f4b0a600 3876212656 S Ci:5:002:0 s 80 06 b504 fe3c 0001 1 <
ffff8801f4b0a600 3876213459 C Ci:5:002:0 0 1 = fb
ffff8801f4b0a600 3876214655 S Ci:5:002:0 s 80 06 b504 2b3d 0001 1 <
ffff8801f4b0a600 3876215459 C Ci:5:002:0 0 1 = fb
ffff8801f4b0a600 3876216656 S Ci:5:002:0 s 80 06 b504 fe3e 0001 1 <
ffff8801f4b0a600 3876217459 C Ci:5:002:0 0 1 = fb
ffff8801f4b0a600 3876218655 S Ci:5:002:0 s 80 06 b504 2b3f 0001 1 <
ffff8801f4b0a600 3876219459 C Ci:5:002:0 0 1 = fb
ffff8801f4b0a600 3876220656 S Ci:5:002:0 s 80 06 b500 9a80 0001 1 <
ffff8801f4b0a600 3876222459 C Ci:5:002:0 0 1 = fb
ffff8801f4b0a600 3876223885 S Ci:5:002:0 s 80 06 b501 1a80 0002 2 <
ffff8801f4b0a600 3876224461 C Ci:5:002:0 0 2 = fe2b
ffff8801f4b0a600 3876225660 S Ci:5:002:0 s 80 06 b501 1a81 0002 2 <
ffff8801f4b0a600 3876226459 C Ci:5:002:0 0 2 = fe2b
ffff8801f4b0a600 3876227656 S Ci:5:002:0 s 80 06 b501 1a82 0002 2 <
ffff8801f4b0a600 3876228459 C Ci:5:002:0 0 2 = fe2b
ffff8801f4b0a600 3876229655 S Ci:5:002:0 s 80 06 b501 1a83 0002 2 <
ffff8801f4b0a600 3876230460 C Ci:5:002:0 0 2 = fe2b
ffff8801f4b0a600 3876231656 S Ci:5:002:0 s 80 06 b501 1a84 0002 2 <
ffff8801f4b0a600 3876232460 C Ci:5:002:0 0 2 = fe2b
ffff8801f4b0a600 3876233705 S Ci:5:002:0 s 80 06 b501 1a85 0002 2 <
ffff8801f4b0a600 3876234460 C Ci:5:002:0 0 2 = fe2b
ffff8801f4b0a600 3876235660 S Ci:5:002:0 s 80 06 b501 1a86 0002 2 <
ffff8801f4b0a600 3876236461 C Ci:5:002:0 0 2 = fe2b
ffff8801f4b0a600 3876237656 S Ci:5:002:0 s 80 06 b501 1a87 0002 2 <
ffff8801f4b0a600 3876238460 C Ci:5:002:0 0 2 = fe2b
ffff8801f4b0a600 3876239655 S Ci:5:002:0 s 80 06 b501 1a88 0002 2 <
ffff8801f4b0a600 3876240460 C Ci:5:002:0 0 2 = fe2b
ffff8801f4b0a600 3876241656 S Ci:5:002:0 s 80 06 b501 1a89 0002 2 <
ffff8801f4b0a600 3876242460 C Ci:5:002:0 0 2 = fe2b
ffff8801f4b0a600 3876243656 S Ci:5:002:0 s 80 06 b501 1a8a 0002 2 <
ffff8801f4b0a600 3876244459 C Ci:5:002:0 0 2 = fe2b
ffff8801f4b0a600 3876245660 S Ci:5:002:0 s 80 06 b501 1a8b 0002 2 <
ffff8801f4b0a600 3876246460 C Ci:5:002:0 0 2 = fe2b
ffff8801f4b0a540 3876247659 S Ci:5:002:0 s 80 06 b501 1a8c 0002 2 <
ffff8801f4b0a540 3876248460 C Ci:5:002:0 0 2 = fe2b
ffff8801f4b0a540 3876249655 S Ci:5:002:0 s 80 06 b501 1a8d 0002 2 <
ffff8801f4b0a540 3876250461 C Ci:5:002:0 0 2 = fe2b
ffff8801f4b0a540 3876251656 S Ci:5:002:0 s 80 06 b501 1a8e 0002 2 <
ffff8801f4b0a540 3876252461 C Ci:5:002:0 0 2 = fe2b
ffff8801f4b0a540 3876253656 S Ci:5:002:0 s 80 06 b501 1a8f 0002 2 <
ffff8801f4b0a540 3876254461 C Ci:5:002:0 0 2 = fe2b
ffff8801f4b0a540 3876255660 S Ci:5:002:0 s 80 06 b501 1a90 0002 2 <
ffff8801f4b0a540 3876256461 C Ci:5:002:0 0 2 = fe2b
ffff8801f4b0a540 3876258155 S Ci:5:002:0 s 80 06 b501 1a91 0002 2 <
ffff8801f4b0a540 3876258465 C Ci:5:002:0 0 2 = fe2b
ffff8801f4b0a540 3876261151 S Ci:5:002:0 s 80 06 b501 1a92 0002 2 <
ffff8801f4b0a540 3876261466 C Ci:5:002:0 0 2 = 0225
ffff8801f4b0a540 3876264191 S Ci:5:002:0 s 80 06 b501 1a93 0002 2 <
ffff8801f4b0a540 3876264461 C Ci:5:002:0 0 2 = 0224
ffff8801f4b0a540 3876267142 S Ci:5:002:0 s 80 06 b501 1a94 0002 2 <
ffff8801f4b0a540 3876267460 C Ci:5:002:0 0 2 = 0425
ffff8801f4b0a540 3876270143 S Ci:5:002:0 s 80 06 b501 1a95 0002 2 <
ffff8801f4b0a540 3876270462 C Ci:5:002:0 0 2 = 0424
ffff8801f4b0a540 3876272475 S Ci:5:002:0 s 80 06 b501 1a96 0002 2 <
ffff8801f4b0a540 3876273463 C Ci:5:002:0 0 2 = 0825
ffff8801f4b0a540 3876275152 S Ci:5:002:0 s 80 06 b501 1a97 0002 2 <
ffff8801f4b0a540 3876275466 C Ci:5:002:0 0 2 = 0824
ffff8801f4b0a540 3876277161 S Ci:5:002:0 s 80 06 b501 1a98 0002 2 <
ffff8801f4b0a540 3876277462 C Ci:5:002:0 0 2 = 1025
ffff8801f4b0a540 3876279143 S Ci:5:002:0 s 80 06 b501 1a99 0002 2 <
ffff8801f4b0a540 3876279463 C Ci:5:002:0 0 2 = 1024
ffff8801f4b0a540 3876281156 S Ci:5:002:0 s 80 06 b501 1a9a 0002 2 <
ffff8801f4b0a540 3876281464 C Ci:5:002:0 0 2 = f62b
ffff8801f4b0a540 3876283144 S Ci:5:002:0 s 80 06 b501 1a9b 0002 2 <
ffff8801f4b0a540 3876283464 C Ci:5:002:0 0 2 = fe2b
ffff8801f4b0a540 3876285510 S Ci:5:002:0 s 80 06 b501 1a9c 0002 2 <
ffff8801f4b0a540 3876286465 C Ci:5:002:0 0 2 = f0e0
ffff8801f4b0a540 3876288144 S Ci:5:002:0 s 80 06 b501 1a9d 0002 2 <
ffff8801f4b0a540 3876288463 C Ci:5:002:0 0 2 = fe2b
ffff8801f4b0a540 3876290144 S Ci:5:002:0 s 80 06 b501 1a9e 0002 2 <
ffff8801f4b0a540 3876290463 C Ci:5:002:0 0 2 = fe2b
ffff8801f4b0a540 3876292035 S Ci:5:002:0 s 80 06 b501 1a9f 0002 2 <
ffff8801f4b0a540 3876292462 C Ci:5:002:0 0 2 = fe2b
ffff8801f4b0a540 3876294152 S Ci:5:002:0 s 80 06 b504 fe00 0001 1 <
ffff8801f4b0a540 3876294464 C Ci:5:002:0 0 1 = fb
ffff8801f4b0a540 3876297205 S Ci:5:002:0 s 80 06 b504 2b01 0001 1 <
ffff8801f4b0a540 3876297467 C Ci:5:002:0 0 1 = fb
ffff8801f4b0a540 3876299143 S Ci:5:002:0 s 80 06 b504 fe02 0001 1 <
ffff8801f4b0a540 3876299466 C Ci:5:002:0 0 1 = fb
ffff8801f4b0a540 3876301144 S Ci:5:002:0 s 80 06 b504 2b03 0001 1 <
ffff8801f4b0a540 3876301465 C Ci:5:002:0 0 1 = fb
ffff8801f4b0a540 3876303142 S Ci:5:002:0 s 80 06 b504 fe04 0001 1 <
ffff8801f4b0a540 3876303463 C Ci:5:002:0 0 1 = fb
ffff8801f4b0a540 3876305142 S Ci:5:002:0 s 80 06 b504 2b05 0001 1 <
ffff8801f4b0a540 3876305464 C Ci:5:002:0 0 1 = fb
ffff8801f4b0a540 3876307147 S Ci:5:002:0 s 80 06 b504 fe06 0001 1 <
ffff8801f4b0a540 3876307464 C Ci:5:002:0 0 1 = fb
ffff8801f4b0a540 3876309341 S Ci:5:002:0 s 80 06 b504 2b07 0001 1 <
ffff8801f4b0a540 3876310463 C Ci:5:002:0 0 1 = fb
ffff8801f4b0a540 3876314150 S Ci:5:002:0 s 80 06 b504 fe08 0001 1 <
ffff8801f4b0a540 3876314463 C Ci:5:002:0 0 1 = fb
ffff8801f4b0a540 3876316368 S Ci:5:002:0 s 80 06 b504 2b09 0001 1 <
ffff8801f4b0a540 3876317468 C Ci:5:002:0 0 1 = fb
ffff8801f4b0a540 3876318685 S Ci:5:002:0 s 80 06 b504 fe0a 0001 1 <
ffff8801f4b0a540 3876319467 C Ci:5:002:0 0 1 = fb
ffff8801f4b0a540 3876320688 S Ci:5:002:0 s 80 06 b504 2b0b 0001 1 <
ffff8801f4b0a540 3876321464 C Ci:5:002:0 0 1 = fb
ffff8801f4b0a540 3876322687 S Ci:5:002:0 s 80 06 b504 fe0c 0001 1 <
ffff8801f4b0a540 3876323464 C Ci:5:002:0 0 1 = fb
ffff8801f4b0a540 3876324768 S Ci:5:002:0 s 80 06 b504 2b0d 0001 1 <
ffff8801f4b0a540 3876325464 C Ci:5:002:0 0 1 = fb
ffff8801f4b0ad80 3876326680 S Ci:5:002:0 s 80 06 b504 fe0e 0001 1 <
ffff8801f4b0ad80 3876327465 C Ci:5:002:0 0 1 = fb
ffff8801f4b0ad80 3876328677 S Ci:5:002:0 s 80 06 b504 2b0f 0001 1 <
ffff8801f4b0ad80 3876329463 C Ci:5:002:0 0 1 = fb
ffff8801f4b0ad80 3876330680 S Ci:5:002:0 s 80 06 b504 fe10 0001 1 <
ffff8801f4b0ad80 3876331463 C Ci:5:002:0 0 1 = fb
ffff8801f4b0ad80 3876332677 S Ci:5:002:0 s 80 06 b504 2b11 0001 1 <
ffff8801f4b0ad80 3876333463 C Ci:5:002:0 0 1 = fb
ffff8801f4b0ad80 3876334675 S Ci:5:002:0 s 80 06 b504 fe12 0001 1 <
ffff8801f4b0ad80 3876335463 C Ci:5:002:0 0 1 = fb
ffff8801f4b0ad80 3876336676 S Ci:5:002:0 s 80 06 b504 2b13 0001 1 <
ffff8801f4b0ad80 3876337463 C Ci:5:002:0 0 1 = fb
ffff8801f4b0ad80 3876338676 S Ci:5:002:0 s 80 06 b504 fe14 0001 1 <
ffff8801f4b0ad80 3876339463 C Ci:5:002:0 0 1 = fb
ffff8801f4b0ad80 3876340676 S Ci:5:002:0 s 80 06 b504 2b15 0001 1 <
ffff8801f4b0ad80 3876341464 C Ci:5:002:0 0 1 = fb
ffff8801f4b0ad80 3876342676 S Ci:5:002:0 s 80 06 b504 fe16 0001 1 <
ffff8801f4b0ad80 3876343464 C Ci:5:002:0 0 1 = fb
ffff8801f4b0ad80 3876344675 S Ci:5:002:0 s 80 06 b504 2b17 0001 1 <
ffff8801f4b0ad80 3876345464 C Ci:5:002:0 0 1 = fb
ffff8801f4b0ad80 3876346716 S Ci:5:002:0 s 80 06 b504 fe18 0001 1 <
ffff8801f4b0ad80 3876347464 C Ci:5:002:0 0 1 = fb
ffff8801f4b0ad80 3876348676 S Ci:5:002:0 s 80 06 b504 2b19 0001 1 <
ffff8801f4b0ad80 3876349463 C Ci:5:002:0 0 1 = fb
ffff8801f4b0ad80 3876350676 S Ci:5:002:0 s 80 06 b504 fe1a 0001 1 <
ffff8801f4b0ad80 3876351464 C Ci:5:002:0 0 1 = fb
ffff8801f4b0ad80 3876352676 S Ci:5:002:0 s 80 06 b504 2b1b 0001 1 <
ffff8801f4b0ad80 3876353464 C Ci:5:002:0 0 1 = fb
ffff8801f4b0ad80 3876354675 S Ci:5:002:0 s 80 06 b504 fe1c 0001 1 <
ffff8801f4b0ad80 3876355464 C Ci:5:002:0 0 1 = fb
ffff8801f4b0ad80 3876356676 S Ci:5:002:0 s 80 06 b504 2b1d 0001 1 <
ffff8801f4b0ad80 3876357464 C Ci:5:002:0 0 1 = fb
ffff8801f4b0ad80 3876358676 S Ci:5:002:0 s 80 06 b504 fe1e 0001 1 <
ffff8801f4b0ad80 3876359464 C Ci:5:002:0 0 1 = fb
ffff8801f4b0ad80 3876360676 S Ci:5:002:0 s 80 06 b504 2b1f 0001 1 <
ffff8801f4b0ad80 3876361465 C Ci:5:002:0 0 1 = fb
ffff8801f4b0ad80 3876362676 S Ci:5:002:0 s 80 06 b504 fe20 0001 1 <
ffff8801f4b0ad80 3876363464 C Ci:5:002:0 0 1 = fb
ffff8801f4b0ad80 3876364675 S Ci:5:002:0 s 80 06 b504 2b21 0001 1 <
ffff8801f4b0ad80 3876365464 C Ci:5:002:0 0 1 = fb
ffff8801f4b0ad80 3876366676 S Ci:5:002:0 s 80 06 b504 fe22 0001 1 <
ffff8801f4b0ad80 3876367465 C Ci:5:002:0 0 1 = fb
ffff8801f4b0ad80 3876368676 S Ci:5:002:0 s 80 06 b504 2b23 0001 1 <
ffff8801f4b0ad80 3876369464 C Ci:5:002:0 0 1 = fb
ffff8801f4b0ad80 3876370676 S Ci:5:002:0 s 80 06 b504 0224 0001 1 <
ffff8801f4b0ad80 3876371465 C Ci:5:002:0 0 1 = fb
ffff8801f4b0ad80 3876372676 S Ci:5:002:0 s 80 06 b504 2525 0001 1 <
ffff8801f4b0ad80 3876373465 C Ci:5:002:0 0 1 = fb
ffff8801f4b0ad80 3876374676 S Ci:5:002:0 s 80 06 b504 0226 0001 1 <
ffff8801f4b0ad80 3876375466 C Ci:5:002:0 0 1 = fb
ffff8801f4b0ad80 3876376679 S Ci:5:002:0 s 80 06 b504 2427 0001 1 <
ffff8801f4b0ad80 3876377465 C Ci:5:002:0 0 1 = fb
ffff8801f4b0ad80 3876378677 S Ci:5:002:0 s 80 06 b504 0428 0001 1 <
ffff8801f4b0ad80 3876379465 C Ci:5:002:0 0 1 = fb
ffff8801f4b0ad80 3876380676 S Ci:5:002:0 s 80 06 b504 2529 0001 1 <
ffff8801f4b0ad80 3876381465 C Ci:5:002:0 0 1 = fb
ffff8801f4b0ad80 3876382677 S Ci:5:002:0 s 80 06 b504 042a 0001 1 <
ffff8801f4b0ad80 3876383465 C Ci:5:002:0 0 1 = fb
ffff8801f4b0ad80 3876384675 S Ci:5:002:0 s 80 06 b504 242b 0001 1 <
ffff8801f4b0ad80 3876385465 C Ci:5:002:0 0 1 = fb
ffff8801f4b0ad80 3876386679 S Ci:5:002:0 s 80 06 b504 082c 0001 1 <
ffff8801f4b0ad80 3876387465 C Ci:5:002:0 0 1 = fb
ffff8801f4b0ad80 3876388677 S Ci:5:002:0 s 80 06 b504 252d 0001 1 <
ffff8801f4b0ad80 3876389465 C Ci:5:002:0 0 1 = fb
ffff8801f4b0ad80 3876390800 S Ci:5:002:0 s 80 06 b504 082e 0001 1 <
ffff8801f4b0ad80 3876391467 C Ci:5:002:0 0 1 = fb
ffff8801f4b0ad80 3876392677 S Ci:5:002:0 s 80 06 b504 242f 0001 1 <
ffff8801f4b0ad80 3876393465 C Ci:5:002:0 0 1 = fb
ffff8801f4b0ad80 3876394675 S Ci:5:002:0 s 80 06 b504 1030 0001 1 <
ffff8801f4b0ad80 3876395464 C Ci:5:002:0 0 1 = fb
ffff8801f4b0ad80 3876396677 S Ci:5:002:0 s 80 06 b504 2531 0001 1 <
ffff8801f4b0ad80 3876397466 C Ci:5:002:0 0 1 = fb
ffff8801f4b0ad80 3876398676 S Ci:5:002:0 s 80 06 b504 1032 0001 1 <
ffff8801f4b0ad80 3876399465 C Ci:5:002:0 0 1 = fb
ffff8801f4b0ad80 3876400680 S Ci:5:002:0 s 80 06 b504 2433 0001 1 <
ffff8801f4b0ad80 3876401466 C Ci:5:002:0 0 1 = fb
ffff8801f4b0ad80 3876402677 S Ci:5:002:0 s 80 06 b504 f634 0001 1 <
ffff8801f4b0ad80 3876403466 C Ci:5:002:0 0 1 = fb
ffff8801f4b0ad80 3876404675 S Ci:5:002:0 s 80 06 b504 2b35 0001 1 <
ffff8801f4b0ad80 3876405466 C Ci:5:002:0 0 1 = fb
ffff8801f4b0ad80 3876406677 S Ci:5:002:0 s 80 06 b504 fe36 0001 1 <
ffff8801f4b0ad80 3876407465 C Ci:5:002:0 0 1 = fb
ffff8801f4b0ad80 3876408676 S Ci:5:002:0 s 80 06 b504 2b37 0001 1 <
ffff8801f4b0ad80 3876409466 C Ci:5:002:0 0 1 = fb
ffff8801f4b0ad80 3876410676 S Ci:5:002:0 s 80 06 b504 f038 0001 1 <
ffff8801f4b0ad80 3876411466 C Ci:5:002:0 0 1 = fb
ffff8801f4b0ad80 3876412679 S Ci:5:002:0 s 80 06 b504 e039 0001 1 <
ffff8801f4b0ad80 3876413467 C Ci:5:002:0 0 1 = fb
ffff8801f4b0ad80 3876414675 S Ci:5:002:0 s 80 06 b504 fe3a 0001 1 <
ffff8801f4b0ad80 3876415466 C Ci:5:002:0 0 1 = fb
ffff8801f4b0ad80 3876416677 S Ci:5:002:0 s 80 06 b504 2b3b 0001 1 <
ffff8801f4b0ad80 3876417467 C Ci:5:002:0 0 1 = fb
ffff8801f4b0ad80 3876418676 S Ci:5:002:0 s 80 06 b504 fe3c 0001 1 <
ffff8801f4b0ad80 3876419466 C Ci:5:002:0 0 1 = fb
ffff8801f4b0ad80 3876420676 S Ci:5:002:0 s 80 06 b504 2b3d 0001 1 <
ffff8801f4b0ad80 3876421467 C Ci:5:002:0 0 1 = fb
ffff8801f4b0ad80 3876422676 S Ci:5:002:0 s 80 06 b504 fe3e 0001 1 <
ffff8801f4b0ad80 3876423466 C Ci:5:002:0 0 1 = fb
ffff8801f4b0ad80 3876424675 S Ci:5:002:0 s 80 06 b504 2b3f 0001 1 <
ffff8801f4b0ad80 3876425467 C Ci:5:002:0 0 1 = fb
ffff8801f4b0ad80 3876426676 S Ci:5:002:0 s 80 06 b500 9aa0 0001 1 <
ffff8801f4b0ad80 3876428467 C Ci:5:002:0 0 1 = fb
ffff8801f4b0ad80 3876430133 S Ci:5:002:0 s 80 06 b501 1aa0 0002 2 <
ffff8801f4b0ad80 3876430468 C Ci:5:002:0 0 2 = fe2b
ffff8801f4b0ad80 3876431677 S Ci:5:002:0 s 80 06 b501 1aa1 0002 2 <
ffff8801f4b0ad80 3876432468 C Ci:5:002:0 0 2 = fe2b
ffff8801f4b0ad80 3876433677 S Ci:5:002:0 s 80 06 b501 1aa2 0002 2 <
ffff8801f4b0ad80 3876434467 C Ci:5:002:0 0 2 = fe2b
ffff8801f4b0ad80 3876435683 S Ci:5:002:0 s 80 06 b501 1aa3 0002 2 <
ffff8801f4b0ad80 3876436468 C Ci:5:002:0 0 2 = fe2b
ffff8801f4b0a540 3876437684 S Ci:5:002:0 s 80 06 b501 1aa4 0002 2 <
ffff8801f4b0a540 3876438467 C Ci:5:002:0 0 2 = fe2b
ffff8801f4b0a540 3876439676 S Ci:5:002:0 s 80 06 b501 1aa5 0002 2 <
ffff8801f4b0a540 3876440466 C Ci:5:002:0 0 2 = fe2b
ffff8801f4b0a540 3876441677 S Ci:5:002:0 s 80 06 b501 1aa6 0002 2 <
ffff8801f4b0a540 3876442466 C Ci:5:002:0 0 2 = fe2b
ffff8801f4b0a540 3876443677 S Ci:5:002:0 s 80 06 b501 1aa7 0002 2 <
ffff8801f4b0a540 3876444466 C Ci:5:002:0 0 2 = fe2b
ffff8801f4b0a540 3876445675 S Ci:5:002:0 s 80 06 b501 1aa8 0002 2 <
ffff8801f4b0a540 3876446465 C Ci:5:002:0 0 2 = fe2b
ffff8801f4b0a540 3876447677 S Ci:5:002:0 s 80 06 b501 1aa9 0002 2 <
ffff8801f4b0a540 3876448466 C Ci:5:002:0 0 2 = fe2b
ffff8801f4b0a540 3876449676 S Ci:5:002:0 s 80 06 b501 1aaa 0002 2 <
ffff8801f4b0a540 3876450467 C Ci:5:002:0 0 2 = fe2b
ffff8801f4b0a540 3876451679 S Ci:5:002:0 s 80 06 b501 1aab 0002 2 <
ffff8801f4b0a540 3876452466 C Ci:5:002:0 0 2 = fe2b
ffff8801f4b0a540 3876453676 S Ci:5:002:0 s 80 06 b501 1aac 0002 2 <
ffff8801f4b0a540 3876454466 C Ci:5:002:0 0 2 = fe2b
ffff8801f4b0a540 3876455675 S Ci:5:002:0 s 80 06 b501 1aad 0002 2 <
ffff8801f4b0a540 3876456467 C Ci:5:002:0 0 2 = fe2b
ffff8801f4b0a540 3876457677 S Ci:5:002:0 s 80 06 b501 1aae 0002 2 <
ffff8801f4b0a540 3876458466 C Ci:5:002:0 0 2 = fe2b
ffff8801f4b0a540 3876459677 S Ci:5:002:0 s 80 06 b501 1aaf 0002 2 <
ffff8801f4b0a540 3876460467 C Ci:5:002:0 0 2 = fe2b
ffff8801f4b0a540 3876461676 S Ci:5:002:0 s 80 06 b501 1ab0 0002 2 <
ffff8801f4b0a540 3876462467 C Ci:5:002:0 0 2 = fe2b
ffff8801f4b0a540 3876463676 S Ci:5:002:0 s 80 06 b501 1ab1 0002 2 <
ffff8801f4b0a540 3876464467 C Ci:5:002:0 0 2 = fe2b
ffff8801f4b0a540 3876465678 S Ci:5:002:0 s 80 06 b501 1ab2 0002 2 <
ffff8801f4b0a540 3876466468 C Ci:5:002:0 0 2 = 0225
ffff8801f4b0a540 3876467677 S Ci:5:002:0 s 80 06 b501 1ab3 0002 2 <
ffff8801f4b0a540 3876468466 C Ci:5:002:0 0 2 = 0224
ffff8801f4b0a540 3876469677 S Ci:5:002:0 s 80 06 b501 1ab4 0002 2 <
ffff8801f4b0a540 3876470467 C Ci:5:002:0 0 2 = 0425
ffff8801f4b0a540 3876471677 S Ci:5:002:0 s 80 06 b501 1ab5 0002 2 <
ffff8801f4b0a540 3876472466 C Ci:5:002:0 0 2 = 0424
ffff8801f4b0a540 3876473676 S Ci:5:002:0 s 80 06 b501 1ab6 0002 2 <
ffff8801f4b0a540 3876474468 C Ci:5:002:0 0 2 = 0825
ffff8801f4b0a540 3876475676 S Ci:5:002:0 s 80 06 b501 1ab7 0002 2 <
ffff8801f4b0a540 3876476469 C Ci:5:002:0 0 2 = 0824
ffff8801f4b0a540 3876477677 S Ci:5:002:0 s 80 06 b501 1ab8 0002 2 <
ffff8801f4b0a540 3876478467 C Ci:5:002:0 0 2 = 1025
ffff8801f4b0a540 3876479677 S Ci:5:002:0 s 80 06 b501 1ab9 0002 2 <
ffff8801f4b0a540 3876480467 C Ci:5:002:0 0 2 = 1024
ffff8801f4b0a540 3876481676 S Ci:5:002:0 s 80 06 b501 1aba 0002 2 <
ffff8801f4b0a540 3876482468 C Ci:5:002:0 0 2 = f62b
ffff8801f4b0a540 3876483676 S Ci:5:002:0 s 80 06 b501 1abb 0002 2 <
ffff8801f4b0a540 3876484467 C Ci:5:002:0 0 2 = fe2b
ffff8801f4b0a540 3876485675 S Ci:5:002:0 s 80 06 b501 1abc 0002 2 <
ffff8801f4b0a540 3876486468 C Ci:5:002:0 0 2 = f0e0
ffff8801f4b0a540 3876487677 S Ci:5:002:0 s 80 06 b501 1abd 0002 2 <
ffff8801f4b0a540 3876488468 C Ci:5:002:0 0 2 = fe2b
ffff8801f4b0a540 3876489677 S Ci:5:002:0 s 80 06 b501 1abe 0002 2 <
ffff8801f4b0a540 3876490468 C Ci:5:002:0 0 2 = fe2b
ffff8801f4b0a540 3876491677 S Ci:5:002:0 s 80 06 b501 1abf 0002 2 <
ffff8801f4b0a540 3876492468 C Ci:5:002:0 0 2 = fe2b
ffff8801f4b0a540 3876493676 S Ci:5:002:0 s 80 06 b504 fe00 0001 1 <
ffff8801f4b0a540 3876494468 C Ci:5:002:0 0 1 = fb
ffff8801f4b0a540 3876495675 S Ci:5:002:0 s 80 06 b504 2b01 0001 1 <
ffff8801f4b0a540 3876496469 C Ci:5:002:0 0 1 = fb
ffff8801f4b0a540 3876497677 S Ci:5:002:0 s 80 06 b504 fe02 0001 1 <
ffff8801f4b0a540 3876498468 C Ci:5:002:0 0 1 = fb
ffff8801f4b0a540 3876499676 S Ci:5:002:0 s 80 06 b504 2b03 0001 1 <
ffff8801f4b0a540 3876500468 C Ci:5:002:0 0 1 = fb
ffff8801f4b0a540 3876501676 S Ci:5:002:0 s 80 06 b504 fe04 0001 1 <
ffff8801f4b0a540 3876502468 C Ci:5:002:0 0 1 = fb
ffff8801f4b0a540 3876503676 S Ci:5:002:0 s 80 06 b504 2b05 0001 1 <
ffff8801f4b0a540 3876504469 C Ci:5:002:0 0 1 = fb
ffff8801f4b0a540 3876505675 S Ci:5:002:0 s 80 06 b504 fe06 0001 1 <
ffff8801f4b0a540 3876506469 C Ci:5:002:0 0 1 = fb
ffff8801f4b0a540 3876507676 S Ci:5:002:0 s 80 06 b504 2b07 0001 1 <
ffff8801f4b0a540 3876508468 C Ci:5:002:0 0 1 = fb
ffff8801f4b0a540 3876509677 S Ci:5:002:0 s 80 06 b504 fe08 0001 1 <
ffff8801f4b0a540 3876510468 C Ci:5:002:0 0 1 = fb
ffff8801f4b0a540 3876511676 S Ci:5:002:0 s 80 06 b504 2b09 0001 1 <
ffff8801f4b0a540 3876512469 C Ci:5:002:0 0 1 = fb
ffff8801f4b0a540 3876513676 S Ci:5:002:0 s 80 06 b504 fe0a 0001 1 <
ffff8801f4b0a540 3876514142 C Ci:5:002:0 0 1 = fb
ffff8801f4b0a540 3876515675 S Ci:5:002:0 s 80 06 b504 2b0b 0001 1 <
ffff8801f4b0a540 3876516468 C Ci:5:002:0 0 1 = fb
ffff8801f4b0a540 3876517677 S Ci:5:002:0 s 80 06 b504 fe0c 0001 1 <
ffff8801f4b0a540 3876518468 C Ci:5:002:0 0 1 = fb
ffff8801f4b0a540 3876519677 S Ci:5:002:0 s 80 06 b504 2b0d 0001 1 <
ffff8801f4b0a540 3876520469 C Ci:5:002:0 0 1 = fb
ffff8801f4b0a540 3876521676 S Ci:5:002:0 s 80 06 b504 fe0e 0001 1 <
ffff8801f4b0a540 3876522469 C Ci:5:002:0 0 1 = fb
ffff8801f4b0a540 3876523676 S Ci:5:002:0 s 80 06 b504 2b0f 0001 1 <
ffff8801f4b0a540 3876524469 C Ci:5:002:0 0 1 = fb
ffff8801f4b0a540 3876525675 S Ci:5:002:0 s 80 06 b504 fe10 0001 1 <
ffff8801f4b0a540 3876526469 C Ci:5:002:0 0 1 = fb
ffff8801f4b0a540 3876527677 S Ci:5:002:0 s 80 06 b504 2b11 0001 1 <
ffff8801f4b0a540 3876528469 C Ci:5:002:0 0 1 = fb
ffff8801f4b0a540 3876529677 S Ci:5:002:0 s 80 06 b504 fe12 0001 1 <
ffff8801f4b0a540 3876530469 C Ci:5:002:0 0 1 = fb
ffff8801f4b0a540 3876531676 S Ci:5:002:0 s 80 06 b504 2b13 0001 1 <
ffff8801f4b0a540 3876532469 C Ci:5:002:0 0 1 = fb
ffff8801f4b0a540 3876533676 S Ci:5:002:0 s 80 06 b504 fe14 0001 1 <
ffff8801f4b0a540 3876534469 C Ci:5:002:0 0 1 = fb
ffff8801f4b0a540 3876535675 S Ci:5:002:0 s 80 06 b504 2b15 0001 1 <
ffff8801f4b0a540 3876536472 C Ci:5:002:0 0 1 = fb
ffff8801f4b0a540 3876537677 S Ci:5:002:0 s 80 06 b504 fe16 0001 1 <
ffff8801f4b0a540 3876538469 C Ci:5:002:0 0 1 = fb
ffff8801f4b0a540 3876539677 S Ci:5:002:0 s 80 06 b504 2b17 0001 1 <
ffff8801f4b0a540 3876540470 C Ci:5:002:0 0 1 = fb
ffff8801f4b0a540 3876541676 S Ci:5:002:0 s 80 06 b504 fe18 0001 1 <
ffff8801f4b0a540 3876542470 C Ci:5:002:0 0 1 = fb
ffff8801f4b0a540 3876543676 S Ci:5:002:0 s 80 06 b504 2b19 0001 1 <
ffff8801f4b0a540 3876544469 C Ci:5:002:0 0 1 = fb
ffff8801f4b0a540 3876545675 S Ci:5:002:0 s 80 06 b504 fe1a 0001 1 <
ffff8801f4b0a540 3876546468 C Ci:5:002:0 0 1 = fb
ffff8801f4b0a540 3876547676 S Ci:5:002:0 s 80 06 b504 2b1b 0001 1 <
ffff8801f4b0a540 3876548469 C Ci:5:002:0 0 1 = fb
ffff8801f4b0a540 3876549677 S Ci:5:002:0 s 80 06 b504 fe1c 0001 1 <
ffff8801f4b0a540 3876550470 C Ci:5:002:0 0 1 = fb
ffff8801f4b0a540 3876551676 S Ci:5:002:0 s 80 06 b504 2b1d 0001 1 <
ffff8801f4b0a540 3876552470 C Ci:5:002:0 0 1 = fb
ffff8801f4b0a540 3876553676 S Ci:5:002:0 s 80 06 b504 fe1e 0001 1 <
ffff8801f4b0a540 3876554470 C Ci:5:002:0 0 1 = fb
ffff8801f4b0a540 3876555675 S Ci:5:002:0 s 80 06 b504 2b1f 0001 1 <
ffff8801f4b0a540 3876556470 C Ci:5:002:0 0 1 = fb
ffff8801f4b0a540 3876557676 S Ci:5:002:0 s 80 06 b504 fe20 0001 1 <
ffff8801f4b0a540 3876558470 C Ci:5:002:0 0 1 = fb
ffff8801f4b0a540 3876559688 S Ci:5:002:0 s 80 06 b504 2b21 0001 1 <
ffff8801f4b0a540 3876560472 C Ci:5:002:0 0 1 = fb
ffff8801f4b0a540 3876561678 S Ci:5:002:0 s 80 06 b504 fe22 0001 1 <
ffff8801f4b0a540 3876562470 C Ci:5:002:0 0 1 = fb
ffff8801f4b0a540 3876563677 S Ci:5:002:0 s 80 06 b504 2b23 0001 1 <
ffff8801f4b0a540 3876564470 C Ci:5:002:0 0 1 = fb
ffff8801f4b0a540 3876565675 S Ci:5:002:0 s 80 06 b504 0224 0001 1 <
ffff8801f4b0a540 3876566471 C Ci:5:002:0 0 1 = fb
ffff8801f4b0a540 3876567678 S Ci:5:002:0 s 80 06 b504 2525 0001 1 <
ffff8801f4b0a540 3876568470 C Ci:5:002:0 0 1 = fb
ffff8801f4b0a540 3876569676 S Ci:5:002:0 s 80 06 b504 0226 0001 1 <
ffff8801f4b0a540 3876570471 C Ci:5:002:0 0 1 = fb
ffff8801f4b0a540 3876571676 S Ci:5:002:0 s 80 06 b504 2427 0001 1 <
ffff8801f4b0a540 3876572471 C Ci:5:002:0 0 1 = fb
ffff8801f4b0a540 3876573676 S Ci:5:002:0 s 80 06 b504 0428 0001 1 <
ffff8801f4b0a540 3876574470 C Ci:5:002:0 0 1 = fb
ffff8801f4b0a540 3876575676 S Ci:5:002:0 s 80 06 b504 2529 0001 1 <
ffff8801f4b0a540 3876576470 C Ci:5:002:0 0 1 = fb
ffff8801f4b0a600 3876577692 S Ci:5:002:0 s 80 06 b504 042a 0001 1 <
ffff8801f4b0a600 3876578472 C Ci:5:002:0 0 1 = fb
ffff8801f4b0a600 3876579676 S Ci:5:002:0 s 80 06 b504 242b 0001 1 <
ffff8801f4b0a600 3876580471 C Ci:5:002:0 0 1 = fb
ffff8801f4b0a600 3876581677 S Ci:5:002:0 s 80 06 b504 082c 0001 1 <
ffff8801f4b0a600 3876582471 C Ci:5:002:0 0 1 = fb
ffff8801f4b0a540 3876583680 S Ci:5:002:0 s 80 06 b504 252d 0001 1 <
ffff8801f4b0a540 3876584471 C Ci:5:002:0 0 1 = fb
ffff8801f4b0a540 3876585677 S Ci:5:002:0 s 80 06 b504 082e 0001 1 <
ffff8801f4b0a540 3876586471 C Ci:5:002:0 0 1 = fb
ffff8801f4b0a540 3876587677 S Ci:5:002:0 s 80 06 b504 242f 0001 1 <
ffff8801f4b0a540 3876588471 C Ci:5:002:0 0 1 = fb
ffff8801f4b0a540 3876589677 S Ci:5:002:0 s 80 06 b504 1030 0001 1 <
ffff8801f4b0a540 3876590471 C Ci:5:002:0 0 1 = fb
ffff8801f4b0a540 3876591679 S Ci:5:002:0 s 80 06 b504 2531 0001 1 <
ffff8801f4b0a540 3876592471 C Ci:5:002:0 0 1 = fb
ffff8801f4b0a540 3876593677 S Ci:5:002:0 s 80 06 b504 1032 0001 1 <
ffff8801f4b0a540 3876594471 C Ci:5:002:0 0 1 = fb
ffff8801f4b0a540 3876595676 S Ci:5:002:0 s 80 06 b504 2433 0001 1 <
ffff8801f4b0a540 3876596471 C Ci:5:002:0 0 1 = fb
ffff8801f4b0a540 3876597677 S Ci:5:002:0 s 80 06 b504 f634 0001 1 <
ffff8801f4b0a540 3876598471 C Ci:5:002:0 0 1 = fb
ffff8801f4b0a540 3876599676 S Ci:5:002:0 s 80 06 b504 2b35 0001 1 <
ffff8801f4b0a540 3876600472 C Ci:5:002:0 0 1 = fb
ffff8801f4b0a540 3876601675 S Ci:5:002:0 s 80 06 b504 fe36 0001 1 <
ffff8801f4b0a540 3876602472 C Ci:5:002:0 0 1 = fb
ffff8801f4b0a540 3876603676 S Ci:5:002:0 s 80 06 b504 2b37 0001 1 <
ffff8801f4b0a540 3876604471 C Ci:5:002:0 0 1 = fb
ffff8801f4b0a540 3876605676 S Ci:5:002:0 s 80 06 b504 f038 0001 1 <
ffff8801f4b0a540 3876606471 C Ci:5:002:0 0 1 = fb
ffff8801f4b0a540 3876607676 S Ci:5:002:0 s 80 06 b504 e039 0001 1 <
ffff8801f4b0a540 3876608471 C Ci:5:002:0 0 1 = fb
ffff8801f4b0a540 3876609677 S Ci:5:002:0 s 80 06 b504 fe3a 0001 1 <
ffff8801f4b0a540 3876610472 C Ci:5:002:0 0 1 = fb
ffff8801f4b0a540 3876611719 S Ci:5:002:0 s 80 06 b504 2b3b 0001 1 <
ffff8801f4b0a540 3876612472 C Ci:5:002:0 0 1 = fb
ffff8801f4b0a540 3876613676 S Ci:5:002:0 s 80 06 b504 fe3c 0001 1 <
ffff8801f4b0a540 3876614472 C Ci:5:002:0 0 1 = fb
ffff8801f4b0a540 3876615676 S Ci:5:002:0 s 80 06 b504 2b3d 0001 1 <
ffff8801f4b0a540 3876616472 C Ci:5:002:0 0 1 = fb
ffff8801f4b0a540 3876617677 S Ci:5:002:0 s 80 06 b504 fe3e 0001 1 <
ffff8801f4b0a540 3876618471 C Ci:5:002:0 0 1 = fb
ffff8801f4b0a540 3876619677 S Ci:5:002:0 s 80 06 b504 2b3f 0001 1 <
ffff8801f4b0a540 3876620471 C Ci:5:002:0 0 1 = fb
ffff8801f4b0a540 3876621675 S Ci:5:002:0 s 80 06 b500 9ac0 0001 1 <
ffff8801f4b0a540 3876623472 C Ci:5:002:0 0 1 = fb
ffff8801f4b0a540 3876625153 S Ci:5:002:0 s 80 06 b501 1ac0 0002 2 <
ffff8801f4b0a540 3876625473 C Ci:5:002:0 0 2 = fe2b
ffff8801f4b0a600 3876626682 S Ci:5:002:0 s 80 06 b501 1ac1 0002 2 <
ffff8801f4b0a600 3876627473 C Ci:5:002:0 0 2 = fe2b
ffff8801f4b0a600 3876628677 S Ci:5:002:0 s 80 06 b501 1ac2 0002 2 <
ffff8801f4b0a600 3876629473 C Ci:5:002:0 0 2 = fe2b
ffff8801f4b0a600 3876630677 S Ci:5:002:0 s 80 06 b501 1ac3 0002 2 <
ffff8801f4b0a600 3876631473 C Ci:5:002:0 0 2 = fe2b
ffff8801f4b0a600 3876632684 S Ci:5:002:0 s 80 06 b501 1ac4 0002 2 <
ffff8801f4b0a600 3876633474 C Ci:5:002:0 0 2 = fe2b
ffff8801f4b0a600 3876634677 S Ci:5:002:0 s 80 06 b501 1ac5 0002 2 <
ffff8801f4b0a600 3876635473 C Ci:5:002:0 0 2 = fe2b
ffff8801f4b0a600 3876636711 S Ci:5:002:0 s 80 06 b501 1ac6 0002 2 <
ffff8801f4b0a600 3876637473 C Ci:5:002:0 0 2 = fe2b
ffff8801f4b0a600 3876638677 S Ci:5:002:0 s 80 06 b501 1ac7 0002 2 <
ffff8801f4b0a600 3876639472 C Ci:5:002:0 0 2 = fe2b
ffff8801f4b0a600 3876640676 S Ci:5:002:0 s 80 06 b501 1ac8 0002 2 <
ffff8801f4b0a600 3876641473 C Ci:5:002:0 0 2 = fe2b
ffff8801f4b0a600 3876642676 S Ci:5:002:0 s 80 06 b501 1ac9 0002 2 <
ffff8801f4b0a600 3876643473 C Ci:5:002:0 0 2 = fe2b
ffff8801f4b0a600 3876644676 S Ci:5:002:0 s 80 06 b501 1aca 0002 2 <
ffff8801f4b0a600 3876645473 C Ci:5:002:0 0 2 = fe2b
ffff8801f4b0a600 3876646683 S Ci:5:002:0 s 80 06 b501 1acb 0002 2 <
ffff8801f4b0a600 3876647473 C Ci:5:002:0 0 2 = fe2b
ffff8801f4b0a600 3876648676 S Ci:5:002:0 s 80 06 b501 1acc 0002 2 <
ffff8801f4b0a600 3876649473 C Ci:5:002:0 0 2 = fe2b
ffff8801f4b0a540 3876650681 S Ci:5:002:0 s 80 06 b501 1acd 0002 2 <
ffff8801f4b0a540 3876651473 C Ci:5:002:0 0 2 = fe2b
ffff8801f4b0a540 3876652677 S Ci:5:002:0 s 80 06 b501 1ace 0002 2 <
ffff8801f4b0a540 3876653473 C Ci:5:002:0 0 2 = fe2b
ffff8801f4b0a540 3876654676 S Ci:5:002:0 s 80 06 b501 1acf 0002 2 <
ffff8801f4b0a540 3876655473 C Ci:5:002:0 0 2 = fe2b
ffff8801f4b0a540 3876656681 S Ci:5:002:0 s 80 06 b501 1ad0 0002 2 <
ffff8801f4b0a540 3876657474 C Ci:5:002:0 0 2 = fe2b
ffff8801f4b0a540 3876658678 S Ci:5:002:0 s 80 06 b501 1ad1 0002 2 <
ffff8801f4b0a540 3876659473 C Ci:5:002:0 0 2 = fe2b
ffff8801f4b0a540 3876660676 S Ci:5:002:0 s 80 06 b501 1ad2 0002 2 <
ffff8801f4b0a540 3876661474 C Ci:5:002:0 0 2 = 0225
ffff8801f4b0a540 3876662675 S Ci:5:002:0 s 80 06 b501 1ad3 0002 2 <
ffff8801f4b0a540 3876663474 C Ci:5:002:0 0 2 = 0224
ffff8801f4b0a540 3876664676 S Ci:5:002:0 s 80 06 b501 1ad4 0002 2 <
ffff8801f4b0a540 3876665473 C Ci:5:002:0 0 2 = 0425
ffff8801f4b0a540 3876666681 S Ci:5:002:0 s 80 06 b501 1ad5 0002 2 <
ffff8801f4b0a540 3876667474 C Ci:5:002:0 0 2 = 0424
ffff8801f4b0a540 3876668678 S Ci:5:002:0 s 80 06 b501 1ad6 0002 2 <
ffff8801f4b0a540 3876669474 C Ci:5:002:0 0 2 = 0825
ffff8801f4b0a540 3876670677 S Ci:5:002:0 s 80 06 b501 1ad7 0002 2 <
ffff8801f4b0a540 3876671474 C Ci:5:002:0 0 2 = 0824
ffff8801f4b0a540 3876672675 S Ci:5:002:0 s 80 06 b501 1ad8 0002 2 <
ffff8801f4b0a540 3876673474 C Ci:5:002:0 0 2 = 1025
ffff8801f4b0a540 3876674676 S Ci:5:002:0 s 80 06 b501 1ad9 0002 2 <
ffff8801f4b0a540 3876675473 C Ci:5:002:0 0 2 = 1024
ffff8801f4b0a540 3876676681 S Ci:5:002:0 s 80 06 b501 1ada 0002 2 <
ffff8801f4b0a540 3876677475 C Ci:5:002:0 0 2 = f62b
ffff8801f4b0a540 3876678683 S Ci:5:002:0 s 80 06 b501 1adb 0002 2 <
ffff8801f4b0a540 3876679474 C Ci:5:002:0 0 2 = fe2b
ffff8801f4b0a540 3876680676 S Ci:5:002:0 s 80 06 b501 1adc 0002 2 <
ffff8801f4b0a540 3876681474 C Ci:5:002:0 0 2 = f0e0
ffff8801f4b0a540 3876682675 S Ci:5:002:0 s 80 06 b501 1add 0002 2 <
ffff8801f4b0a540 3876683474 C Ci:5:002:0 0 2 = fe2b
ffff8801f4b0a540 3876684676 S Ci:5:002:0 s 80 06 b501 1ade 0002 2 <
ffff8801f4b0a540 3876685474 C Ci:5:002:0 0 2 = fe2b
ffff8801f4b0a540 3876686681 S Ci:5:002:0 s 80 06 b501 1adf 0002 2 <
ffff8801f4b0a540 3876687474 C Ci:5:002:0 0 2 = fe2b
ffff8801f4b0a540 3876688679 S Ci:5:002:0 s 80 06 b504 fe00 0001 1 <
ffff8801f4b0a540 3876689475 C Ci:5:002:0 0 1 = fb
ffff8801f4b0a540 3876690677 S Ci:5:002:0 s 80 06 b504 2b01 0001 1 <
ffff8801f4b0a540 3876691475 C Ci:5:002:0 0 1 = fb
ffff8801f4b0a540 3876692675 S Ci:5:002:0 s 80 06 b504 fe02 0001 1 <
ffff8801f4b0a540 3876693475 C Ci:5:002:0 0 1 = fb
ffff8801f4b0a540 3876694677 S Ci:5:002:0 s 80 06 b504 2b03 0001 1 <
ffff8801f4b0a540 3876695474 C Ci:5:002:0 0 1 = fb
ffff8801f4b0a540 3876696681 S Ci:5:002:0 s 80 06 b504 fe04 0001 1 <
ffff8801f4b0a540 3876697475 C Ci:5:002:0 0 1 = fb
ffff8801f4b0a540 3876698678 S Ci:5:002:0 s 80 06 b504 2b05 0001 1 <
ffff8801f4b0a540 3876699475 C Ci:5:002:0 0 1 = fb
ffff8801f4b0a540 3876700676 S Ci:5:002:0 s 80 06 b504 fe06 0001 1 <
ffff8801f4b0a540 3876701475 C Ci:5:002:0 0 1 = fb
ffff8801f4b0a540 3876702675 S Ci:5:002:0 s 80 06 b504 2b07 0001 1 <
ffff8801f4b0a540 3876703475 C Ci:5:002:0 0 1 = fb
ffff8801f4b0a540 3876704676 S Ci:5:002:0 s 80 06 b504 fe08 0001 1 <
ffff8801f4b0a540 3876705475 C Ci:5:002:0 0 1 = fb
ffff8801f4b0a540 3876706680 S Ci:5:002:0 s 80 06 b504 2b09 0001 1 <
ffff8801f4b0a540 3876707475 C Ci:5:002:0 0 1 = fb
ffff8801f4b0a540 3876708679 S Ci:5:002:0 s 80 06 b504 fe0a 0001 1 <
ffff8801f4b0a540 3876709475 C Ci:5:002:0 0 1 = fb
ffff8801f4b0a540 3876710677 S Ci:5:002:0 s 80 06 b504 2b0b 0001 1 <
ffff8801f4b0a540 3876711475 C Ci:5:002:0 0 1 = fb
ffff8801f4b0a540 3876712676 S Ci:5:002:0 s 80 06 b504 fe0c 0001 1 <
ffff8801f4b0a540 3876713475 C Ci:5:002:0 0 1 = fb
ffff8801f4b0a540 3876714676 S Ci:5:002:0 s 80 06 b504 2b0d 0001 1 <
ffff8801f4b0a540 3876715475 C Ci:5:002:0 0 1 = fb
ffff8801f4b0a540 3876716681 S Ci:5:002:0 s 80 06 b504 fe0e 0001 1 <
ffff8801f4b0a540 3876717475 C Ci:5:002:0 0 1 = fb
ffff8801f4b0a540 3876718715 S Ci:5:002:0 s 80 06 b504 2b0f 0001 1 <
ffff8801f4b0a540 3876719476 C Ci:5:002:0 0 1 = fb
ffff8801f4b0a540 3876720676 S Ci:5:002:0 s 80 06 b504 fe10 0001 1 <
ffff8801f4b0a540 3876721475 C Ci:5:002:0 0 1 = fb
ffff8801f4b0a540 3876722675 S Ci:5:002:0 s 80 06 b504 2b11 0001 1 <
ffff8801f4b0a540 3876723476 C Ci:5:002:0 0 1 = fb
ffff8801f4b0a540 3876724676 S Ci:5:002:0 s 80 06 b504 fe12 0001 1 <
ffff8801f4b0a540 3876725475 C Ci:5:002:0 0 1 = fb
ffff8801f4b0a600 3876726686 S Ci:5:002:0 s 80 06 b504 2b13 0001 1 <
ffff8801f4b0a600 3876727477 C Ci:5:002:0 0 1 = fb
ffff8801f4b0a600 3876728677 S Ci:5:002:0 s 80 06 b504 fe14 0001 1 <
ffff8801f4b0a600 3876729476 C Ci:5:002:0 0 1 = fb
ffff8801f4b0a600 3876730677 S Ci:5:002:0 s 80 06 b504 2b15 0001 1 <
ffff8801f4b0a600 3876731476 C Ci:5:002:0 0 1 = fb
ffff8801f4b0a600 3876732675 S Ci:5:002:0 s 80 06 b504 fe16 0001 1 <
ffff8801f4b0a600 3876733476 C Ci:5:002:0 0 1 = fb
ffff8801f4b0a600 3876734676 S Ci:5:002:0 s 80 06 b504 2b17 0001 1 <
ffff8801f4b0a600 3876735476 C Ci:5:002:0 0 1 = fb
ffff8801f4b0a600 3876736681 S Ci:5:002:0 s 80 06 b504 fe18 0001 1 <
ffff8801f4b0a600 3876737476 C Ci:5:002:0 0 1 = fb
ffff8801f4b0a600 3876738676 S Ci:5:002:0 s 80 06 b504 2b19 0001 1 <
ffff8801f4b0a600 3876739476 C Ci:5:002:0 0 1 = fb
ffff8801f4b0a600 3876740676 S Ci:5:002:0 s 80 06 b504 fe1a 0001 1 <
ffff8801f4b0a600 3876741476 C Ci:5:002:0 0 1 = fb
ffff8801f4b0a600 3876742675 S Ci:5:002:0 s 80 06 b504 2b1b 0001 1 <
ffff8801f4b0a600 3876743477 C Ci:5:002:0 0 1 = fb
ffff8801f4b0a600 3876744676 S Ci:5:002:0 s 80 06 b504 fe1c 0001 1 <
ffff8801f4b0a600 3876745476 C Ci:5:002:0 0 1 = fb
ffff8801f4b0a600 3876746681 S Ci:5:002:0 s 80 06 b504 2b1d 0001 1 <
ffff8801f4b0a600 3876747476 C Ci:5:002:0 0 1 = fb
ffff8801f4b0a600 3876748676 S Ci:5:002:0 s 80 06 b504 fe1e 0001 1 <
ffff8801f4b0a600 3876749477 C Ci:5:002:0 0 1 = fb
ffff8801f4b0a600 3876751504 S Ci:5:002:0 s 80 06 b504 2b1f 0001 1 <
ffff8801f4b0a600 3876752476 C Ci:5:002:0 0 1 = fb
ffff8801f4b0a600 3876753677 S Ci:5:002:0 s 80 06 b504 0120 0001 1 <
ffff8801f4b0a600 3876754476 C Ci:5:002:0 0 1 = fb
ffff8801f4b0a600 3876755677 S Ci:5:002:0 s 80 06 b504 2521 0001 1 <
ffff8801f4b0a600 3876756476 C Ci:5:002:0 0 1 = fb
ffff8801f4b0a600 3876757675 S Ci:5:002:0 s 80 06 b504 4022 0001 1 <
ffff8801f4b0a600 3876758476 C Ci:5:002:0 0 1 = fb
ffff8801f4b0a600 3876759679 S Ci:5:002:0 s 80 06 b504 2823 0001 1 <
ffff8801f4b0a600 3876760477 C Ci:5:002:0 0 1 = fb
ffff8801f4b0a600 3876761677 S Ci:5:002:0 s 80 06 b504 0124 0001 1 <
ffff8801f4b0a600 3876762477 C Ci:5:002:0 0 1 = fb
ffff8801f4b0a600 3876763677 S Ci:5:002:0 s 80 06 b504 2425 0001 1 <
ffff8801f4b0a600 3876764142 C Ci:5:002:0 0 1 = fb
ffff8801f4b0a600 3876765676 S Ci:5:002:0 s 80 06 b504 4026 0001 1 <
ffff8801f4b0a600 3876766478 C Ci:5:002:0 0 1 = fb
ffff8801f4b0a600 3876767675 S Ci:5:002:0 s 80 06 b504 2827 0001 1 <
ffff8801f4b0a600 3876768477 C Ci:5:002:0 0 1 = fb
ffff8801f4b0a600 3876769675 S Ci:5:002:0 s 80 06 b504 0128 0001 1 <
ffff8801f4b0a600 3876770477 C Ci:5:002:0 0 1 = fb
ffff8801f4b0a600 3876771676 S Ci:5:002:0 s 80 06 b504 2529 0001 1 <
ffff8801f4b0a600 3876772477 C Ci:5:002:0 0 1 = fb
ffff8801f4b0a600 3876773676 S Ci:5:002:0 s 80 06 b504 402a 0001 1 <
ffff8801f4b0a600 3876774477 C Ci:5:002:0 0 1 = fb
ffff8801f4b0a600 3876775676 S Ci:5:002:0 s 80 06 b504 282b 0001 1 <
ffff8801f4b0a600 3876776477 C Ci:5:002:0 0 1 = fb
ffff8801f4b0a600 3876777675 S Ci:5:002:0 s 80 06 b504 012c 0001 1 <
ffff8801f4b0a600 3876778477 C Ci:5:002:0 0 1 = fb
ffff8801f4b0a600 3876779681 S Ci:5:002:0 s 80 06 b504 242d 0001 1 <
ffff8801f4b0a600 3876780478 C Ci:5:002:0 0 1 = fb
ffff8801f4b0a600 3876781677 S Ci:5:002:0 s 80 06 b504 402e 0001 1 <
ffff8801f4b0a600 3876782478 C Ci:5:002:0 0 1 = fb
ffff8801f4b0a600 3876783676 S Ci:5:002:0 s 80 06 b504 282f 0001 1 <
ffff8801f4b0a600 3876784478 C Ci:5:002:0 0 1 = fb
ffff8801f4b0a600 3876785676 S Ci:5:002:0 s 80 06 b504 0130 0001 1 <
ffff8801f4b0a600 3876786477 C Ci:5:002:0 0 1 = fb
ffff8801f4b0a600 3876787674 S Ci:5:002:0 s 80 06 b504 2531 0001 1 <
ffff8801f4b0a600 3876788477 C Ci:5:002:0 0 1 = fb
ffff8801f4b0a600 3876789678 S Ci:5:002:0 s 80 06 b504 4032 0001 1 <
ffff8801f4b0a600 3876790478 C Ci:5:002:0 0 1 = fb
ffff8801f4b0a600 3876791679 S Ci:5:002:0 s 80 06 b504 2833 0001 1 <
ffff8801f4b0a600 3876792478 C Ci:5:002:0 0 1 = fb
ffff8801f4b0a600 3876793677 S Ci:5:002:0 s 80 06 b504 0134 0001 1 <
ffff8801f4b0a600 3876794478 C Ci:5:002:0 0 1 = fb
ffff8801f4b0a600 3876795677 S Ci:5:002:0 s 80 06 b504 2435 0001 1 <
ffff8801f4b0a600 3876796478 C Ci:5:002:0 0 1 = fb
ffff8801f4b0a600 3876797671 S Ci:5:002:0 s 80 06 b504 fd36 0001 1 <
ffff8801f4b0a600 3876798478 C Ci:5:002:0 0 1 = fb
ffff8801f4b0a600 3876799678 S Ci:5:002:0 s 80 06 b504 2b37 0001 1 <
ffff8801f4b0a600 3876800478 C Ci:5:002:0 0 1 = fb
ffff8801f4b0a600 3876801677 S Ci:5:002:0 s 80 06 b504 ff38 0001 1 <
ffff8801f4b0a600 3876802478 C Ci:5:002:0 0 1 = fb
ffff8801f4b0a600 3876803676 S Ci:5:002:0 s 80 06 b504 ff39 0001 1 <
ffff8801f4b0a600 3876804478 C Ci:5:002:0 0 1 = fb
ffff8801f4b0a600 3876805676 S Ci:5:002:0 s 80 06 b504 ff3a 0001 1 <
ffff8801f4b0a600 3876806478 C Ci:5:002:0 0 1 = fb
ffff8801f4b0a600 3876807676 S Ci:5:002:0 s 80 06 b504 ff3b 0001 1 <
ffff8801f4b0a600 3876808478 C Ci:5:002:0 0 1 = fb
ffff8801f4b0a600 3876809679 S Ci:5:002:0 s 80 06 b504 ff3c 0001 1 <
ffff8801f4b0a600 3876810479 C Ci:5:002:0 0 1 = fb
ffff8801f4b0a600 3876811677 S Ci:5:002:0 s 80 06 b504 ff3d 0001 1 <
ffff8801f4b0a600 3876812479 C Ci:5:002:0 0 1 = fb
ffff8801f4b0a600 3876813676 S Ci:5:002:0 s 80 06 b504 ff3e 0001 1 <
ffff8801f4b0a600 3876814478 C Ci:5:002:0 0 1 = fb
ffff8801f4b0a600 3876815676 S Ci:5:002:0 s 80 06 b504 ff3f 0001 1 <
ffff8801f4b0a600 3876816479 C Ci:5:002:0 0 1 = fb
ffff8801f4b0a600 3876817676 S Ci:5:002:0 s 80 06 b500 9ae0 0001 1 <
ffff8801f4b0a600 3876819478 C Ci:5:002:0 0 1 = fb
ffff8801f4b0a600 3876821087 S Ci:5:002:0 s 80 06 b501 1ae0 0002 2 <
ffff8801f4b0a600 3876821484 C Ci:5:002:0 0 2 = fe2b
ffff8801f4b0a600 3876822677 S Ci:5:002:0 s 80 06 b501 1ae1 0002 2 <
ffff8801f4b0a600 3876823479 C Ci:5:002:0 0 2 = fe2b
ffff8801f4b0a600 3876824676 S Ci:5:002:0 s 80 06 b501 1ae2 0002 2 <
ffff8801f4b0a600 3876825479 C Ci:5:002:0 0 2 = fe2b
ffff8801df479680 3876826686 S Ci:5:002:0 s 80 06 b501 1ae3 0002 2 <
ffff8801df479680 3876827480 C Ci:5:002:0 0 2 = fe2b
ffff8801df479680 3876828676 S Ci:5:002:0 s 80 06 b501 1ae4 0002 2 <
ffff8801df479680 3876829480 C Ci:5:002:0 0 2 = fe2b
ffff8801df479680 3876830676 S Ci:5:002:0 s 80 06 b501 1ae5 0002 2 <
ffff8801df479680 3876831478 C Ci:5:002:0 0 2 = fe2b
ffff8801df479680 3876832676 S Ci:5:002:0 s 80 06 b501 1ae6 0002 2 <
ffff8801df479680 3876833479 C Ci:5:002:0 0 2 = fe2b
ffff8801df479680 3876834676 S Ci:5:002:0 s 80 06 b501 1ae7 0002 2 <
ffff8801df479680 3876835479 C Ci:5:002:0 0 2 = fe2b
ffff8801f4b0a600 3876836675 S Ci:5:002:0 s 80 06 b501 1ae8 0002 2 <
ffff8801f4b0a600 3876837480 C Ci:5:002:0 0 2 = fe2b
ffff8801f4b0a600 3876838675 S Ci:5:002:0 s 80 06 b501 1ae9 0002 2 <
ffff8801f4b0a600 3876839479 C Ci:5:002:0 0 2 = fe2b
ffff8801f4b0a600 3876840676 S Ci:5:002:0 s 80 06 b501 1aea 0002 2 <
ffff8801f4b0a600 3876841480 C Ci:5:002:0 0 2 = fe2b
ffff8801f4b0a600 3876842676 S Ci:5:002:0 s 80 06 b501 1aeb 0002 2 <
ffff8801f4b0a600 3876843479 C Ci:5:002:0 0 2 = fe2b
ffff8801f4b0a600 3876844676 S Ci:5:002:0 s 80 06 b501 1aec 0002 2 <
ffff8801f4b0a600 3876845479 C Ci:5:002:0 0 2 = fe2b
ffff8801f4b0a600 3876846658 S Ci:5:002:0 s 80 06 b501 1aed 0002 2 <
ffff8801f4b0a600 3876847480 C Ci:5:002:0 0 2 = fe2b
ffff8801f4b0a600 3876848675 S Ci:5:002:0 s 80 06 b501 1aee 0002 2 <
ffff8801f4b0a600 3876849479 C Ci:5:002:0 0 2 = fe2b
ffff8801f4b0a600 3876850676 S Ci:5:002:0 s 80 06 b501 1aef 0002 2 <
ffff8801f4b0a600 3876851479 C Ci:5:002:0 0 2 = fe2b
ffff8801f4b0a600 3876852676 S Ci:5:002:0 s 80 06 b501 1af0 0002 2 <
ffff8801f4b0a600 3876853480 C Ci:5:002:0 0 2 = 0125
ffff8801f4b0a600 3876854676 S Ci:5:002:0 s 80 06 b501 1af1 0002 2 <
ffff8801f4b0a600 3876855480 C Ci:5:002:0 0 2 = 4028
ffff8801f4b0a600 3876856681 S Ci:5:002:0 s 80 06 b501 1af2 0002 2 <
ffff8801f4b0a600 3876857480 C Ci:5:002:0 0 2 = 0124
ffff8801f4b0a600 3876858675 S Ci:5:002:0 s 80 06 b501 1af3 0002 2 <
ffff8801f4b0a600 3876859480 C Ci:5:002:0 0 2 = 4028
ffff8801f4b0a600 3876860676 S Ci:5:002:0 s 80 06 b501 1af4 0002 2 <
ffff8801f4b0a600 3876861480 C Ci:5:002:0 0 2 = 0125
ffff8801f4b0a600 3876862676 S Ci:5:002:0 s 80 06 b501 1af5 0002 2 <
ffff8801f4b0a600 3876863480 C Ci:5:002:0 0 2 = 4028
ffff8801f4b0a600 3876864676 S Ci:5:002:0 s 80 06 b501 1af6 0002 2 <
ffff8801f4b0a600 3876865480 C Ci:5:002:0 0 2 = 0124
ffff8801f4b0a600 3876866682 S Ci:5:002:0 s 80 06 b501 1af7 0002 2 <
ffff8801f4b0a600 3876867481 C Ci:5:002:0 0 2 = 4028
ffff8801f4b0a600 3876868675 S Ci:5:002:0 s 80 06 b501 1af8 0002 2 <
ffff8801f4b0a600 3876869480 C Ci:5:002:0 0 2 = 0125
ffff8801f4b0a600 3876870676 S Ci:5:002:0 s 80 06 b501 1af9 0002 2 <
ffff8801f4b0a600 3876871481 C Ci:5:002:0 0 2 = 4028
ffff8801f4b0a600 3876872676 S Ci:5:002:0 s 80 06 b501 1afa 0002 2 <
ffff8801f4b0a600 3876873480 C Ci:5:002:0 0 2 = 0124
ffff8801f4b0a600 3876874676 S Ci:5:002:0 s 80 06 b501 1afb 0002 2 <
ffff8801f4b0a600 3876875480 C Ci:5:002:0 0 2 = fd2b
ffff8801f4b0a600 3876876681 S Ci:5:002:0 s 80 06 b501 1afc 0002 2 <
ffff8801f4b0a600 3876877480 C Ci:5:002:0 0 2 = ffff
ffff8801f4b0a600 3876878675 S Ci:5:002:0 s 80 06 b501 1afd 0002 2 <
ffff8801f4b0a600 3876879480 C Ci:5:002:0 0 2 = ffff
ffff8801f4b0a600 3876880680 S Ci:5:002:0 s 80 06 b501 1afe 0002 2 <
ffff8801f4b0a600 3876881482 C Ci:5:002:0 0 2 = ffff
ffff8801f4b0a600 3876882677 S Ci:5:002:0 s 80 06 b501 1aff 0002 2 <
ffff8801f4b0a600 3876883481 C Ci:5:002:0 0 2 = ffff
ffff8801f4b0a600 3876884676 S Ci:5:002:0 s 80 06 b504 a400 0001 1 <
ffff8801f4b0a600 3876885481 C Ci:5:002:0 0 1 = fb
ffff8801f4b0a600 3876886681 S Ci:5:002:0 s 80 06 b504 a401 0001 1 <
ffff8801f4b0a600 3876887481 C Ci:5:002:0 0 1 = fb
ffff8801f4b0a600 3876888677 S Ci:5:002:0 s 80 06 b500 1a03 0001 1 <
ffff8801f4b0a600 3876889481 C Ci:5:002:0 0 1 = fb
ffff8801f4b0a600 3876890680 S Ci:5:002:0 s 80 06 b501 1a03 0002 2 <
ffff8801f4b0a600 3876891481 C Ci:5:002:0 0 2 = a4a4
ffff8801f4b0a600 3876892677 S Ci:5:002:0 s 80 06 b60e 0001 0001 1 <
ffff8801f4b0a600 3876893481 C Ci:5:002:0 0 1 = fb
ffff8801f4b0a600 3876894677 S Ci:5:002:0 s 80 06 b613 0010 0001 1 <
ffff8801f4b0a600 3876895481 C Ci:5:002:0 0 1 = fb
ffff8801f4b0a600 3876896681 S Ci:5:002:0 s 80 06 b60f 0002 0001 1 <
ffff8801f4b0a600 3876897481 C Ci:5:002:0 0 1 = fb
ffff8801f4b0a600 3876898675 S Ci:5:002:0 s 80 06 bf01 0002 0001 1 <
ffff8801f4b0a600 3876899481 C Ci:5:002:0 0 1 = fb
